[0m2021.04.13 11:52:20 INFO  Started: Metals version 0.10.1 in workspace 'C:\Users\Federico\Exercism\scala\word-count' for client vscode 1.55.1.[0m
[0m2021.04.13 11:52:20 INFO  time: initialize in 0.34s[0m
[0m2021.04.13 11:52:21 WARN  Build server is not auto-connectable.[0m
[0m2021.04.13 11:54:05 WARN  no build target for: C:\Users\Federico\Exercism\scala\word-count\src\main\scala\WordCount.scala[0m
[0m2021.04.13 11:54:09 INFO  no build target: using presentation compiler with only scala-library: 2.12.13[0m
abr 13, 2021 11:54:09 AM org.eclipse.lsp4j.jsonrpc.RemoteEndpoint handleCancellation
WARNING: Unmatched cancel notification for request id 4
[0m2021.04.13 11:54:09 WARN  no build target for: C:\Users\Federico\Exercism\scala\word-count\src\test\scala\WordCountTest.scala[0m
[0m2021.04.13 11:54:10 INFO  time: code lens generation in 1.45s[0m
[0m2021.04.13 11:54:10 INFO  time: code lens generation in 5.09s[0m
abr 13, 2021 11:54:14 AM org.eclipse.lsp4j.jsonrpc.RemoteEndpoint handleCancellation
WARNING: Unmatched cancel notification for request id 15
[0m2021.04.13 11:54:14 WARN  no build target for: C:\Users\Federico\Exercism\scala\word-count\src\main\scala\WordCount.scala[0m
[0m2021.04.13 11:54:24 WARN  no build target for: C:\Users\Federico\Exercism\scala\word-count\src\main\scala\WordCount.scala[0m
[0m2021.04.13 11:54:27 WARN  no build target for: C:\Users\Federico\Exercism\scala\word-count\src\test\scala\WordCountTest.scala[0m
abr 13, 2021 11:54:35 AM org.eclipse.lsp4j.jsonrpc.RemoteEndpoint handleCancellation
WARNING: Unmatched cancel notification for request id 63
[0m2021.04.13 11:54:56 WARN  no build target for: C:\Users\Federico\Exercism\scala\word-count\src\main\scala\WordCount.scala[0m
[0m2021.04.13 11:55:57 WARN  no build target for: C:\Users\Federico\Exercism\scala\word-count\src\main\scala\WordCount.scala[0m
[0m2021.04.13 11:55:59 WARN  no build target for: C:\Users\Federico\Exercism\scala\word-count\src\main\scala\WordCount.scala[0m
abr 13, 2021 11:55:59 AM scala.meta.internal.pc.CompilerAccess handleError
SEVERE: file%3A%2F%2F%2FC%3A%2FUsers%2FFederico%2FExercism%2Fscala%2Fword-count%2Fsrc%2Fmain%2Fscala%2FWordCount.scala:5: error: identifier expected but } found
}
^
file%3A%2F%2F%2FC%3A%2FUsers%2FFederico%2FExercism%2Fscala%2Fword-count%2Fsrc%2Fmain%2Fscala%2FWordCount.scala:5: error: identifier expected but } found
}
^
	at scala.meta.internal.parsers.Reporter.syntaxError(Reporter.scala:16)
	at scala.meta.internal.parsers.Reporter.syntaxError$(Reporter.scala:16)
	at scala.meta.internal.parsers.Reporter$$anon$1.syntaxError(Reporter.scala:22)
	at scala.meta.internal.parsers.Reporter.syntaxError(Reporter.scala:17)
	at scala.meta.internal.parsers.Reporter.syntaxError$(Reporter.scala:17)
	at scala.meta.internal.parsers.Reporter$$anon$1.syntaxError(Reporter.scala:22)
	at scala.meta.internal.parsers.ScalametaParser.syntaxErrorExpected(ScalametaParser.scala:852)
	at scala.meta.internal.parsers.ScalametaParser.name(ScalametaParser.scala:1846)
	at scala.meta.internal.parsers.ScalametaParser.termName(ScalametaParser.scala:1849)
	at scala.meta.internal.parsers.ScalametaParser.$anonfun$selector$1(ScalametaParser.scala:1921)
	at scala.meta.internal.parsers.ScalametaParser.atPos(ScalametaParser.scala:817)
	at scala.meta.internal.parsers.ScalametaParser.selector(ScalametaParser.scala:1921)
	at scala.meta.internal.parsers.ScalametaParser.$anonfun$simpleExprRest$1(ScalametaParser.scala:2907)
	at scala.meta.internal.parsers.ScalametaParser.atPos(ScalametaParser.scala:817)
	at scala.meta.internal.parsers.ScalametaParser.simpleExprRest(ScalametaParser.scala:2894)
	at scala.meta.internal.parsers.ScalametaParser.$anonfun$simpleExpr0$5(ScalametaParser.scala:2840)
	at scala.util.Success.$anonfun$map$1(Try.scala:255)
	at scala.util.Success.map(Try.scala:213)
	at scala.meta.internal.parsers.ScalametaParser.$anonfun$simpleExpr0$1(ScalametaParser.scala:2840)
	at scala.meta.internal.parsers.ScalametaParser.atPosTry(ScalametaParser.scala:826)
	at scala.meta.internal.parsers.ScalametaParser.autoPosTry(ScalametaParser.scala:836)
	at scala.meta.internal.parsers.ScalametaParser.simpleExpr0(ScalametaParser.scala:2789)
	at scala.meta.internal.parsers.ScalametaParser.simpleExpr(ScalametaParser.scala:2787)
	at scala.meta.internal.parsers.ScalametaParser.prefixExpr(ScalametaParser.scala:2771)
	at scala.meta.internal.parsers.ScalametaParser.postfixExpr(ScalametaParser.scala:2751)
	at scala.meta.internal.parsers.ScalametaParser.$anonfun$expr$14(ScalametaParser.scala:2328)
	at scala.meta.internal.parsers.ScalametaParser.atPos(ScalametaParser.scala:817)
	at scala.meta.internal.parsers.ScalametaParser.autoPos(ScalametaParser.scala:833)
	at scala.meta.internal.parsers.ScalametaParser.$anonfun$expr$2(ScalametaParser.scala:2328)
	at scala.meta.internal.parsers.ScalametaParser.atPos(ScalametaParser.scala:817)
	at scala.meta.internal.parsers.ScalametaParser.autoPos(ScalametaParser.scala:833)
	at scala.meta.internal.parsers.ScalametaParser.expr(ScalametaParser.scala:2214)
	at scala.meta.internal.parsers.ScalametaParser.expr(ScalametaParser.scala:2109)
	at scala.meta.internal.parsers.ScalametaParser.exprMaybeIndented(ScalametaParser.scala:2137)
	at scala.meta.internal.parsers.ScalametaParser.$anonfun$funDefRest$1(ScalametaParser.scala:4259)
	at scala.meta.internal.parsers.ScalametaParser.atPos(ScalametaParser.scala:817)
	at scala.meta.internal.parsers.ScalametaParser.funDefRest(ScalametaParser.scala:4201)
	at scala.meta.internal.parsers.ScalametaParser.funDefOrDclOrExtensionOrSecondaryCtor(ScalametaParser.scala:4130)
	at scala.meta.internal.parsers.ScalametaParser.defOrDclOrSecondaryCtor(ScalametaParser.scala:3983)
	at scala.meta.internal.parsers.ScalametaParser.nonLocalDefOrDcl(ScalametaParser.scala:3968)
	at scala.meta.internal.parsers.ScalametaParser$$anonfun$templateStat$1$1.applyOrElse(ScalametaParser.scala:4891)
	at scala.meta.internal.parsers.ScalametaParser$$anonfun$templateStat$1$1.applyOrElse(ScalametaParser.scala:4885)
	at scala.runtime.AbstractPartialFunction.apply(AbstractPartialFunction.scala:38)
	at scala.meta.internal.parsers.ScalametaParser.statSeq(ScalametaParser.scala:4829)
	at scala.meta.internal.parsers.ScalametaParser.templateStats(ScalametaParser.scala:4901)
	at scala.meta.internal.parsers.ScalametaParser.templateStatSeq(ScalametaParser.scala:4881)
	at scala.meta.internal.parsers.ScalametaParser.$anonfun$templateBody$1(ScalametaParser.scala:4730)
	at scala.meta.internal.parsers.ScalametaParser.inBraces(ScalametaParser.scala:729)
	at scala.meta.internal.parsers.ScalametaParser.templateBody(ScalametaParser.scala:4730)
	at scala.meta.internal.parsers.ScalametaParser.templateBodyOpt(ScalametaParser.scala:4738)
	at scala.meta.internal.parsers.ScalametaParser.templateOpt(ScalametaParser.scala:4723)
	at scala.meta.internal.parsers.ScalametaParser.$anonfun$classDef$1(ScalametaParser.scala:4400)
	at scala.meta.internal.parsers.ScalametaParser.atPos(ScalametaParser.scala:817)
	at scala.meta.internal.parsers.ScalametaParser.classDef(ScalametaParser.scala:4376)
	at scala.meta.internal.parsers.ScalametaParser.tmplDef(ScalametaParser.scala:4332)
	at scala.meta.internal.parsers.ScalametaParser.topLevelTmplDef(ScalametaParser.scala:4320)
	at scala.meta.internal.parsers.ScalametaParser$$anonfun$topStat$1.applyOrElse(ScalametaParser.scala:4851)
	at scala.meta.internal.parsers.ScalametaParser$$anonfun$topStat$1.applyOrElse(ScalametaParser.scala:4839)
	at scala.runtime.AbstractPartialFunction.apply(AbstractPartialFunction.scala:38)
	at scala.meta.internal.parsers.ScalametaParser.statSeq(ScalametaParser.scala:4829)
	at scala.meta.internal.parsers.ScalametaParser.topStatSeq(ScalametaParser.scala:4838)
	at scala.meta.internal.parsers.ScalametaParser.$anonfun$batchSource$1(ScalametaParser.scala:5052)
	at scala.meta.internal.parsers.ScalametaParser.atPos(ScalametaParser.scala:817)
	at scala.meta.internal.parsers.ScalametaParser.autoPos(ScalametaParser.scala:833)
	at scala.meta.internal.parsers.ScalametaParser.batchSource(ScalametaParser.scala:5018)
	at scala.meta.internal.parsers.ScalametaParser.$anonfun$source$1(ScalametaParser.scala:5001)
	at scala.meta.internal.parsers.ScalametaParser.atPos(ScalametaParser.scala:817)
	at scala.meta.internal.parsers.ScalametaParser.autoPos(ScalametaParser.scala:833)
	at scala.meta.internal.parsers.ScalametaParser.source(ScalametaParser.scala:5000)
	at scala.meta.internal.parsers.ScalametaParser.entrypointSource(ScalametaParser.scala:5006)
	at scala.meta.internal.parsers.ScalametaParser.$anonfun$parseSource$2(ScalametaParser.scala:142)
	at scala.meta.internal.parsers.ScalametaParser.parseRule(ScalametaParser.scala:52)
	at scala.meta.internal.parsers.ScalametaParser.parseSource(ScalametaParser.scala:142)
	at scala.meta.parsers.Parse$.$anonfun$parseSource$1(Parse.scala:29)
	at scala.meta.internal.parsers.ScalametaParser$$anon$257.apply(ScalametaParser.scala:5063)
	at scala.meta.parsers.Api$XtensionParseDialectInput.parse(Api.scala:25)
	at scala.meta.internal.semanticdb.scalac.ParseOps$XtensionCompilationUnitSource.toSource(ParseOps.scala:17)
	at scala.meta.internal.semanticdb.scalac.TextDocumentOps$XtensionCompilationUnitDocument.toTextDocument(TextDocumentOps.scala:201)
	at scala.meta.internal.pc.SemanticdbTextDocumentProvider.textDocument(SemanticdbTextDocumentProvider.scala:51)

abr 13, 2021 11:56:13 AM scala.meta.internal.pc.CompilerAccess handleError
SEVERE: file%3A%2F%2F%2FC%3A%2FUsers%2FFederico%2FExercism%2Fscala%2Fword-count%2Fsrc%2Fmain%2Fscala%2FWordCount.scala:5: error: identifier expected but } found
}
^
file%3A%2F%2F%2FC%3A%2FUsers%2FFederico%2FExercism%2Fscala%2Fword-count%2Fsrc%2Fmain%2Fscala%2FWordCount.scala:5: error: identifier expected but } found
}
^
	at scala.meta.internal.parsers.Reporter.syntaxError(Reporter.scala:16)
	at scala.meta.internal.parsers.Reporter.syntaxError$(Reporter.scala:16)
	at scala.meta.internal.parsers.Reporter$$anon$1.syntaxError(Reporter.scala:22)
	at scala.meta.internal.parsers.Reporter.syntaxError(Reporter.scala:17)
	at scala.meta.internal.parsers.Reporter.syntaxError$(Reporter.scala:17)
	at scala.meta.internal.parsers.Reporter$$anon$1.syntaxError(Reporter.scala:22)
	at scala.meta.internal.parsers.ScalametaParser.syntaxErrorExpected(ScalametaParser.scala:852)
	at scala.meta.internal.parsers.ScalametaParser.name(ScalametaParser.scala:1846)
	at scala.meta.internal.parsers.ScalametaParser.termName(ScalametaParser.scala:1849)
	at scala.meta.internal.parsers.ScalametaParser.$anonfun$selector$1(ScalametaParser.scala:1921)
	at scala.meta.internal.parsers.ScalametaParser.atPos(ScalametaParser.scala:817)
	at scala.meta.internal.parsers.ScalametaParser.selector(ScalametaParser.scala:1921)
	at scala.meta.internal.parsers.ScalametaParser.$anonfun$simpleExprRest$1(ScalametaParser.scala:2907)
	at scala.meta.internal.parsers.ScalametaParser.atPos(ScalametaParser.scala:817)
	at scala.meta.internal.parsers.ScalametaParser.simpleExprRest(ScalametaParser.scala:2894)
	at scala.meta.internal.parsers.ScalametaParser.$anonfun$simpleExpr0$5(ScalametaParser.scala:2840)
	at scala.util.Success.$anonfun$map$1(Try.scala:255)
	at scala.util.Success.map(Try.scala:213)
	at scala.meta.internal.parsers.ScalametaParser.$anonfun$simpleExpr0$1(ScalametaParser.scala:2840)
	at scala.meta.internal.parsers.ScalametaParser.atPosTry(ScalametaParser.scala:826)
	at scala.meta.internal.parsers.ScalametaParser.autoPosTry(ScalametaParser.scala:836)
	at scala.meta.internal.parsers.ScalametaParser.simpleExpr0(ScalametaParser.scala:2789)
	at scala.meta.internal.parsers.ScalametaParser.simpleExpr(ScalametaParser.scala:2787)
	at scala.meta.internal.parsers.ScalametaParser.prefixExpr(ScalametaParser.scala:2771)
	at scala.meta.internal.parsers.ScalametaParser.postfixExpr(ScalametaParser.scala:2751)
	at scala.meta.internal.parsers.ScalametaParser.$anonfun$expr$14(ScalametaParser.scala:2328)
	at scala.meta.internal.parsers.ScalametaParser.atPos(ScalametaParser.scala:817)
	at scala.meta.internal.parsers.ScalametaParser.autoPos(ScalametaParser.scala:833)
	at scala.meta.internal.parsers.ScalametaParser.$anonfun$expr$2(ScalametaParser.scala:2328)
	at scala.meta.internal.parsers.ScalametaParser.atPos(ScalametaParser.scala:817)
	at scala.meta.internal.parsers.ScalametaParser.autoPos(ScalametaParser.scala:833)
	at scala.meta.internal.parsers.ScalametaParser.expr(ScalametaParser.scala:2214)
	at scala.meta.internal.parsers.ScalametaParser.expr(ScalametaParser.scala:2109)
	at scala.meta.internal.parsers.ScalametaParser.exprMaybeIndented(ScalametaParser.scala:2137)
	at scala.meta.internal.parsers.ScalametaParser.$anonfun$funDefRest$1(ScalametaParser.scala:4259)
	at scala.meta.internal.parsers.ScalametaParser.atPos(ScalametaParser.scala:817)
	at scala.meta.internal.parsers.ScalametaParser.funDefRest(ScalametaParser.scala:4201)
	at scala.meta.internal.parsers.ScalametaParser.funDefOrDclOrExtensionOrSecondaryCtor(ScalametaParser.scala:4130)
	at scala.meta.internal.parsers.ScalametaParser.defOrDclOrSecondaryCtor(ScalametaParser.scala:3983)
	at scala.meta.internal.parsers.ScalametaParser.nonLocalDefOrDcl(ScalametaParser.scala:3968)
	at scala.meta.internal.parsers.ScalametaParser$$anonfun$templateStat$1$1.applyOrElse(ScalametaParser.scala:4891)
	at scala.meta.internal.parsers.ScalametaParser$$anonfun$templateStat$1$1.applyOrElse(ScalametaParser.scala:4885)
	at scala.runtime.AbstractPartialFunction.apply(AbstractPartialFunction.scala:38)
	at scala.meta.internal.parsers.ScalametaParser.statSeq(ScalametaParser.scala:4829)
	at scala.meta.internal.parsers.ScalametaParser.templateStats(ScalametaParser.scala:4901)
	at scala.meta.internal.parsers.ScalametaParser.templateStatSeq(ScalametaParser.scala:4881)
	at scala.meta.internal.parsers.ScalametaParser.$anonfun$templateBody$1(ScalametaParser.scala:4730)
	at scala.meta.internal.parsers.ScalametaParser.inBraces(ScalametaParser.scala:729)
	at scala.meta.internal.parsers.ScalametaParser.templateBody(ScalametaParser.scala:4730)
	at scala.meta.internal.parsers.ScalametaParser.templateBodyOpt(ScalametaParser.scala:4738)
	at scala.meta.internal.parsers.ScalametaParser.templateOpt(ScalametaParser.scala:4723)
	at scala.meta.internal.parsers.ScalametaParser.$anonfun$classDef$1(ScalametaParser.scala:4400)
	at scala.meta.internal.parsers.ScalametaParser.atPos(ScalametaParser.scala:817)
	at scala.meta.internal.parsers.ScalametaParser.classDef(ScalametaParser.scala:4376)
	at scala.meta.internal.parsers.ScalametaParser.tmplDef(ScalametaParser.scala:4332)
	at scala.meta.internal.parsers.ScalametaParser.topLevelTmplDef(ScalametaParser.scala:4320)
	at scala.meta.internal.parsers.ScalametaParser$$anonfun$topStat$1.applyOrElse(ScalametaParser.scala:4851)
	at scala.meta.internal.parsers.ScalametaParser$$anonfun$topStat$1.applyOrElse(ScalametaParser.scala:4839)
	at scala.runtime.AbstractPartialFunction.apply(AbstractPartialFunction.scala:38)
	at scala.meta.internal.parsers.ScalametaParser.statSeq(ScalametaParser.scala:4829)
	at scala.meta.internal.parsers.ScalametaParser.topStatSeq(ScalametaParser.scala:4838)
	at scala.meta.internal.parsers.ScalametaParser.$anonfun$batchSource$1(ScalametaParser.scala:5052)
	at scala.meta.internal.parsers.ScalametaParser.atPos(ScalametaParser.scala:817)
	at scala.meta.internal.parsers.ScalametaParser.autoPos(ScalametaParser.scala:833)
	at scala.meta.internal.parsers.ScalametaParser.batchSource(ScalametaParser.scala:5018)
	at scala.meta.internal.parsers.ScalametaParser.$anonfun$source$1(ScalametaParser.scala:5001)
	at scala.meta.internal.parsers.ScalametaParser.atPos(ScalametaParser.scala:817)
	at scala.meta.internal.parsers.ScalametaParser.autoPos(ScalametaParser.scala:833)
	at scala.meta.internal.parsers.ScalametaParser.source(ScalametaParser.scala:5000)
	at scala.meta.internal.parsers.ScalametaParser.entrypointSource(ScalametaParser.scala:5006)
	at scala.meta.internal.parsers.ScalametaParser.$anonfun$parseSource$2(ScalametaParser.scala:142)
	at scala.meta.internal.parsers.ScalametaParser.parseRule(ScalametaParser.scala:52)
	at scala.meta.internal.parsers.ScalametaParser.parseSource(ScalametaParser.scala:142)
	at scala.meta.parsers.Parse$.$anonfun$parseSource$1(Parse.scala:29)
	at scala.meta.internal.parsers.ScalametaParser$$anon$257.apply(ScalametaParser.scala:5063)
	at scala.meta.parsers.Api$XtensionParseDialectInput.parse(Api.scala:25)
	at scala.meta.internal.semanticdb.scalac.ParseOps$XtensionCompilationUnitSource.toSource(ParseOps.scala:17)
	at scala.meta.internal.semanticdb.scalac.TextDocumentOps$XtensionCompilationUnitDocument.toTextDocument(TextDocumentOps.scala:201)
	at scala.meta.internal.pc.SemanticdbTextDocumentProvider.textDocument(SemanticdbTextDocumentProvider.scala:51)

abr 13, 2021 11:56:18 AM scala.meta.internal.pc.CompilerAccess handleError
SEVERE: file%3A%2F%2F%2FC%3A%2FUsers%2FFederico%2FExercism%2Fscala%2Fword-count%2Fsrc%2Fmain%2Fscala%2FWordCount.scala:5: error: identifier expected but } found
}
^
file%3A%2F%2F%2FC%3A%2FUsers%2FFederico%2FExercism%2Fscala%2Fword-count%2Fsrc%2Fmain%2Fscala%2FWordCount.scala:5: error: identifier expected but } found
}
^
	at scala.meta.internal.parsers.Reporter.syntaxError(Reporter.scala:16)
	at scala.meta.internal.parsers.Reporter.syntaxError$(Reporter.scala:16)
	at scala.meta.internal.parsers.Reporter$$anon$1.syntaxError(Reporter.scala:22)
	at scala.meta.internal.parsers.Reporter.syntaxError(Reporter.scala:17)
	at scala.meta.internal.parsers.Reporter.syntaxError$(Reporter.scala:17)
	at scala.meta.internal.parsers.Reporter$$anon$1.syntaxError(Reporter.scala:22)
	at scala.meta.internal.parsers.ScalametaParser.syntaxErrorExpected(ScalametaParser.scala:852)
	at scala.meta.internal.parsers.ScalametaParser.name(ScalametaParser.scala:1846)
	at scala.meta.internal.parsers.ScalametaParser.termName(ScalametaParser.scala:1849)
	at scala.meta.internal.parsers.ScalametaParser.$anonfun$selector$1(ScalametaParser.scala:1921)
	at scala.meta.internal.parsers.ScalametaParser.atPos(ScalametaParser.scala:817)
	at scala.meta.internal.parsers.ScalametaParser.selector(ScalametaParser.scala:1921)
	at scala.meta.internal.parsers.ScalametaParser.$anonfun$simpleExprRest$1(ScalametaParser.scala:2907)
	at scala.meta.internal.parsers.ScalametaParser.atPos(ScalametaParser.scala:817)
	at scala.meta.internal.parsers.ScalametaParser.simpleExprRest(ScalametaParser.scala:2894)
	at scala.meta.internal.parsers.ScalametaParser.$anonfun$simpleExpr0$5(ScalametaParser.scala:2840)
	at scala.util.Success.$anonfun$map$1(Try.scala:255)
	at scala.util.Success.map(Try.scala:213)
	at scala.meta.internal.parsers.ScalametaParser.$anonfun$simpleExpr0$1(ScalametaParser.scala:2840)
	at scala.meta.internal.parsers.ScalametaParser.atPosTry(ScalametaParser.scala:826)
	at scala.meta.internal.parsers.ScalametaParser.autoPosTry(ScalametaParser.scala:836)
	at scala.meta.internal.parsers.ScalametaParser.simpleExpr0(ScalametaParser.scala:2789)
	at scala.meta.internal.parsers.ScalametaParser.simpleExpr(ScalametaParser.scala:2787)
	at scala.meta.internal.parsers.ScalametaParser.prefixExpr(ScalametaParser.scala:2771)
	at scala.meta.internal.parsers.ScalametaParser.postfixExpr(ScalametaParser.scala:2751)
	at scala.meta.internal.parsers.ScalametaParser.$anonfun$expr$14(ScalametaParser.scala:2328)
	at scala.meta.internal.parsers.ScalametaParser.atPos(ScalametaParser.scala:817)
	at scala.meta.internal.parsers.ScalametaParser.autoPos(ScalametaParser.scala:833)
	at scala.meta.internal.parsers.ScalametaParser.$anonfun$expr$2(ScalametaParser.scala:2328)
	at scala.meta.internal.parsers.ScalametaParser.atPos(ScalametaParser.scala:817)
	at scala.meta.internal.parsers.ScalametaParser.autoPos(ScalametaParser.scala:833)
	at scala.meta.internal.parsers.ScalametaParser.expr(ScalametaParser.scala:2214)
	at scala.meta.internal.parsers.ScalametaParser.expr(ScalametaParser.scala:2109)
	at scala.meta.internal.parsers.ScalametaParser.exprMaybeIndented(ScalametaParser.scala:2137)
	at scala.meta.internal.parsers.ScalametaParser.$anonfun$funDefRest$1(ScalametaParser.scala:4259)
	at scala.meta.internal.parsers.ScalametaParser.atPos(ScalametaParser.scala:817)
	at scala.meta.internal.parsers.ScalametaParser.funDefRest(ScalametaParser.scala:4201)
	at scala.meta.internal.parsers.ScalametaParser.funDefOrDclOrExtensionOrSecondaryCtor(ScalametaParser.scala:4130)
	at scala.meta.internal.parsers.ScalametaParser.defOrDclOrSecondaryCtor(ScalametaParser.scala:3983)
	at scala.meta.internal.parsers.ScalametaParser.nonLocalDefOrDcl(ScalametaParser.scala:3968)
	at scala.meta.internal.parsers.ScalametaParser$$anonfun$templateStat$1$1.applyOrElse(ScalametaParser.scala:4891)
	at scala.meta.internal.parsers.ScalametaParser$$anonfun$templateStat$1$1.applyOrElse(ScalametaParser.scala:4885)
	at scala.runtime.AbstractPartialFunction.apply(AbstractPartialFunction.scala:38)
	at scala.meta.internal.parsers.ScalametaParser.statSeq(ScalametaParser.scala:4829)
	at scala.meta.internal.parsers.ScalametaParser.templateStats(ScalametaParser.scala:4901)
	at scala.meta.internal.parsers.ScalametaParser.templateStatSeq(ScalametaParser.scala:4881)
	at scala.meta.internal.parsers.ScalametaParser.$anonfun$templateBody$1(ScalametaParser.scala:4730)
	at scala.meta.internal.parsers.ScalametaParser.inBraces(ScalametaParser.scala:729)
	at scala.meta.internal.parsers.ScalametaParser.templateBody(ScalametaParser.scala:4730)
	at scala.meta.internal.parsers.ScalametaParser.templateBodyOpt(ScalametaParser.scala:4738)
	at scala.meta.internal.parsers.ScalametaParser.templateOpt(ScalametaParser.scala:4723)
	at scala.meta.internal.parsers.ScalametaParser.$anonfun$classDef$1(ScalametaParser.scala:4400)
	at scala.meta.internal.parsers.ScalametaParser.atPos(ScalametaParser.scala:817)
	at scala.meta.internal.parsers.ScalametaParser.classDef(ScalametaParser.scala:4376)
	at scala.meta.internal.parsers.ScalametaParser.tmplDef(ScalametaParser.scala:4332)
	at scala.meta.internal.parsers.ScalametaParser.topLevelTmplDef(ScalametaParser.scala:4320)
	at scala.meta.internal.parsers.ScalametaParser$$anonfun$topStat$1.applyOrElse(ScalametaParser.scala:4851)
	at scala.meta.internal.parsers.ScalametaParser$$anonfun$topStat$1.applyOrElse(ScalametaParser.scala:4839)
	at scala.runtime.AbstractPartialFunction.apply(AbstractPartialFunction.scala:38)
	at scala.meta.internal.parsers.ScalametaParser.statSeq(ScalametaParser.scala:4829)
	at scala.meta.internal.parsers.ScalametaParser.topStatSeq(ScalametaParser.scala:4838)
	at scala.meta.internal.parsers.ScalametaParser.$anonfun$batchSource$1(ScalametaParser.scala:5052)
	at scala.meta.internal.parsers.ScalametaParser.atPos(ScalametaParser.scala:817)
	at scala.meta.internal.parsers.ScalametaParser.autoPos(ScalametaParser.scala:833)
	at scala.meta.internal.parsers.ScalametaParser.batchSource(ScalametaParser.scala:5018)
	at scala.meta.internal.parsers.ScalametaParser.$anonfun$source$1(ScalametaParser.scala:5001)
	at scala.meta.internal.parsers.ScalametaParser.atPos(ScalametaParser.scala:817)
	at scala.meta.internal.parsers.ScalametaParser.autoPos(ScalametaParser.scala:833)
	at scala.meta.internal.parsers.ScalametaParser.source(ScalametaParser.scala:5000)
	at scala.meta.internal.parsers.ScalametaParser.entrypointSource(ScalametaParser.scala:5006)
	at scala.meta.internal.parsers.ScalametaParser.$anonfun$parseSource$2(ScalametaParser.scala:142)
	at scala.meta.internal.parsers.ScalametaParser.parseRule(ScalametaParser.scala:52)
	at scala.meta.internal.parsers.ScalametaParser.parseSource(ScalametaParser.scala:142)
	at scala.meta.parsers.Parse$.$anonfun$parseSource$1(Parse.scala:29)
	at scala.meta.internal.parsers.ScalametaParser$$anon$257.apply(ScalametaParser.scala:5063)
	at scala.meta.parsers.Api$XtensionParseDialectInput.parse(Api.scala:25)
	at scala.meta.internal.semanticdb.scalac.ParseOps$XtensionCompilationUnitSource.toSource(ParseOps.scala:17)
	at scala.meta.internal.semanticdb.scalac.TextDocumentOps$XtensionCompilationUnitDocument.toTextDocument(TextDocumentOps.scala:201)
	at scala.meta.internal.pc.SemanticdbTextDocumentProvider.textDocument(SemanticdbTextDocumentProvider.scala:51)

[0m2021.04.13 11:56:18 WARN  no build target for: C:\Users\Federico\Exercism\scala\word-count\src\main\scala\WordCount.scala[0m
abr 13, 2021 11:56:18 AM scala.meta.internal.pc.CompilerAccess handleError
SEVERE: file%3A%2F%2F%2FC%3A%2FUsers%2FFederico%2FExercism%2Fscala%2Fword-count%2Fsrc%2Fmain%2Fscala%2FWordCount.scala:4: error: identifier expected but } found
}
^
file%3A%2F%2F%2FC%3A%2FUsers%2FFederico%2FExercism%2Fscala%2Fword-count%2Fsrc%2Fmain%2Fscala%2FWordCount.scala:4: error: identifier expected but } found
}
^
	at scala.meta.internal.parsers.Reporter.syntaxError(Reporter.scala:16)
	at scala.meta.internal.parsers.Reporter.syntaxError$(Reporter.scala:16)
	at scala.meta.internal.parsers.Reporter$$anon$1.syntaxError(Reporter.scala:22)
	at scala.meta.internal.parsers.Reporter.syntaxError(Reporter.scala:17)
	at scala.meta.internal.parsers.Reporter.syntaxError$(Reporter.scala:17)
	at scala.meta.internal.parsers.Reporter$$anon$1.syntaxError(Reporter.scala:22)
	at scala.meta.internal.parsers.ScalametaParser.syntaxErrorExpected(ScalametaParser.scala:852)
	at scala.meta.internal.parsers.ScalametaParser.name(ScalametaParser.scala:1846)
	at scala.meta.internal.parsers.ScalametaParser.termName(ScalametaParser.scala:1849)
	at scala.meta.internal.parsers.ScalametaParser.$anonfun$selector$1(ScalametaParser.scala:1921)
	at scala.meta.internal.parsers.ScalametaParser.atPos(ScalametaParser.scala:817)
	at scala.meta.internal.parsers.ScalametaParser.selector(ScalametaParser.scala:1921)
	at scala.meta.internal.parsers.ScalametaParser.$anonfun$simpleExprRest$1(ScalametaParser.scala:2907)
	at scala.meta.internal.parsers.ScalametaParser.atPos(ScalametaParser.scala:817)
	at scala.meta.internal.parsers.ScalametaParser.simpleExprRest(ScalametaParser.scala:2894)
	at scala.meta.internal.parsers.ScalametaParser.$anonfun$simpleExpr0$5(ScalametaParser.scala:2840)
	at scala.util.Success.$anonfun$map$1(Try.scala:255)
	at scala.util.Success.map(Try.scala:213)
	at scala.meta.internal.parsers.ScalametaParser.$anonfun$simpleExpr0$1(ScalametaParser.scala:2840)
	at scala.meta.internal.parsers.ScalametaParser.atPosTry(ScalametaParser.scala:826)
	at scala.meta.internal.parsers.ScalametaParser.autoPosTry(ScalametaParser.scala:836)
	at scala.meta.internal.parsers.ScalametaParser.simpleExpr0(ScalametaParser.scala:2789)
	at scala.meta.internal.parsers.ScalametaParser.simpleExpr(ScalametaParser.scala:2787)
	at scala.meta.internal.parsers.ScalametaParser.prefixExpr(ScalametaParser.scala:2771)
	at scala.meta.internal.parsers.ScalametaParser.postfixExpr(ScalametaParser.scala:2751)
	at scala.meta.internal.parsers.ScalametaParser.$anonfun$expr$14(ScalametaParser.scala:2328)
	at scala.meta.internal.parsers.ScalametaParser.atPos(ScalametaParser.scala:817)
	at scala.meta.internal.parsers.ScalametaParser.autoPos(ScalametaParser.scala:833)
	at scala.meta.internal.parsers.ScalametaParser.$anonfun$expr$2(ScalametaParser.scala:2328)
	at scala.meta.internal.parsers.ScalametaParser.atPos(ScalametaParser.scala:817)
	at scala.meta.internal.parsers.ScalametaParser.autoPos(ScalametaParser.scala:833)
	at scala.meta.internal.parsers.ScalametaParser.expr(ScalametaParser.scala:2214)
	at scala.meta.internal.parsers.ScalametaParser.expr(ScalametaParser.scala:2109)
	at scala.meta.internal.parsers.ScalametaParser.exprMaybeIndented(ScalametaParser.scala:2137)
	at scala.meta.internal.parsers.ScalametaParser.$anonfun$funDefRest$1(ScalametaParser.scala:4259)
	at scala.meta.internal.parsers.ScalametaParser.atPos(ScalametaParser.scala:817)
	at scala.meta.internal.parsers.ScalametaParser.funDefRest(ScalametaParser.scala:4201)
	at scala.meta.internal.parsers.ScalametaParser.funDefOrDclOrExtensionOrSecondaryCtor(ScalametaParser.scala:4130)
	at scala.meta.internal.parsers.ScalametaParser.defOrDclOrSecondaryCtor(ScalametaParser.scala:3983)
	at scala.meta.internal.parsers.ScalametaParser.nonLocalDefOrDcl(ScalametaParser.scala:3968)
	at scala.meta.internal.parsers.ScalametaParser$$anonfun$templateStat$1$1.applyOrElse(ScalametaParser.scala:4891)
	at scala.meta.internal.parsers.ScalametaParser$$anonfun$templateStat$1$1.applyOrElse(ScalametaParser.scala:4885)
	at scala.runtime.AbstractPartialFunction.apply(AbstractPartialFunction.scala:38)
	at scala.meta.internal.parsers.ScalametaParser.statSeq(ScalametaParser.scala:4829)
	at scala.meta.internal.parsers.ScalametaParser.templateStats(ScalametaParser.scala:4901)
	at scala.meta.internal.parsers.ScalametaParser.templateStatSeq(ScalametaParser.scala:4881)
	at scala.meta.internal.parsers.ScalametaParser.$anonfun$templateBody$1(ScalametaParser.scala:4730)
	at scala.meta.internal.parsers.ScalametaParser.inBraces(ScalametaParser.scala:729)
	at scala.meta.internal.parsers.ScalametaParser.templateBody(ScalametaParser.scala:4730)
	at scala.meta.internal.parsers.ScalametaParser.templateBodyOpt(ScalametaParser.scala:4738)
	at scala.meta.internal.parsers.ScalametaParser.templateOpt(ScalametaParser.scala:4723)
	at scala.meta.internal.parsers.ScalametaParser.$anonfun$classDef$1(ScalametaParser.scala:4400)
	at scala.meta.internal.parsers.ScalametaParser.atPos(ScalametaParser.scala:817)
	at scala.meta.internal.parsers.ScalametaParser.classDef(ScalametaParser.scala:4376)
	at scala.meta.internal.parsers.ScalametaParser.tmplDef(ScalametaParser.scala:4332)
	at scala.meta.internal.parsers.ScalametaParser.topLevelTmplDef(ScalametaParser.scala:4320)
	at scala.meta.internal.parsers.ScalametaParser$$anonfun$topStat$1.applyOrElse(ScalametaParser.scala:4851)
	at scala.meta.internal.parsers.ScalametaParser$$anonfun$topStat$1.applyOrElse(ScalametaParser.scala:4839)
	at scala.runtime.AbstractPartialFunction.apply(AbstractPartialFunction.scala:38)
	at scala.meta.internal.parsers.ScalametaParser.statSeq(ScalametaParser.scala:4829)
	at scala.meta.internal.parsers.ScalametaParser.topStatSeq(ScalametaParser.scala:4838)
	at scala.meta.internal.parsers.ScalametaParser.$anonfun$batchSource$1(ScalametaParser.scala:5052)
	at scala.meta.internal.parsers.ScalametaParser.atPos(ScalametaParser.scala:817)
	at scala.meta.internal.parsers.ScalametaParser.autoPos(ScalametaParser.scala:833)
	at scala.meta.internal.parsers.ScalametaParser.batchSource(ScalametaParser.scala:5018)
	at scala.meta.internal.parsers.ScalametaParser.$anonfun$source$1(ScalametaParser.scala:5001)
	at scala.meta.internal.parsers.ScalametaParser.atPos(ScalametaParser.scala:817)
	at scala.meta.internal.parsers.ScalametaParser.autoPos(ScalametaParser.scala:833)
	at scala.meta.internal.parsers.ScalametaParser.source(ScalametaParser.scala:5000)
	at scala.meta.internal.parsers.ScalametaParser.entrypointSource(ScalametaParser.scala:5006)
	at scala.meta.internal.parsers.ScalametaParser.$anonfun$parseSource$2(ScalametaParser.scala:142)
	at scala.meta.internal.parsers.ScalametaParser.parseRule(ScalametaParser.scala:52)
	at scala.meta.internal.parsers.ScalametaParser.parseSource(ScalametaParser.scala:142)
	at scala.meta.parsers.Parse$.$anonfun$parseSource$1(Parse.scala:29)
	at scala.meta.internal.parsers.ScalametaParser$$anon$257.apply(ScalametaParser.scala:5063)
	at scala.meta.parsers.Api$XtensionParseDialectInput.parse(Api.scala:25)
	at scala.meta.internal.semanticdb.scalac.ParseOps$XtensionCompilationUnitSource.toSource(ParseOps.scala:17)
	at scala.meta.internal.semanticdb.scalac.TextDocumentOps$XtensionCompilationUnitDocument.toTextDocument(TextDocumentOps.scala:201)
	at scala.meta.internal.pc.SemanticdbTextDocumentProvider.textDocument(SemanticdbTextDocumentProvider.scala:51)

[0m2021.04.13 11:56:20 WARN  no build target for: C:\Users\Federico\Exercism\scala\word-count\src\main\scala\WordCount.scala[0m
abr 13, 2021 11:56:20 AM scala.meta.internal.pc.CompilerAccess handleError
SEVERE: file%3A%2F%2F%2FC%3A%2FUsers%2FFederico%2FExercism%2Fscala%2Fword-count%2Fsrc%2Fmain%2Fscala%2FWordCount.scala:4: error: identifier expected but } found
}
^
file%3A%2F%2F%2FC%3A%2FUsers%2FFederico%2FExercism%2Fscala%2Fword-count%2Fsrc%2Fmain%2Fscala%2FWordCount.scala:4: error: identifier expected but } found
}
^
	at scala.meta.internal.parsers.Reporter.syntaxError(Reporter.scala:16)
	at scala.meta.internal.parsers.Reporter.syntaxError$(Reporter.scala:16)
	at scala.meta.internal.parsers.Reporter$$anon$1.syntaxError(Reporter.scala:22)
	at scala.meta.internal.parsers.Reporter.syntaxError(Reporter.scala:17)
	at scala.meta.internal.parsers.Reporter.syntaxError$(Reporter.scala:17)
	at scala.meta.internal.parsers.Reporter$$anon$1.syntaxError(Reporter.scala:22)
	at scala.meta.internal.parsers.ScalametaParser.syntaxErrorExpected(ScalametaParser.scala:852)
	at scala.meta.internal.parsers.ScalametaParser.name(ScalametaParser.scala:1846)
	at scala.meta.internal.parsers.ScalametaParser.termName(ScalametaParser.scala:1849)
	at scala.meta.internal.parsers.ScalametaParser.$anonfun$selector$1(ScalametaParser.scala:1921)
	at scala.meta.internal.parsers.ScalametaParser.atPos(ScalametaParser.scala:817)
	at scala.meta.internal.parsers.ScalametaParser.selector(ScalametaParser.scala:1921)
	at scala.meta.internal.parsers.ScalametaParser.$anonfun$simpleExprRest$1(ScalametaParser.scala:2907)
	at scala.meta.internal.parsers.ScalametaParser.atPos(ScalametaParser.scala:817)
	at scala.meta.internal.parsers.ScalametaParser.simpleExprRest(ScalametaParser.scala:2894)
	at scala.meta.internal.parsers.ScalametaParser.$anonfun$simpleExpr0$5(ScalametaParser.scala:2840)
	at scala.util.Success.$anonfun$map$1(Try.scala:255)
	at scala.util.Success.map(Try.scala:213)
	at scala.meta.internal.parsers.ScalametaParser.$anonfun$simpleExpr0$1(ScalametaParser.scala:2840)
	at scala.meta.internal.parsers.ScalametaParser.atPosTry(ScalametaParser.scala:826)
	at scala.meta.internal.parsers.ScalametaParser.autoPosTry(ScalametaParser.scala:836)
	at scala.meta.internal.parsers.ScalametaParser.simpleExpr0(ScalametaParser.scala:2789)
	at scala.meta.internal.parsers.ScalametaParser.simpleExpr(ScalametaParser.scala:2787)
	at scala.meta.internal.parsers.ScalametaParser.prefixExpr(ScalametaParser.scala:2771)
	at scala.meta.internal.parsers.ScalametaParser.postfixExpr(ScalametaParser.scala:2751)
	at scala.meta.internal.parsers.ScalametaParser.$anonfun$expr$14(ScalametaParser.scala:2328)
	at scala.meta.internal.parsers.ScalametaParser.atPos(ScalametaParser.scala:817)
	at scala.meta.internal.parsers.ScalametaParser.autoPos(ScalametaParser.scala:833)
	at scala.meta.internal.parsers.ScalametaParser.$anonfun$expr$2(ScalametaParser.scala:2328)
	at scala.meta.internal.parsers.ScalametaParser.atPos(ScalametaParser.scala:817)
	at scala.meta.internal.parsers.ScalametaParser.autoPos(ScalametaParser.scala:833)
	at scala.meta.internal.parsers.ScalametaParser.expr(ScalametaParser.scala:2214)
	at scala.meta.internal.parsers.ScalametaParser.expr(ScalametaParser.scala:2109)
	at scala.meta.internal.parsers.ScalametaParser.exprMaybeIndented(ScalametaParser.scala:2137)
	at scala.meta.internal.parsers.ScalametaParser.$anonfun$funDefRest$1(ScalametaParser.scala:4259)
	at scala.meta.internal.parsers.ScalametaParser.atPos(ScalametaParser.scala:817)
	at scala.meta.internal.parsers.ScalametaParser.funDefRest(ScalametaParser.scala:4201)
	at scala.meta.internal.parsers.ScalametaParser.funDefOrDclOrExtensionOrSecondaryCtor(ScalametaParser.scala:4130)
	at scala.meta.internal.parsers.ScalametaParser.defOrDclOrSecondaryCtor(ScalametaParser.scala:3983)
	at scala.meta.internal.parsers.ScalametaParser.nonLocalDefOrDcl(ScalametaParser.scala:3968)
	at scala.meta.internal.parsers.ScalametaParser$$anonfun$templateStat$1$1.applyOrElse(ScalametaParser.scala:4891)
	at scala.meta.internal.parsers.ScalametaParser$$anonfun$templateStat$1$1.applyOrElse(ScalametaParser.scala:4885)
	at scala.runtime.AbstractPartialFunction.apply(AbstractPartialFunction.scala:38)
	at scala.meta.internal.parsers.ScalametaParser.statSeq(ScalametaParser.scala:4829)
	at scala.meta.internal.parsers.ScalametaParser.templateStats(ScalametaParser.scala:4901)
	at scala.meta.internal.parsers.ScalametaParser.templateStatSeq(ScalametaParser.scala:4881)
	at scala.meta.internal.parsers.ScalametaParser.$anonfun$templateBody$1(ScalametaParser.scala:4730)
	at scala.meta.internal.parsers.ScalametaParser.inBraces(ScalametaParser.scala:729)
	at scala.meta.internal.parsers.ScalametaParser.templateBody(ScalametaParser.scala:4730)
	at scala.meta.internal.parsers.ScalametaParser.templateBodyOpt(ScalametaParser.scala:4738)
	at scala.meta.internal.parsers.ScalametaParser.templateOpt(ScalametaParser.scala:4723)
	at scala.meta.internal.parsers.ScalametaParser.$anonfun$classDef$1(ScalametaParser.scala:4400)
	at scala.meta.internal.parsers.ScalametaParser.atPos(ScalametaParser.scala:817)
	at scala.meta.internal.parsers.ScalametaParser.classDef(ScalametaParser.scala:4376)
	at scala.meta.internal.parsers.ScalametaParser.tmplDef(ScalametaParser.scala:4332)
	at scala.meta.internal.parsers.ScalametaParser.topLevelTmplDef(ScalametaParser.scala:4320)
	at scala.meta.internal.parsers.ScalametaParser$$anonfun$topStat$1.applyOrElse(ScalametaParser.scala:4851)
	at scala.meta.internal.parsers.ScalametaParser$$anonfun$topStat$1.applyOrElse(ScalametaParser.scala:4839)
	at scala.runtime.AbstractPartialFunction.apply(AbstractPartialFunction.scala:38)
	at scala.meta.internal.parsers.ScalametaParser.statSeq(ScalametaParser.scala:4829)
	at scala.meta.internal.parsers.ScalametaParser.topStatSeq(ScalametaParser.scala:4838)
	at scala.meta.internal.parsers.ScalametaParser.$anonfun$batchSource$1(ScalametaParser.scala:5052)
	at scala.meta.internal.parsers.ScalametaParser.atPos(ScalametaParser.scala:817)
	at scala.meta.internal.parsers.ScalametaParser.autoPos(ScalametaParser.scala:833)
	at scala.meta.internal.parsers.ScalametaParser.batchSource(ScalametaParser.scala:5018)
	at scala.meta.internal.parsers.ScalametaParser.$anonfun$source$1(ScalametaParser.scala:5001)
	at scala.meta.internal.parsers.ScalametaParser.atPos(ScalametaParser.scala:817)
	at scala.meta.internal.parsers.ScalametaParser.autoPos(ScalametaParser.scala:833)
	at scala.meta.internal.parsers.ScalametaParser.source(ScalametaParser.scala:5000)
	at scala.meta.internal.parsers.ScalametaParser.entrypointSource(ScalametaParser.scala:5006)
	at scala.meta.internal.parsers.ScalametaParser.$anonfun$parseSource$2(ScalametaParser.scala:142)
	at scala.meta.internal.parsers.ScalametaParser.parseRule(ScalametaParser.scala:52)
	at scala.meta.internal.parsers.ScalametaParser.parseSource(ScalametaParser.scala:142)
	at scala.meta.parsers.Parse$.$anonfun$parseSource$1(Parse.scala:29)
	at scala.meta.internal.parsers.ScalametaParser$$anon$257.apply(ScalametaParser.scala:5063)
	at scala.meta.parsers.Api$XtensionParseDialectInput.parse(Api.scala:25)
	at scala.meta.internal.semanticdb.scalac.ParseOps$XtensionCompilationUnitSource.toSource(ParseOps.scala:17)
	at scala.meta.internal.semanticdb.scalac.TextDocumentOps$XtensionCompilationUnitDocument.toTextDocument(TextDocumentOps.scala:201)
	at scala.meta.internal.pc.SemanticdbTextDocumentProvider.textDocument(SemanticdbTextDocumentProvider.scala:51)

abr 13, 2021 11:56:20 AM scala.meta.internal.pc.CompilerAccess handleError
SEVERE: file%3A%2F%2F%2FC%3A%2FUsers%2FFederico%2FExercism%2Fscala%2Fword-count%2Fsrc%2Fmain%2Fscala%2FWordCount.scala:5: error: identifier expected but } found
}
^
file%3A%2F%2F%2FC%3A%2FUsers%2FFederico%2FExercism%2Fscala%2Fword-count%2Fsrc%2Fmain%2Fscala%2FWordCount.scala:5: error: identifier expected but } found
}
^
	at scala.meta.internal.parsers.Reporter.syntaxError(Reporter.scala:16)
	at scala.meta.internal.parsers.Reporter.syntaxError$(Reporter.scala:16)
	at scala.meta.internal.parsers.Reporter$$anon$1.syntaxError(Reporter.scala:22)
	at scala.meta.internal.parsers.Reporter.syntaxError(Reporter.scala:17)
	at scala.meta.internal.parsers.Reporter.syntaxError$(Reporter.scala:17)
	at scala.meta.internal.parsers.Reporter$$anon$1.syntaxError(Reporter.scala:22)
	at scala.meta.internal.parsers.ScalametaParser.syntaxErrorExpected(ScalametaParser.scala:852)
	at scala.meta.internal.parsers.ScalametaParser.name(ScalametaParser.scala:1846)
	at scala.meta.internal.parsers.ScalametaParser.termName(ScalametaParser.scala:1849)
	at scala.meta.internal.parsers.ScalametaParser.$anonfun$selector$1(ScalametaParser.scala:1921)
	at scala.meta.internal.parsers.ScalametaParser.atPos(ScalametaParser.scala:817)
	at scala.meta.internal.parsers.ScalametaParser.selector(ScalametaParser.scala:1921)
	at scala.meta.internal.parsers.ScalametaParser.$anonfun$simpleExprRest$1(ScalametaParser.scala:2907)
	at scala.meta.internal.parsers.ScalametaParser.atPos(ScalametaParser.scala:817)
	at scala.meta.internal.parsers.ScalametaParser.simpleExprRest(ScalametaParser.scala:2894)
	at scala.meta.internal.parsers.ScalametaParser.$anonfun$simpleExpr0$5(ScalametaParser.scala:2840)
	at scala.util.Success.$anonfun$map$1(Try.scala:255)
	at scala.util.Success.map(Try.scala:213)
	at scala.meta.internal.parsers.ScalametaParser.$anonfun$simpleExpr0$1(ScalametaParser.scala:2840)
	at scala.meta.internal.parsers.ScalametaParser.atPosTry(ScalametaParser.scala:826)
	at scala.meta.internal.parsers.ScalametaParser.autoPosTry(ScalametaParser.scala:836)
	at scala.meta.internal.parsers.ScalametaParser.simpleExpr0(ScalametaParser.scala:2789)
	at scala.meta.internal.parsers.ScalametaParser.simpleExpr(ScalametaParser.scala:2787)
	at scala.meta.internal.parsers.ScalametaParser.prefixExpr(ScalametaParser.scala:2771)
	at scala.meta.internal.parsers.ScalametaParser.postfixExpr(ScalametaParser.scala:2751)
	at scala.meta.internal.parsers.ScalametaParser.$anonfun$expr$14(ScalametaParser.scala:2328)
	at scala.meta.internal.parsers.ScalametaParser.atPos(ScalametaParser.scala:817)
	at scala.meta.internal.parsers.ScalametaParser.autoPos(ScalametaParser.scala:833)
	at scala.meta.internal.parsers.ScalametaParser.$anonfun$expr$2(ScalametaParser.scala:2328)
	at scala.meta.internal.parsers.ScalametaParser.atPos(ScalametaParser.scala:817)
	at scala.meta.internal.parsers.ScalametaParser.autoPos(ScalametaParser.scala:833)
	at scala.meta.internal.parsers.ScalametaParser.expr(ScalametaParser.scala:2214)
	at scala.meta.internal.parsers.ScalametaParser.expr(ScalametaParser.scala:2109)
	at scala.meta.internal.parsers.ScalametaParser.exprMaybeIndented(ScalametaParser.scala:2137)
	at scala.meta.internal.parsers.ScalametaParser.$anonfun$funDefRest$1(ScalametaParser.scala:4259)
	at scala.meta.internal.parsers.ScalametaParser.atPos(ScalametaParser.scala:817)
	at scala.meta.internal.parsers.ScalametaParser.funDefRest(ScalametaParser.scala:4201)
	at scala.meta.internal.parsers.ScalametaParser.funDefOrDclOrExtensionOrSecondaryCtor(ScalametaParser.scala:4130)
	at scala.meta.internal.parsers.ScalametaParser.defOrDclOrSecondaryCtor(ScalametaParser.scala:3983)
	at scala.meta.internal.parsers.ScalametaParser.nonLocalDefOrDcl(ScalametaParser.scala:3968)
	at scala.meta.internal.parsers.ScalametaParser$$anonfun$templateStat$1$1.applyOrElse(ScalametaParser.scala:4891)
	at scala.meta.internal.parsers.ScalametaParser$$anonfun$templateStat$1$1.applyOrElse(ScalametaParser.scala:4885)
	at scala.runtime.AbstractPartialFunction.apply(AbstractPartialFunction.scala:38)
	at scala.meta.internal.parsers.ScalametaParser.statSeq(ScalametaParser.scala:4829)
	at scala.meta.internal.parsers.ScalametaParser.templateStats(ScalametaParser.scala:4901)
	at scala.meta.internal.parsers.ScalametaParser.templateStatSeq(ScalametaParser.scala:4881)
	at scala.meta.internal.parsers.ScalametaParser.$anonfun$templateBody$1(ScalametaParser.scala:4730)
	at scala.meta.internal.parsers.ScalametaParser.inBraces(ScalametaParser.scala:729)
	at scala.meta.internal.parsers.ScalametaParser.templateBody(ScalametaParser.scala:4730)
	at scala.meta.internal.parsers.ScalametaParser.templateBodyOpt(ScalametaParser.scala:4738)
	at scala.meta.internal.parsers.ScalametaParser.templateOpt(ScalametaParser.scala:4723)
	at scala.meta.internal.parsers.ScalametaParser.$anonfun$classDef$1(ScalametaParser.scala:4400)
	at scala.meta.internal.parsers.ScalametaParser.atPos(ScalametaParser.scala:817)
	at scala.meta.internal.parsers.ScalametaParser.classDef(ScalametaParser.scala:4376)
	at scala.meta.internal.parsers.ScalametaParser.tmplDef(ScalametaParser.scala:4332)
	at scala.meta.internal.parsers.ScalametaParser.topLevelTmplDef(ScalametaParser.scala:4320)
	at scala.meta.internal.parsers.ScalametaParser$$anonfun$topStat$1.applyOrElse(ScalametaParser.scala:4851)
	at scala.meta.internal.parsers.ScalametaParser$$anonfun$topStat$1.applyOrElse(ScalametaParser.scala:4839)
	at scala.runtime.AbstractPartialFunction.apply(AbstractPartialFunction.scala:38)
	at scala.meta.internal.parsers.ScalametaParser.statSeq(ScalametaParser.scala:4829)
	at scala.meta.internal.parsers.ScalametaParser.topStatSeq(ScalametaParser.scala:4838)
	at scala.meta.internal.parsers.ScalametaParser.$anonfun$batchSource$1(ScalametaParser.scala:5052)
	at scala.meta.internal.parsers.ScalametaParser.atPos(ScalametaParser.scala:817)
	at scala.meta.internal.parsers.ScalametaParser.autoPos(ScalametaParser.scala:833)
	at scala.meta.internal.parsers.ScalametaParser.batchSource(ScalametaParser.scala:5018)
	at scala.meta.internal.parsers.ScalametaParser.$anonfun$source$1(ScalametaParser.scala:5001)
	at scala.meta.internal.parsers.ScalametaParser.atPos(ScalametaParser.scala:817)
	at scala.meta.internal.parsers.ScalametaParser.autoPos(ScalametaParser.scala:833)
	at scala.meta.internal.parsers.ScalametaParser.source(ScalametaParser.scala:5000)
	at scala.meta.internal.parsers.ScalametaParser.entrypointSource(ScalametaParser.scala:5006)
	at scala.meta.internal.parsers.ScalametaParser.$anonfun$parseSource$2(ScalametaParser.scala:142)
	at scala.meta.internal.parsers.ScalametaParser.parseRule(ScalametaParser.scala:52)
	at scala.meta.internal.parsers.ScalametaParser.parseSource(ScalametaParser.scala:142)
	at scala.meta.parsers.Parse$.$anonfun$parseSource$1(Parse.scala:29)
	at scala.meta.internal.parsers.ScalametaParser$$anon$257.apply(ScalametaParser.scala:5063)
	at scala.meta.parsers.Api$XtensionParseDialectInput.parse(Api.scala:25)
	at scala.meta.internal.semanticdb.scalac.ParseOps$XtensionCompilationUnitSource.toSource(ParseOps.scala:17)
	at scala.meta.internal.semanticdb.scalac.TextDocumentOps$XtensionCompilationUnitDocument.toTextDocument(TextDocumentOps.scala:201)
	at scala.meta.internal.pc.SemanticdbTextDocumentProvider.textDocument(SemanticdbTextDocumentProvider.scala:51)

abr 13, 2021 11:56:42 AM scala.meta.internal.pc.CompilerAccess handleError
SEVERE: file%3A%2F%2F%2FC%3A%2FUsers%2FFederico%2FExercism%2Fscala%2Fword-count%2Fsrc%2Fmain%2Fscala%2FWordCount.scala:5: error: identifier expected but } found
}
^
file%3A%2F%2F%2FC%3A%2FUsers%2FFederico%2FExercism%2Fscala%2Fword-count%2Fsrc%2Fmain%2Fscala%2FWordCount.scala:5: error: identifier expected but } found
}
^
	at scala.meta.internal.parsers.Reporter.syntaxError(Reporter.scala:16)
	at scala.meta.internal.parsers.Reporter.syntaxError$(Reporter.scala:16)
	at scala.meta.internal.parsers.Reporter$$anon$1.syntaxError(Reporter.scala:22)
	at scala.meta.internal.parsers.Reporter.syntaxError(Reporter.scala:17)
	at scala.meta.internal.parsers.Reporter.syntaxError$(Reporter.scala:17)
	at scala.meta.internal.parsers.Reporter$$anon$1.syntaxError(Reporter.scala:22)
	at scala.meta.internal.parsers.ScalametaParser.syntaxErrorExpected(ScalametaParser.scala:852)
	at scala.meta.internal.parsers.ScalametaParser.name(ScalametaParser.scala:1846)
	at scala.meta.internal.parsers.ScalametaParser.termName(ScalametaParser.scala:1849)
	at scala.meta.internal.parsers.ScalametaParser.$anonfun$selector$1(ScalametaParser.scala:1921)
	at scala.meta.internal.parsers.ScalametaParser.atPos(ScalametaParser.scala:817)
	at scala.meta.internal.parsers.ScalametaParser.selector(ScalametaParser.scala:1921)
	at scala.meta.internal.parsers.ScalametaParser.$anonfun$simpleExprRest$1(ScalametaParser.scala:2907)
	at scala.meta.internal.parsers.ScalametaParser.atPos(ScalametaParser.scala:817)
	at scala.meta.internal.parsers.ScalametaParser.simpleExprRest(ScalametaParser.scala:2894)
	at scala.meta.internal.parsers.ScalametaParser.$anonfun$simpleExpr0$5(ScalametaParser.scala:2840)
	at scala.util.Success.$anonfun$map$1(Try.scala:255)
	at scala.util.Success.map(Try.scala:213)
	at scala.meta.internal.parsers.ScalametaParser.$anonfun$simpleExpr0$1(ScalametaParser.scala:2840)
	at scala.meta.internal.parsers.ScalametaParser.atPosTry(ScalametaParser.scala:826)
	at scala.meta.internal.parsers.ScalametaParser.autoPosTry(ScalametaParser.scala:836)
	at scala.meta.internal.parsers.ScalametaParser.simpleExpr0(ScalametaParser.scala:2789)
	at scala.meta.internal.parsers.ScalametaParser.simpleExpr(ScalametaParser.scala:2787)
	at scala.meta.internal.parsers.ScalametaParser.prefixExpr(ScalametaParser.scala:2771)
	at scala.meta.internal.parsers.ScalametaParser.postfixExpr(ScalametaParser.scala:2751)
	at scala.meta.internal.parsers.ScalametaParser.$anonfun$expr$14(ScalametaParser.scala:2328)
	at scala.meta.internal.parsers.ScalametaParser.atPos(ScalametaParser.scala:817)
	at scala.meta.internal.parsers.ScalametaParser.autoPos(ScalametaParser.scala:833)
	at scala.meta.internal.parsers.ScalametaParser.$anonfun$expr$2(ScalametaParser.scala:2328)
	at scala.meta.internal.parsers.ScalametaParser.atPos(ScalametaParser.scala:817)
	at scala.meta.internal.parsers.ScalametaParser.autoPos(ScalametaParser.scala:833)
	at scala.meta.internal.parsers.ScalametaParser.expr(ScalametaParser.scala:2214)
	at scala.meta.internal.parsers.ScalametaParser.expr(ScalametaParser.scala:2109)
	at scala.meta.internal.parsers.ScalametaParser.exprMaybeIndented(ScalametaParser.scala:2137)
	at scala.meta.internal.parsers.ScalametaParser.$anonfun$funDefRest$1(ScalametaParser.scala:4259)
	at scala.meta.internal.parsers.ScalametaParser.atPos(ScalametaParser.scala:817)
	at scala.meta.internal.parsers.ScalametaParser.funDefRest(ScalametaParser.scala:4201)
	at scala.meta.internal.parsers.ScalametaParser.funDefOrDclOrExtensionOrSecondaryCtor(ScalametaParser.scala:4130)
	at scala.meta.internal.parsers.ScalametaParser.defOrDclOrSecondaryCtor(ScalametaParser.scala:3983)
	at scala.meta.internal.parsers.ScalametaParser.nonLocalDefOrDcl(ScalametaParser.scala:3968)
	at scala.meta.internal.parsers.ScalametaParser$$anonfun$templateStat$1$1.applyOrElse(ScalametaParser.scala:4891)
	at scala.meta.internal.parsers.ScalametaParser$$anonfun$templateStat$1$1.applyOrElse(ScalametaParser.scala:4885)
	at scala.runtime.AbstractPartialFunction.apply(AbstractPartialFunction.scala:38)
	at scala.meta.internal.parsers.ScalametaParser.statSeq(ScalametaParser.scala:4829)
	at scala.meta.internal.parsers.ScalametaParser.templateStats(ScalametaParser.scala:4901)
	at scala.meta.internal.parsers.ScalametaParser.templateStatSeq(ScalametaParser.scala:4881)
	at scala.meta.internal.parsers.ScalametaParser.$anonfun$templateBody$1(ScalametaParser.scala:4730)
	at scala.meta.internal.parsers.ScalametaParser.inBraces(ScalametaParser.scala:729)
	at scala.meta.internal.parsers.ScalametaParser.templateBody(ScalametaParser.scala:4730)
	at scala.meta.internal.parsers.ScalametaParser.templateBodyOpt(ScalametaParser.scala:4738)
	at scala.meta.internal.parsers.ScalametaParser.templateOpt(ScalametaParser.scala:4723)
	at scala.meta.internal.parsers.ScalametaParser.$anonfun$classDef$1(ScalametaParser.scala:4400)
	at scala.meta.internal.parsers.ScalametaParser.atPos(ScalametaParser.scala:817)
	at scala.meta.internal.parsers.ScalametaParser.classDef(ScalametaParser.scala:4376)
	at scala.meta.internal.parsers.ScalametaParser.tmplDef(ScalametaParser.scala:4332)
	at scala.meta.internal.parsers.ScalametaParser.topLevelTmplDef(ScalametaParser.scala:4320)
	at scala.meta.internal.parsers.ScalametaParser$$anonfun$topStat$1.applyOrElse(ScalametaParser.scala:4851)
	at scala.meta.internal.parsers.ScalametaParser$$anonfun$topStat$1.applyOrElse(ScalametaParser.scala:4839)
	at scala.runtime.AbstractPartialFunction.apply(AbstractPartialFunction.scala:38)
	at scala.meta.internal.parsers.ScalametaParser.statSeq(ScalametaParser.scala:4829)
	at scala.meta.internal.parsers.ScalametaParser.topStatSeq(ScalametaParser.scala:4838)
	at scala.meta.internal.parsers.ScalametaParser.$anonfun$batchSource$1(ScalametaParser.scala:5052)
	at scala.meta.internal.parsers.ScalametaParser.atPos(ScalametaParser.scala:817)
	at scala.meta.internal.parsers.ScalametaParser.autoPos(ScalametaParser.scala:833)
	at scala.meta.internal.parsers.ScalametaParser.batchSource(ScalametaParser.scala:5018)
	at scala.meta.internal.parsers.ScalametaParser.$anonfun$source$1(ScalametaParser.scala:5001)
	at scala.meta.internal.parsers.ScalametaParser.atPos(ScalametaParser.scala:817)
	at scala.meta.internal.parsers.ScalametaParser.autoPos(ScalametaParser.scala:833)
	at scala.meta.internal.parsers.ScalametaParser.source(ScalametaParser.scala:5000)
	at scala.meta.internal.parsers.ScalametaParser.entrypointSource(ScalametaParser.scala:5006)
	at scala.meta.internal.parsers.ScalametaParser.$anonfun$parseSource$2(ScalametaParser.scala:142)
	at scala.meta.internal.parsers.ScalametaParser.parseRule(ScalametaParser.scala:52)
	at scala.meta.internal.parsers.ScalametaParser.parseSource(ScalametaParser.scala:142)
	at scala.meta.parsers.Parse$.$anonfun$parseSource$1(Parse.scala:29)
	at scala.meta.internal.parsers.ScalametaParser$$anon$257.apply(ScalametaParser.scala:5063)
	at scala.meta.parsers.Api$XtensionParseDialectInput.parse(Api.scala:25)
	at scala.meta.internal.semanticdb.scalac.ParseOps$XtensionCompilationUnitSource.toSource(ParseOps.scala:17)
	at scala.meta.internal.semanticdb.scalac.TextDocumentOps$XtensionCompilationUnitDocument.toTextDocument(TextDocumentOps.scala:201)
	at scala.meta.internal.pc.SemanticdbTextDocumentProvider.textDocument(SemanticdbTextDocumentProvider.scala:51)

abr 13, 2021 11:56:43 AM org.eclipse.lsp4j.jsonrpc.RemoteEndpoint handleCancellation
WARNING: Unmatched cancel notification for request id 257
abr 13, 2021 12:00:01 PM scala.meta.internal.pc.CompilerAccess handleError
SEVERE: file%3A%2F%2F%2FC%3A%2FUsers%2FFederico%2FExercism%2Fscala%2Fword-count%2Fsrc%2Fmain%2Fscala%2FWordCount.scala:5: error: identifier expected but } found
}
^
file%3A%2F%2F%2FC%3A%2FUsers%2FFederico%2FExercism%2Fscala%2Fword-count%2Fsrc%2Fmain%2Fscala%2FWordCount.scala:5: error: identifier expected but } found
}
^
	at scala.meta.internal.parsers.Reporter.syntaxError(Reporter.scala:16)
	at scala.meta.internal.parsers.Reporter.syntaxError$(Reporter.scala:16)
	at scala.meta.internal.parsers.Reporter$$anon$1.syntaxError(Reporter.scala:22)
	at scala.meta.internal.parsers.Reporter.syntaxError(Reporter.scala:17)
	at scala.meta.internal.parsers.Reporter.syntaxError$(Reporter.scala:17)
	at scala.meta.internal.parsers.Reporter$$anon$1.syntaxError(Reporter.scala:22)
	at scala.meta.internal.parsers.ScalametaParser.syntaxErrorExpected(ScalametaParser.scala:852)
	at scala.meta.internal.parsers.ScalametaParser.name(ScalametaParser.scala:1846)
	at scala.meta.internal.parsers.ScalametaParser.termName(ScalametaParser.scala:1849)
	at scala.meta.internal.parsers.ScalametaParser.$anonfun$selector$1(ScalametaParser.scala:1921)
	at scala.meta.internal.parsers.ScalametaParser.atPos(ScalametaParser.scala:817)
	at scala.meta.internal.parsers.ScalametaParser.selector(ScalametaParser.scala:1921)
	at scala.meta.internal.parsers.ScalametaParser.$anonfun$simpleExprRest$1(ScalametaParser.scala:2907)
	at scala.meta.internal.parsers.ScalametaParser.atPos(ScalametaParser.scala:817)
	at scala.meta.internal.parsers.ScalametaParser.simpleExprRest(ScalametaParser.scala:2894)
	at scala.meta.internal.parsers.ScalametaParser.$anonfun$simpleExpr0$5(ScalametaParser.scala:2840)
	at scala.util.Success.$anonfun$map$1(Try.scala:255)
	at scala.util.Success.map(Try.scala:213)
	at scala.meta.internal.parsers.ScalametaParser.$anonfun$simpleExpr0$1(ScalametaParser.scala:2840)
	at scala.meta.internal.parsers.ScalametaParser.atPosTry(ScalametaParser.scala:826)
	at scala.meta.internal.parsers.ScalametaParser.autoPosTry(ScalametaParser.scala:836)
	at scala.meta.internal.parsers.ScalametaParser.simpleExpr0(ScalametaParser.scala:2789)
	at scala.meta.internal.parsers.ScalametaParser.simpleExpr(ScalametaParser.scala:2787)
	at scala.meta.internal.parsers.ScalametaParser.prefixExpr(ScalametaParser.scala:2771)
	at scala.meta.internal.parsers.ScalametaParser.postfixExpr(ScalametaParser.scala:2751)
	at scala.meta.internal.parsers.ScalametaParser.$anonfun$expr$14(ScalametaParser.scala:2328)
	at scala.meta.internal.parsers.ScalametaParser.atPos(ScalametaParser.scala:817)
	at scala.meta.internal.parsers.ScalametaParser.autoPos(ScalametaParser.scala:833)
	at scala.meta.internal.parsers.ScalametaParser.$anonfun$expr$2(ScalametaParser.scala:2328)
	at scala.meta.internal.parsers.ScalametaParser.atPos(ScalametaParser.scala:817)
	at scala.meta.internal.parsers.ScalametaParser.autoPos(ScalametaParser.scala:833)
	at scala.meta.internal.parsers.ScalametaParser.expr(ScalametaParser.scala:2214)
	at scala.meta.internal.parsers.ScalametaParser.expr(ScalametaParser.scala:2109)
	at scala.meta.internal.parsers.ScalametaParser.exprMaybeIndented(ScalametaParser.scala:2137)
	at scala.meta.internal.parsers.ScalametaParser.$anonfun$funDefRest$1(ScalametaParser.scala:4259)
	at scala.meta.internal.parsers.ScalametaParser.atPos(ScalametaParser.scala:817)
	at scala.meta.internal.parsers.ScalametaParser.funDefRest(ScalametaParser.scala:4201)
	at scala.meta.internal.parsers.ScalametaParser.funDefOrDclOrExtensionOrSecondaryCtor(ScalametaParser.scala:4130)
	at scala.meta.internal.parsers.ScalametaParser.defOrDclOrSecondaryCtor(ScalametaParser.scala:3983)
	at scala.meta.internal.parsers.ScalametaParser.nonLocalDefOrDcl(ScalametaParser.scala:3968)
	at scala.meta.internal.parsers.ScalametaParser$$anonfun$templateStat$1$1.applyOrElse(ScalametaParser.scala:4891)
	at scala.meta.internal.parsers.ScalametaParser$$anonfun$templateStat$1$1.applyOrElse(ScalametaParser.scala:4885)
	at scala.runtime.AbstractPartialFunction.apply(AbstractPartialFunction.scala:38)
	at scala.meta.internal.parsers.ScalametaParser.statSeq(ScalametaParser.scala:4829)
	at scala.meta.internal.parsers.ScalametaParser.templateStats(ScalametaParser.scala:4901)
	at scala.meta.internal.parsers.ScalametaParser.templateStatSeq(ScalametaParser.scala:4881)
	at scala.meta.internal.parsers.ScalametaParser.$anonfun$templateBody$1(ScalametaParser.scala:4730)
	at scala.meta.internal.parsers.ScalametaParser.inBraces(ScalametaParser.scala:729)
	at scala.meta.internal.parsers.ScalametaParser.templateBody(ScalametaParser.scala:4730)
	at scala.meta.internal.parsers.ScalametaParser.templateBodyOpt(ScalametaParser.scala:4738)
	at scala.meta.internal.parsers.ScalametaParser.templateOpt(ScalametaParser.scala:4723)
	at scala.meta.internal.parsers.ScalametaParser.$anonfun$classDef$1(ScalametaParser.scala:4400)
	at scala.meta.internal.parsers.ScalametaParser.atPos(ScalametaParser.scala:817)
	at scala.meta.internal.parsers.ScalametaParser.classDef(ScalametaParser.scala:4376)
	at scala.meta.internal.parsers.ScalametaParser.tmplDef(ScalametaParser.scala:4332)
	at scala.meta.internal.parsers.ScalametaParser.topLevelTmplDef(ScalametaParser.scala:4320)
	at scala.meta.internal.parsers.ScalametaParser$$anonfun$topStat$1.applyOrElse(ScalametaParser.scala:4851)
	at scala.meta.internal.parsers.ScalametaParser$$anonfun$topStat$1.applyOrElse(ScalametaParser.scala:4839)
	at scala.runtime.AbstractPartialFunction.apply(AbstractPartialFunction.scala:38)
	at scala.meta.internal.parsers.ScalametaParser.statSeq(ScalametaParser.scala:4829)
	at scala.meta.internal.parsers.ScalametaParser.topStatSeq(ScalametaParser.scala:4838)
	at scala.meta.internal.parsers.ScalametaParser.$anonfun$batchSource$1(ScalametaParser.scala:5052)
	at scala.meta.internal.parsers.ScalametaParser.atPos(ScalametaParser.scala:817)
	at scala.meta.internal.parsers.ScalametaParser.autoPos(ScalametaParser.scala:833)
	at scala.meta.internal.parsers.ScalametaParser.batchSource(ScalametaParser.scala:5018)
	at scala.meta.internal.parsers.ScalametaParser.$anonfun$source$1(ScalametaParser.scala:5001)
	at scala.meta.internal.parsers.ScalametaParser.atPos(ScalametaParser.scala:817)
	at scala.meta.internal.parsers.ScalametaParser.autoPos(ScalametaParser.scala:833)
	at scala.meta.internal.parsers.ScalametaParser.source(ScalametaParser.scala:5000)
	at scala.meta.internal.parsers.ScalametaParser.entrypointSource(ScalametaParser.scala:5006)
	at scala.meta.internal.parsers.ScalametaParser.$anonfun$parseSource$2(ScalametaParser.scala:142)
	at scala.meta.internal.parsers.ScalametaParser.parseRule(ScalametaParser.scala:52)
	at scala.meta.internal.parsers.ScalametaParser.parseSource(ScalametaParser.scala:142)
	at scala.meta.parsers.Parse$.$anonfun$parseSource$1(Parse.scala:29)
	at scala.meta.internal.parsers.ScalametaParser$$anon$257.apply(ScalametaParser.scala:5063)
	at scala.meta.parsers.Api$XtensionParseDialectInput.parse(Api.scala:25)
	at scala.meta.internal.semanticdb.scalac.ParseOps$XtensionCompilationUnitSource.toSource(ParseOps.scala:17)
	at scala.meta.internal.semanticdb.scalac.TextDocumentOps$XtensionCompilationUnitDocument.toTextDocument(TextDocumentOps.scala:201)
	at scala.meta.internal.pc.SemanticdbTextDocumentProvider.textDocument(SemanticdbTextDocumentProvider.scala:51)

abr 13, 2021 12:00:01 PM org.eclipse.lsp4j.jsonrpc.RemoteEndpoint handleCancellation
WARNING: Unmatched cancel notification for request id 282
abr 13, 2021 12:00:02 PM scala.meta.internal.pc.CompilerAccess handleError
SEVERE: file%3A%2F%2F%2FC%3A%2FUsers%2FFederico%2FExercism%2Fscala%2Fword-count%2Fsrc%2Fmain%2Fscala%2FWordCount.scala:5: error: identifier expected but } found
}
^
file%3A%2F%2F%2FC%3A%2FUsers%2FFederico%2FExercism%2Fscala%2Fword-count%2Fsrc%2Fmain%2Fscala%2FWordCount.scala:5: error: identifier expected but } found
}
^
	at scala.meta.internal.parsers.Reporter.syntaxError(Reporter.scala:16)
	at scala.meta.internal.parsers.Reporter.syntaxError$(Reporter.scala:16)
	at scala.meta.internal.parsers.Reporter$$anon$1.syntaxError(Reporter.scala:22)
	at scala.meta.internal.parsers.Reporter.syntaxError(Reporter.scala:17)
	at scala.meta.internal.parsers.Reporter.syntaxError$(Reporter.scala:17)
	at scala.meta.internal.parsers.Reporter$$anon$1.syntaxError(Reporter.scala:22)
	at scala.meta.internal.parsers.ScalametaParser.syntaxErrorExpected(ScalametaParser.scala:852)
	at scala.meta.internal.parsers.ScalametaParser.name(ScalametaParser.scala:1846)
	at scala.meta.internal.parsers.ScalametaParser.termName(ScalametaParser.scala:1849)
	at scala.meta.internal.parsers.ScalametaParser.$anonfun$selector$1(ScalametaParser.scala:1921)
	at scala.meta.internal.parsers.ScalametaParser.atPos(ScalametaParser.scala:817)
	at scala.meta.internal.parsers.ScalametaParser.selector(ScalametaParser.scala:1921)
	at scala.meta.internal.parsers.ScalametaParser.$anonfun$simpleExprRest$1(ScalametaParser.scala:2907)
	at scala.meta.internal.parsers.ScalametaParser.atPos(ScalametaParser.scala:817)
	at scala.meta.internal.parsers.ScalametaParser.simpleExprRest(ScalametaParser.scala:2894)
	at scala.meta.internal.parsers.ScalametaParser.$anonfun$simpleExpr0$5(ScalametaParser.scala:2840)
	at scala.util.Success.$anonfun$map$1(Try.scala:255)
	at scala.util.Success.map(Try.scala:213)
	at scala.meta.internal.parsers.ScalametaParser.$anonfun$simpleExpr0$1(ScalametaParser.scala:2840)
	at scala.meta.internal.parsers.ScalametaParser.atPosTry(ScalametaParser.scala:826)
	at scala.meta.internal.parsers.ScalametaParser.autoPosTry(ScalametaParser.scala:836)
	at scala.meta.internal.parsers.ScalametaParser.simpleExpr0(ScalametaParser.scala:2789)
	at scala.meta.internal.parsers.ScalametaParser.simpleExpr(ScalametaParser.scala:2787)
	at scala.meta.internal.parsers.ScalametaParser.prefixExpr(ScalametaParser.scala:2771)
	at scala.meta.internal.parsers.ScalametaParser.postfixExpr(ScalametaParser.scala:2751)
	at scala.meta.internal.parsers.ScalametaParser.$anonfun$expr$14(ScalametaParser.scala:2328)
	at scala.meta.internal.parsers.ScalametaParser.atPos(ScalametaParser.scala:817)
	at scala.meta.internal.parsers.ScalametaParser.autoPos(ScalametaParser.scala:833)
	at scala.meta.internal.parsers.ScalametaParser.$anonfun$expr$2(ScalametaParser.scala:2328)
	at scala.meta.internal.parsers.ScalametaParser.atPos(ScalametaParser.scala:817)
	at scala.meta.internal.parsers.ScalametaParser.autoPos(ScalametaParser.scala:833)
	at scala.meta.internal.parsers.ScalametaParser.expr(ScalametaParser.scala:2214)
	at scala.meta.internal.parsers.ScalametaParser.expr(ScalametaParser.scala:2109)
	at scala.meta.internal.parsers.ScalametaParser.exprMaybeIndented(ScalametaParser.scala:2137)
	at scala.meta.internal.parsers.ScalametaParser.$anonfun$funDefRest$1(ScalametaParser.scala:4259)
	at scala.meta.internal.parsers.ScalametaParser.atPos(ScalametaParser.scala:817)
	at scala.meta.internal.parsers.ScalametaParser.funDefRest(ScalametaParser.scala:4201)
	at scala.meta.internal.parsers.ScalametaParser.funDefOrDclOrExtensionOrSecondaryCtor(ScalametaParser.scala:4130)
	at scala.meta.internal.parsers.ScalametaParser.defOrDclOrSecondaryCtor(ScalametaParser.scala:3983)
	at scala.meta.internal.parsers.ScalametaParser.nonLocalDefOrDcl(ScalametaParser.scala:3968)
	at scala.meta.internal.parsers.ScalametaParser$$anonfun$templateStat$1$1.applyOrElse(ScalametaParser.scala:4891)
	at scala.meta.internal.parsers.ScalametaParser$$anonfun$templateStat$1$1.applyOrElse(ScalametaParser.scala:4885)
	at scala.runtime.AbstractPartialFunction.apply(AbstractPartialFunction.scala:38)
	at scala.meta.internal.parsers.ScalametaParser.statSeq(ScalametaParser.scala:4829)
	at scala.meta.internal.parsers.ScalametaParser.templateStats(ScalametaParser.scala:4901)
	at scala.meta.internal.parsers.ScalametaParser.templateStatSeq(ScalametaParser.scala:4881)
	at scala.meta.internal.parsers.ScalametaParser.$anonfun$templateBody$1(ScalametaParser.scala:4730)
	at scala.meta.internal.parsers.ScalametaParser.inBraces(ScalametaParser.scala:729)
	at scala.meta.internal.parsers.ScalametaParser.templateBody(ScalametaParser.scala:4730)
	at scala.meta.internal.parsers.ScalametaParser.templateBodyOpt(ScalametaParser.scala:4738)
	at scala.meta.internal.parsers.ScalametaParser.templateOpt(ScalametaParser.scala:4723)
	at scala.meta.internal.parsers.ScalametaParser.$anonfun$classDef$1(ScalametaParser.scala:4400)
	at scala.meta.internal.parsers.ScalametaParser.atPos(ScalametaParser.scala:817)
	at scala.meta.internal.parsers.ScalametaParser.classDef(ScalametaParser.scala:4376)
	at scala.meta.internal.parsers.ScalametaParser.tmplDef(ScalametaParser.scala:4332)
	at scala.meta.internal.parsers.ScalametaParser.topLevelTmplDef(ScalametaParser.scala:4320)
	at scala.meta.internal.parsers.ScalametaParser$$anonfun$topStat$1.applyOrElse(ScalametaParser.scala:4851)
	at scala.meta.internal.parsers.ScalametaParser$$anonfun$topStat$1.applyOrElse(ScalametaParser.scala:4839)
	at scala.runtime.AbstractPartialFunction.apply(AbstractPartialFunction.scala:38)
	at scala.meta.internal.parsers.ScalametaParser.statSeq(ScalametaParser.scala:4829)
	at scala.meta.internal.parsers.ScalametaParser.topStatSeq(ScalametaParser.scala:4838)
	at scala.meta.internal.parsers.ScalametaParser.$anonfun$batchSource$1(ScalametaParser.scala:5052)
	at scala.meta.internal.parsers.ScalametaParser.atPos(ScalametaParser.scala:817)
	at scala.meta.internal.parsers.ScalametaParser.autoPos(ScalametaParser.scala:833)
	at scala.meta.internal.parsers.ScalametaParser.batchSource(ScalametaParser.scala:5018)
	at scala.meta.internal.parsers.ScalametaParser.$anonfun$source$1(ScalametaParser.scala:5001)
	at scala.meta.internal.parsers.ScalametaParser.atPos(ScalametaParser.scala:817)
	at scala.meta.internal.parsers.ScalametaParser.autoPos(ScalametaParser.scala:833)
	at scala.meta.internal.parsers.ScalametaParser.source(ScalametaParser.scala:5000)
	at scala.meta.internal.parsers.ScalametaParser.entrypointSource(ScalametaParser.scala:5006)
	at scala.meta.internal.parsers.ScalametaParser.$anonfun$parseSource$2(ScalametaParser.scala:142)
	at scala.meta.internal.parsers.ScalametaParser.parseRule(ScalametaParser.scala:52)
	at scala.meta.internal.parsers.ScalametaParser.parseSource(ScalametaParser.scala:142)
	at scala.meta.parsers.Parse$.$anonfun$parseSource$1(Parse.scala:29)
	at scala.meta.internal.parsers.ScalametaParser$$anon$257.apply(ScalametaParser.scala:5063)
	at scala.meta.parsers.Api$XtensionParseDialectInput.parse(Api.scala:25)
	at scala.meta.internal.semanticdb.scalac.ParseOps$XtensionCompilationUnitSource.toSource(ParseOps.scala:17)
	at scala.meta.internal.semanticdb.scalac.TextDocumentOps$XtensionCompilationUnitDocument.toTextDocument(TextDocumentOps.scala:201)
	at scala.meta.internal.pc.SemanticdbTextDocumentProvider.textDocument(SemanticdbTextDocumentProvider.scala:51)

abr 13, 2021 12:00:03 PM scala.meta.internal.pc.CompilerAccess handleError
SEVERE: file%3A%2F%2F%2FC%3A%2FUsers%2FFederico%2FExercism%2Fscala%2Fword-count%2Fsrc%2Fmain%2Fscala%2FWordCount.scala:5: error: identifier expected but } found
}
^
file%3A%2F%2F%2FC%3A%2FUsers%2FFederico%2FExercism%2Fscala%2Fword-count%2Fsrc%2Fmain%2Fscala%2FWordCount.scala:5: error: identifier expected but } found
}
^
	at scala.meta.internal.parsers.Reporter.syntaxError(Reporter.scala:16)
	at scala.meta.internal.parsers.Reporter.syntaxError$(Reporter.scala:16)
	at scala.meta.internal.parsers.Reporter$$anon$1.syntaxError(Reporter.scala:22)
	at scala.meta.internal.parsers.Reporter.syntaxError(Reporter.scala:17)
	at scala.meta.internal.parsers.Reporter.syntaxError$(Reporter.scala:17)
	at scala.meta.internal.parsers.Reporter$$anon$1.syntaxError(Reporter.scala:22)
	at scala.meta.internal.parsers.ScalametaParser.syntaxErrorExpected(ScalametaParser.scala:852)
	at scala.meta.internal.parsers.ScalametaParser.name(ScalametaParser.scala:1846)
	at scala.meta.internal.parsers.ScalametaParser.termName(ScalametaParser.scala:1849)
	at scala.meta.internal.parsers.ScalametaParser.$anonfun$selector$1(ScalametaParser.scala:1921)
	at scala.meta.internal.parsers.ScalametaParser.atPos(ScalametaParser.scala:817)
	at scala.meta.internal.parsers.ScalametaParser.selector(ScalametaParser.scala:1921)
	at scala.meta.internal.parsers.ScalametaParser.$anonfun$simpleExprRest$1(ScalametaParser.scala:2907)
	at scala.meta.internal.parsers.ScalametaParser.atPos(ScalametaParser.scala:817)
	at scala.meta.internal.parsers.ScalametaParser.simpleExprRest(ScalametaParser.scala:2894)
	at scala.meta.internal.parsers.ScalametaParser.$anonfun$simpleExpr0$5(ScalametaParser.scala:2840)
	at scala.util.Success.$anonfun$map$1(Try.scala:255)
	at scala.util.Success.map(Try.scala:213)
	at scala.meta.internal.parsers.ScalametaParser.$anonfun$simpleExpr0$1(ScalametaParser.scala:2840)
	at scala.meta.internal.parsers.ScalametaParser.atPosTry(ScalametaParser.scala:826)
	at scala.meta.internal.parsers.ScalametaParser.autoPosTry(ScalametaParser.scala:836)
	at scala.meta.internal.parsers.ScalametaParser.simpleExpr0(ScalametaParser.scala:2789)
	at scala.meta.internal.parsers.ScalametaParser.simpleExpr(ScalametaParser.scala:2787)
	at scala.meta.internal.parsers.ScalametaParser.prefixExpr(ScalametaParser.scala:2771)
	at scala.meta.internal.parsers.ScalametaParser.postfixExpr(ScalametaParser.scala:2751)
	at scala.meta.internal.parsers.ScalametaParser.$anonfun$expr$14(ScalametaParser.scala:2328)
	at scala.meta.internal.parsers.ScalametaParser.atPos(ScalametaParser.scala:817)
	at scala.meta.internal.parsers.ScalametaParser.autoPos(ScalametaParser.scala:833)
	at scala.meta.internal.parsers.ScalametaParser.$anonfun$expr$2(ScalametaParser.scala:2328)
	at scala.meta.internal.parsers.ScalametaParser.atPos(ScalametaParser.scala:817)
	at scala.meta.internal.parsers.ScalametaParser.autoPos(ScalametaParser.scala:833)
	at scala.meta.internal.parsers.ScalametaParser.expr(ScalametaParser.scala:2214)
	at scala.meta.internal.parsers.ScalametaParser.expr(ScalametaParser.scala:2109)
	at scala.meta.internal.parsers.ScalametaParser.exprMaybeIndented(ScalametaParser.scala:2137)
	at scala.meta.internal.parsers.ScalametaParser.$anonfun$funDefRest$1(ScalametaParser.scala:4259)
	at scala.meta.internal.parsers.ScalametaParser.atPos(ScalametaParser.scala:817)
	at scala.meta.internal.parsers.ScalametaParser.funDefRest(ScalametaParser.scala:4201)
	at scala.meta.internal.parsers.ScalametaParser.funDefOrDclOrExtensionOrSecondaryCtor(ScalametaParser.scala:4130)
	at scala.meta.internal.parsers.ScalametaParser.defOrDclOrSecondaryCtor(ScalametaParser.scala:3983)
	at scala.meta.internal.parsers.ScalametaParser.nonLocalDefOrDcl(ScalametaParser.scala:3968)
	at scala.meta.internal.parsers.ScalametaParser$$anonfun$templateStat$1$1.applyOrElse(ScalametaParser.scala:4891)
	at scala.meta.internal.parsers.ScalametaParser$$anonfun$templateStat$1$1.applyOrElse(ScalametaParser.scala:4885)
	at scala.runtime.AbstractPartialFunction.apply(AbstractPartialFunction.scala:38)
	at scala.meta.internal.parsers.ScalametaParser.statSeq(ScalametaParser.scala:4829)
	at scala.meta.internal.parsers.ScalametaParser.templateStats(ScalametaParser.scala:4901)
	at scala.meta.internal.parsers.ScalametaParser.templateStatSeq(ScalametaParser.scala:4881)
	at scala.meta.internal.parsers.ScalametaParser.$anonfun$templateBody$1(ScalametaParser.scala:4730)
	at scala.meta.internal.parsers.ScalametaParser.inBraces(ScalametaParser.scala:729)
	at scala.meta.internal.parsers.ScalametaParser.templateBody(ScalametaParser.scala:4730)
	at scala.meta.internal.parsers.ScalametaParser.templateBodyOpt(ScalametaParser.scala:4738)
	at scala.meta.internal.parsers.ScalametaParser.templateOpt(ScalametaParser.scala:4723)
	at scala.meta.internal.parsers.ScalametaParser.$anonfun$classDef$1(ScalametaParser.scala:4400)
	at scala.meta.internal.parsers.ScalametaParser.atPos(ScalametaParser.scala:817)
	at scala.meta.internal.parsers.ScalametaParser.classDef(ScalametaParser.scala:4376)
	at scala.meta.internal.parsers.ScalametaParser.tmplDef(ScalametaParser.scala:4332)
	at scala.meta.internal.parsers.ScalametaParser.topLevelTmplDef(ScalametaParser.scala:4320)
	at scala.meta.internal.parsers.ScalametaParser$$anonfun$topStat$1.applyOrElse(ScalametaParser.scala:4851)
	at scala.meta.internal.parsers.ScalametaParser$$anonfun$topStat$1.applyOrElse(ScalametaParser.scala:4839)
	at scala.runtime.AbstractPartialFunction.apply(AbstractPartialFunction.scala:38)
	at scala.meta.internal.parsers.ScalametaParser.statSeq(ScalametaParser.scala:4829)
	at scala.meta.internal.parsers.ScalametaParser.topStatSeq(ScalametaParser.scala:4838)
	at scala.meta.internal.parsers.ScalametaParser.$anonfun$batchSource$1(ScalametaParser.scala:5052)
	at scala.meta.internal.parsers.ScalametaParser.atPos(ScalametaParser.scala:817)
	at scala.meta.internal.parsers.ScalametaParser.autoPos(ScalametaParser.scala:833)
	at scala.meta.internal.parsers.ScalametaParser.batchSource(ScalametaParser.scala:5018)
	at scala.meta.internal.parsers.ScalametaParser.$anonfun$source$1(ScalametaParser.scala:5001)
	at scala.meta.internal.parsers.ScalametaParser.atPos(ScalametaParser.scala:817)
	at scala.meta.internal.parsers.ScalametaParser.autoPos(ScalametaParser.scala:833)
	at scala.meta.internal.parsers.ScalametaParser.source(ScalametaParser.scala:5000)
	at scala.meta.internal.parsers.ScalametaParser.entrypointSource(ScalametaParser.scala:5006)
	at scala.meta.internal.parsers.ScalametaParser.$anonfun$parseSource$2(ScalametaParser.scala:142)
	at scala.meta.internal.parsers.ScalametaParser.parseRule(ScalametaParser.scala:52)
	at scala.meta.internal.parsers.ScalametaParser.parseSource(ScalametaParser.scala:142)
	at scala.meta.parsers.Parse$.$anonfun$parseSource$1(Parse.scala:29)
	at scala.meta.internal.parsers.ScalametaParser$$anon$257.apply(ScalametaParser.scala:5063)
	at scala.meta.parsers.Api$XtensionParseDialectInput.parse(Api.scala:25)
	at scala.meta.internal.semanticdb.scalac.ParseOps$XtensionCompilationUnitSource.toSource(ParseOps.scala:17)
	at scala.meta.internal.semanticdb.scalac.TextDocumentOps$XtensionCompilationUnitDocument.toTextDocument(TextDocumentOps.scala:201)
	at scala.meta.internal.pc.SemanticdbTextDocumentProvider.textDocument(SemanticdbTextDocumentProvider.scala:51)

abr 13, 2021 12:00:03 PM scala.meta.internal.pc.CompilerAccess handleError
SEVERE: file%3A%2F%2F%2FC%3A%2FUsers%2FFederico%2FExercism%2Fscala%2Fword-count%2Fsrc%2Fmain%2Fscala%2FWordCount.scala:5: error: identifier expected but } found
}
^
file%3A%2F%2F%2FC%3A%2FUsers%2FFederico%2FExercism%2Fscala%2Fword-count%2Fsrc%2Fmain%2Fscala%2FWordCount.scala:5: error: identifier expected but } found
}
^
	at scala.meta.internal.parsers.Reporter.syntaxError(Reporter.scala:16)
	at scala.meta.internal.parsers.Reporter.syntaxError$(Reporter.scala:16)
	at scala.meta.internal.parsers.Reporter$$anon$1.syntaxError(Reporter.scala:22)
	at scala.meta.internal.parsers.Reporter.syntaxError(Reporter.scala:17)
	at scala.meta.internal.parsers.Reporter.syntaxError$(Reporter.scala:17)
	at scala.meta.internal.parsers.Reporter$$anon$1.syntaxError(Reporter.scala:22)
	at scala.meta.internal.parsers.ScalametaParser.syntaxErrorExpected(ScalametaParser.scala:852)
	at scala.meta.internal.parsers.ScalametaParser.name(ScalametaParser.scala:1846)
	at scala.meta.internal.parsers.ScalametaParser.termName(ScalametaParser.scala:1849)
	at scala.meta.internal.parsers.ScalametaParser.$anonfun$selector$1(ScalametaParser.scala:1921)
	at scala.meta.internal.parsers.ScalametaParser.atPos(ScalametaParser.scala:817)
	at scala.meta.internal.parsers.ScalametaParser.selector(ScalametaParser.scala:1921)
	at scala.meta.internal.parsers.ScalametaParser.$anonfun$simpleExprRest$1(ScalametaParser.scala:2907)
	at scala.meta.internal.parsers.ScalametaParser.atPos(ScalametaParser.scala:817)
	at scala.meta.internal.parsers.ScalametaParser.simpleExprRest(ScalametaParser.scala:2894)
	at scala.meta.internal.parsers.ScalametaParser.$anonfun$simpleExpr0$5(ScalametaParser.scala:2840)
	at scala.util.Success.$anonfun$map$1(Try.scala:255)
	at scala.util.Success.map(Try.scala:213)
	at scala.meta.internal.parsers.ScalametaParser.$anonfun$simpleExpr0$1(ScalametaParser.scala:2840)
	at scala.meta.internal.parsers.ScalametaParser.atPosTry(ScalametaParser.scala:826)
	at scala.meta.internal.parsers.ScalametaParser.autoPosTry(ScalametaParser.scala:836)
	at scala.meta.internal.parsers.ScalametaParser.simpleExpr0(ScalametaParser.scala:2789)
	at scala.meta.internal.parsers.ScalametaParser.simpleExpr(ScalametaParser.scala:2787)
	at scala.meta.internal.parsers.ScalametaParser.prefixExpr(ScalametaParser.scala:2771)
	at scala.meta.internal.parsers.ScalametaParser.postfixExpr(ScalametaParser.scala:2751)
	at scala.meta.internal.parsers.ScalametaParser.$anonfun$expr$14(ScalametaParser.scala:2328)
	at scala.meta.internal.parsers.ScalametaParser.atPos(ScalametaParser.scala:817)
	at scala.meta.internal.parsers.ScalametaParser.autoPos(ScalametaParser.scala:833)
	at scala.meta.internal.parsers.ScalametaParser.$anonfun$expr$2(ScalametaParser.scala:2328)
	at scala.meta.internal.parsers.ScalametaParser.atPos(ScalametaParser.scala:817)
	at scala.meta.internal.parsers.ScalametaParser.autoPos(ScalametaParser.scala:833)
	at scala.meta.internal.parsers.ScalametaParser.expr(ScalametaParser.scala:2214)
	at scala.meta.internal.parsers.ScalametaParser.expr(ScalametaParser.scala:2109)
	at scala.meta.internal.parsers.ScalametaParser.exprMaybeIndented(ScalametaParser.scala:2137)
	at scala.meta.internal.parsers.ScalametaParser.$anonfun$funDefRest$1(ScalametaParser.scala:4259)
	at scala.meta.internal.parsers.ScalametaParser.atPos(ScalametaParser.scala:817)
	at scala.meta.internal.parsers.ScalametaParser.funDefRest(ScalametaParser.scala:4201)
	at scala.meta.internal.parsers.ScalametaParser.funDefOrDclOrExtensionOrSecondaryCtor(ScalametaParser.scala:4130)
	at scala.meta.internal.parsers.ScalametaParser.defOrDclOrSecondaryCtor(ScalametaParser.scala:3983)
	at scala.meta.internal.parsers.ScalametaParser.nonLocalDefOrDcl(ScalametaParser.scala:3968)
	at scala.meta.internal.parsers.ScalametaParser$$anonfun$templateStat$1$1.applyOrElse(ScalametaParser.scala:4891)
	at scala.meta.internal.parsers.ScalametaParser$$anonfun$templateStat$1$1.applyOrElse(ScalametaParser.scala:4885)
	at scala.runtime.AbstractPartialFunction.apply(AbstractPartialFunction.scala:38)
	at scala.meta.internal.parsers.ScalametaParser.statSeq(ScalametaParser.scala:4829)
	at scala.meta.internal.parsers.ScalametaParser.templateStats(ScalametaParser.scala:4901)
	at scala.meta.internal.parsers.ScalametaParser.templateStatSeq(ScalametaParser.scala:4881)
	at scala.meta.internal.parsers.ScalametaParser.$anonfun$templateBody$1(ScalametaParser.scala:4730)
	at scala.meta.internal.parsers.ScalametaParser.inBraces(ScalametaParser.scala:729)
	at scala.meta.internal.parsers.ScalametaParser.templateBody(ScalametaParser.scala:4730)
	at scala.meta.internal.parsers.ScalametaParser.templateBodyOpt(ScalametaParser.scala:4738)
	at scala.meta.internal.parsers.ScalametaParser.templateOpt(ScalametaParser.scala:4723)
	at scala.meta.internal.parsers.ScalametaParser.$anonfun$classDef$1(ScalametaParser.scala:4400)
	at scala.meta.internal.parsers.ScalametaParser.atPos(ScalametaParser.scala:817)
	at scala.meta.internal.parsers.ScalametaParser.classDef(ScalametaParser.scala:4376)
	at scala.meta.internal.parsers.ScalametaParser.tmplDef(ScalametaParser.scala:4332)
	at scala.meta.internal.parsers.ScalametaParser.topLevelTmplDef(ScalametaParser.scala:4320)
	at scala.meta.internal.parsers.ScalametaParser$$anonfun$topStat$1.applyOrElse(ScalametaParser.scala:4851)
	at scala.meta.internal.parsers.ScalametaParser$$anonfun$topStat$1.applyOrElse(ScalametaParser.scala:4839)
	at scala.runtime.AbstractPartialFunction.apply(AbstractPartialFunction.scala:38)
	at scala.meta.internal.parsers.ScalametaParser.statSeq(ScalametaParser.scala:4829)
	at scala.meta.internal.parsers.ScalametaParser.topStatSeq(ScalametaParser.scala:4838)
	at scala.meta.internal.parsers.ScalametaParser.$anonfun$batchSource$1(ScalametaParser.scala:5052)
	at scala.meta.internal.parsers.ScalametaParser.atPos(ScalametaParser.scala:817)
	at scala.meta.internal.parsers.ScalametaParser.autoPos(ScalametaParser.scala:833)
	at scala.meta.internal.parsers.ScalametaParser.batchSource(ScalametaParser.scala:5018)
	at scala.meta.internal.parsers.ScalametaParser.$anonfun$source$1(ScalametaParser.scala:5001)
	at scala.meta.internal.parsers.ScalametaParser.atPos(ScalametaParser.scala:817)
	at scala.meta.internal.parsers.ScalametaParser.autoPos(ScalametaParser.scala:833)
	at scala.meta.internal.parsers.ScalametaParser.source(ScalametaParser.scala:5000)
	at scala.meta.internal.parsers.ScalametaParser.entrypointSource(ScalametaParser.scala:5006)
	at scala.meta.internal.parsers.ScalametaParser.$anonfun$parseSource$2(ScalametaParser.scala:142)
	at scala.meta.internal.parsers.ScalametaParser.parseRule(ScalametaParser.scala:52)
	at scala.meta.internal.parsers.ScalametaParser.parseSource(ScalametaParser.scala:142)
	at scala.meta.parsers.Parse$.$anonfun$parseSource$1(Parse.scala:29)
	at scala.meta.internal.parsers.ScalametaParser$$anon$257.apply(ScalametaParser.scala:5063)
	at scala.meta.parsers.Api$XtensionParseDialectInput.parse(Api.scala:25)
	at scala.meta.internal.semanticdb.scalac.ParseOps$XtensionCompilationUnitSource.toSource(ParseOps.scala:17)
	at scala.meta.internal.semanticdb.scalac.TextDocumentOps$XtensionCompilationUnitDocument.toTextDocument(TextDocumentOps.scala:201)
	at scala.meta.internal.pc.SemanticdbTextDocumentProvider.textDocument(SemanticdbTextDocumentProvider.scala:51)

abr 13, 2021 12:00:03 PM org.eclipse.lsp4j.jsonrpc.RemoteEndpoint handleCancellation
WARNING: Unmatched cancel notification for request id 293
abr 13, 2021 12:00:03 PM scala.meta.internal.pc.CompilerAccess handleError
SEVERE: file%3A%2F%2F%2FC%3A%2FUsers%2FFederico%2FExercism%2Fscala%2Fword-count%2Fsrc%2Fmain%2Fscala%2FWordCount.scala:5: error: identifier expected but } found
}
^
file%3A%2F%2F%2FC%3A%2FUsers%2FFederico%2FExercism%2Fscala%2Fword-count%2Fsrc%2Fmain%2Fscala%2FWordCount.scala:5: error: identifier expected but } found
}
^
	at scala.meta.internal.parsers.Reporter.syntaxError(Reporter.scala:16)
	at scala.meta.internal.parsers.Reporter.syntaxError$(Reporter.scala:16)
	at scala.meta.internal.parsers.Reporter$$anon$1.syntaxError(Reporter.scala:22)
	at scala.meta.internal.parsers.Reporter.syntaxError(Reporter.scala:17)
	at scala.meta.internal.parsers.Reporter.syntaxError$(Reporter.scala:17)
	at scala.meta.internal.parsers.Reporter$$anon$1.syntaxError(Reporter.scala:22)
	at scala.meta.internal.parsers.ScalametaParser.syntaxErrorExpected(ScalametaParser.scala:852)
	at scala.meta.internal.parsers.ScalametaParser.name(ScalametaParser.scala:1846)
	at scala.meta.internal.parsers.ScalametaParser.termName(ScalametaParser.scala:1849)
	at scala.meta.internal.parsers.ScalametaParser.$anonfun$selector$1(ScalametaParser.scala:1921)
	at scala.meta.internal.parsers.ScalametaParser.atPos(ScalametaParser.scala:817)
	at scala.meta.internal.parsers.ScalametaParser.selector(ScalametaParser.scala:1921)
	at scala.meta.internal.parsers.ScalametaParser.$anonfun$simpleExprRest$1(ScalametaParser.scala:2907)
	at scala.meta.internal.parsers.ScalametaParser.atPos(ScalametaParser.scala:817)
	at scala.meta.internal.parsers.ScalametaParser.simpleExprRest(ScalametaParser.scala:2894)
	at scala.meta.internal.parsers.ScalametaParser.$anonfun$simpleExpr0$5(ScalametaParser.scala:2840)
	at scala.util.Success.$anonfun$map$1(Try.scala:255)
	at scala.util.Success.map(Try.scala:213)
	at scala.meta.internal.parsers.ScalametaParser.$anonfun$simpleExpr0$1(ScalametaParser.scala:2840)
	at scala.meta.internal.parsers.ScalametaParser.atPosTry(ScalametaParser.scala:826)
	at scala.meta.internal.parsers.ScalametaParser.autoPosTry(ScalametaParser.scala:836)
	at scala.meta.internal.parsers.ScalametaParser.simpleExpr0(ScalametaParser.scala:2789)
	at scala.meta.internal.parsers.ScalametaParser.simpleExpr(ScalametaParser.scala:2787)
	at scala.meta.internal.parsers.ScalametaParser.prefixExpr(ScalametaParser.scala:2771)
	at scala.meta.internal.parsers.ScalametaParser.postfixExpr(ScalametaParser.scala:2751)
	at scala.meta.internal.parsers.ScalametaParser.$anonfun$expr$14(ScalametaParser.scala:2328)
	at scala.meta.internal.parsers.ScalametaParser.atPos(ScalametaParser.scala:817)
	at scala.meta.internal.parsers.ScalametaParser.autoPos(ScalametaParser.scala:833)
	at scala.meta.internal.parsers.ScalametaParser.$anonfun$expr$2(ScalametaParser.scala:2328)
	at scala.meta.internal.parsers.ScalametaParser.atPos(ScalametaParser.scala:817)
	at scala.meta.internal.parsers.ScalametaParser.autoPos(ScalametaParser.scala:833)
	at scala.meta.internal.parsers.ScalametaParser.expr(ScalametaParser.scala:2214)
	at scala.meta.internal.parsers.ScalametaParser.expr(ScalametaParser.scala:2109)
	at scala.meta.internal.parsers.ScalametaParser.exprMaybeIndented(ScalametaParser.scala:2137)
	at scala.meta.internal.parsers.ScalametaParser.$anonfun$funDefRest$1(ScalametaParser.scala:4259)
	at scala.meta.internal.parsers.ScalametaParser.atPos(ScalametaParser.scala:817)
	at scala.meta.internal.parsers.ScalametaParser.funDefRest(ScalametaParser.scala:4201)
	at scala.meta.internal.parsers.ScalametaParser.funDefOrDclOrExtensionOrSecondaryCtor(ScalametaParser.scala:4130)
	at scala.meta.internal.parsers.ScalametaParser.defOrDclOrSecondaryCtor(ScalametaParser.scala:3983)
	at scala.meta.internal.parsers.ScalametaParser.nonLocalDefOrDcl(ScalametaParser.scala:3968)
	at scala.meta.internal.parsers.ScalametaParser$$anonfun$templateStat$1$1.applyOrElse(ScalametaParser.scala:4891)
	at scala.meta.internal.parsers.ScalametaParser$$anonfun$templateStat$1$1.applyOrElse(ScalametaParser.scala:4885)
	at scala.runtime.AbstractPartialFunction.apply(AbstractPartialFunction.scala:38)
	at scala.meta.internal.parsers.ScalametaParser.statSeq(ScalametaParser.scala:4829)
	at scala.meta.internal.parsers.ScalametaParser.templateStats(ScalametaParser.scala:4901)
	at scala.meta.internal.parsers.ScalametaParser.templateStatSeq(ScalametaParser.scala:4881)
	at scala.meta.internal.parsers.ScalametaParser.$anonfun$templateBody$1(ScalametaParser.scala:4730)
	at scala.meta.internal.parsers.ScalametaParser.inBraces(ScalametaParser.scala:729)
	at scala.meta.internal.parsers.ScalametaParser.templateBody(ScalametaParser.scala:4730)
	at scala.meta.internal.parsers.ScalametaParser.templateBodyOpt(ScalametaParser.scala:4738)
	at scala.meta.internal.parsers.ScalametaParser.templateOpt(ScalametaParser.scala:4723)
	at scala.meta.internal.parsers.ScalametaParser.$anonfun$classDef$1(ScalametaParser.scala:4400)
	at scala.meta.internal.parsers.ScalametaParser.atPos(ScalametaParser.scala:817)
	at scala.meta.internal.parsers.ScalametaParser.classDef(ScalametaParser.scala:4376)
	at scala.meta.internal.parsers.ScalametaParser.tmplDef(ScalametaParser.scala:4332)
	at scala.meta.internal.parsers.ScalametaParser.topLevelTmplDef(ScalametaParser.scala:4320)
	at scala.meta.internal.parsers.ScalametaParser$$anonfun$topStat$1.applyOrElse(ScalametaParser.scala:4851)
	at scala.meta.internal.parsers.ScalametaParser$$anonfun$topStat$1.applyOrElse(ScalametaParser.scala:4839)
	at scala.runtime.AbstractPartialFunction.apply(AbstractPartialFunction.scala:38)
	at scala.meta.internal.parsers.ScalametaParser.statSeq(ScalametaParser.scala:4829)
	at scala.meta.internal.parsers.ScalametaParser.topStatSeq(ScalametaParser.scala:4838)
	at scala.meta.internal.parsers.ScalametaParser.$anonfun$batchSource$1(ScalametaParser.scala:5052)
	at scala.meta.internal.parsers.ScalametaParser.atPos(ScalametaParser.scala:817)
	at scala.meta.internal.parsers.ScalametaParser.autoPos(ScalametaParser.scala:833)
	at scala.meta.internal.parsers.ScalametaParser.batchSource(ScalametaParser.scala:5018)
	at scala.meta.internal.parsers.ScalametaParser.$anonfun$source$1(ScalametaParser.scala:5001)
	at scala.meta.internal.parsers.ScalametaParser.atPos(ScalametaParser.scala:817)
	at scala.meta.internal.parsers.ScalametaParser.autoPos(ScalametaParser.scala:833)
	at scala.meta.internal.parsers.ScalametaParser.source(ScalametaParser.scala:5000)
	at scala.meta.internal.parsers.ScalametaParser.entrypointSource(ScalametaParser.scala:5006)
	at scala.meta.internal.parsers.ScalametaParser.$anonfun$parseSource$2(ScalametaParser.scala:142)
	at scala.meta.internal.parsers.ScalametaParser.parseRule(ScalametaParser.scala:52)
	at scala.meta.internal.parsers.ScalametaParser.parseSource(ScalametaParser.scala:142)
	at scala.meta.parsers.Parse$.$anonfun$parseSource$1(Parse.scala:29)
	at scala.meta.internal.parsers.ScalametaParser$$anon$257.apply(ScalametaParser.scala:5063)
	at scala.meta.parsers.Api$XtensionParseDialectInput.parse(Api.scala:25)
	at scala.meta.internal.semanticdb.scalac.ParseOps$XtensionCompilationUnitSource.toSource(ParseOps.scala:17)
	at scala.meta.internal.semanticdb.scalac.TextDocumentOps$XtensionCompilationUnitDocument.toTextDocument(TextDocumentOps.scala:201)
	at scala.meta.internal.pc.SemanticdbTextDocumentProvider.textDocument(SemanticdbTextDocumentProvider.scala:51)

[0m2021.04.13 12:00:04 WARN  no build target for: C:\Users\Federico\Exercism\scala\word-count\src\main\scala\WordCount.scala[0m
abr 13, 2021 12:00:04 PM scala.meta.internal.pc.CompilerAccess handleError
SEVERE: file%3A%2F%2F%2FC%3A%2FUsers%2FFederico%2FExercism%2Fscala%2Fword-count%2Fsrc%2Fmain%2Fscala%2FWordCount.scala:5: error: identifier expected but } found
}
^
file%3A%2F%2F%2FC%3A%2FUsers%2FFederico%2FExercism%2Fscala%2Fword-count%2Fsrc%2Fmain%2Fscala%2FWordCount.scala:5: error: identifier expected but } found
}
^
	at scala.meta.internal.parsers.Reporter.syntaxError(Reporter.scala:16)
	at scala.meta.internal.parsers.Reporter.syntaxError$(Reporter.scala:16)
	at scala.meta.internal.parsers.Reporter$$anon$1.syntaxError(Reporter.scala:22)
	at scala.meta.internal.parsers.Reporter.syntaxError(Reporter.scala:17)
	at scala.meta.internal.parsers.Reporter.syntaxError$(Reporter.scala:17)
	at scala.meta.internal.parsers.Reporter$$anon$1.syntaxError(Reporter.scala:22)
	at scala.meta.internal.parsers.ScalametaParser.syntaxErrorExpected(ScalametaParser.scala:852)
	at scala.meta.internal.parsers.ScalametaParser.name(ScalametaParser.scala:1846)
	at scala.meta.internal.parsers.ScalametaParser.termName(ScalametaParser.scala:1849)
	at scala.meta.internal.parsers.ScalametaParser.$anonfun$selector$1(ScalametaParser.scala:1921)
	at scala.meta.internal.parsers.ScalametaParser.atPos(ScalametaParser.scala:817)
	at scala.meta.internal.parsers.ScalametaParser.selector(ScalametaParser.scala:1921)
	at scala.meta.internal.parsers.ScalametaParser.$anonfun$simpleExprRest$1(ScalametaParser.scala:2907)
	at scala.meta.internal.parsers.ScalametaParser.atPos(ScalametaParser.scala:817)
	at scala.meta.internal.parsers.ScalametaParser.simpleExprRest(ScalametaParser.scala:2894)
	at scala.meta.internal.parsers.ScalametaParser.$anonfun$simpleExpr0$5(ScalametaParser.scala:2840)
	at scala.util.Success.$anonfun$map$1(Try.scala:255)
	at scala.util.Success.map(Try.scala:213)
	at scala.meta.internal.parsers.ScalametaParser.$anonfun$simpleExpr0$1(ScalametaParser.scala:2840)
	at scala.meta.internal.parsers.ScalametaParser.atPosTry(ScalametaParser.scala:826)
	at scala.meta.internal.parsers.ScalametaParser.autoPosTry(ScalametaParser.scala:836)
	at scala.meta.internal.parsers.ScalametaParser.simpleExpr0(ScalametaParser.scala:2789)
	at scala.meta.internal.parsers.ScalametaParser.simpleExpr(ScalametaParser.scala:2787)
	at scala.meta.internal.parsers.ScalametaParser.prefixExpr(ScalametaParser.scala:2771)
	at scala.meta.internal.parsers.ScalametaParser.postfixExpr(ScalametaParser.scala:2751)
	at scala.meta.internal.parsers.ScalametaParser.$anonfun$expr$14(ScalametaParser.scala:2328)
	at scala.meta.internal.parsers.ScalametaParser.atPos(ScalametaParser.scala:817)
	at scala.meta.internal.parsers.ScalametaParser.autoPos(ScalametaParser.scala:833)
	at scala.meta.internal.parsers.ScalametaParser.$anonfun$expr$2(ScalametaParser.scala:2328)
	at scala.meta.internal.parsers.ScalametaParser.atPos(ScalametaParser.scala:817)
	at scala.meta.internal.parsers.ScalametaParser.autoPos(ScalametaParser.scala:833)
	at scala.meta.internal.parsers.ScalametaParser.expr(ScalametaParser.scala:2214)
	at scala.meta.internal.parsers.ScalametaParser.expr(ScalametaParser.scala:2109)
	at scala.meta.internal.parsers.ScalametaParser.exprMaybeIndented(ScalametaParser.scala:2137)
	at scala.meta.internal.parsers.ScalametaParser.$anonfun$funDefRest$1(ScalametaParser.scala:4259)
	at scala.meta.internal.parsers.ScalametaParser.atPos(ScalametaParser.scala:817)
	at scala.meta.internal.parsers.ScalametaParser.funDefRest(ScalametaParser.scala:4201)
	at scala.meta.internal.parsers.ScalametaParser.funDefOrDclOrExtensionOrSecondaryCtor(ScalametaParser.scala:4130)
	at scala.meta.internal.parsers.ScalametaParser.defOrDclOrSecondaryCtor(ScalametaParser.scala:3983)
	at scala.meta.internal.parsers.ScalametaParser.nonLocalDefOrDcl(ScalametaParser.scala:3968)
	at scala.meta.internal.parsers.ScalametaParser$$anonfun$templateStat$1$1.applyOrElse(ScalametaParser.scala:4891)
	at scala.meta.internal.parsers.ScalametaParser$$anonfun$templateStat$1$1.applyOrElse(ScalametaParser.scala:4885)
	at scala.runtime.AbstractPartialFunction.apply(AbstractPartialFunction.scala:38)
	at scala.meta.internal.parsers.ScalametaParser.statSeq(ScalametaParser.scala:4829)
	at scala.meta.internal.parsers.ScalametaParser.templateStats(ScalametaParser.scala:4901)
	at scala.meta.internal.parsers.ScalametaParser.templateStatSeq(ScalametaParser.scala:4881)
	at scala.meta.internal.parsers.ScalametaParser.$anonfun$templateBody$1(ScalametaParser.scala:4730)
	at scala.meta.internal.parsers.ScalametaParser.inBraces(ScalametaParser.scala:729)
	at scala.meta.internal.parsers.ScalametaParser.templateBody(ScalametaParser.scala:4730)
	at scala.meta.internal.parsers.ScalametaParser.templateBodyOpt(ScalametaParser.scala:4738)
	at scala.meta.internal.parsers.ScalametaParser.templateOpt(ScalametaParser.scala:4723)
	at scala.meta.internal.parsers.ScalametaParser.$anonfun$classDef$1(ScalametaParser.scala:4400)
	at scala.meta.internal.parsers.ScalametaParser.atPos(ScalametaParser.scala:817)
	at scala.meta.internal.parsers.ScalametaParser.classDef(ScalametaParser.scala:4376)
	at scala.meta.internal.parsers.ScalametaParser.tmplDef(ScalametaParser.scala:4332)
	at scala.meta.internal.parsers.ScalametaParser.topLevelTmplDef(ScalametaParser.scala:4320)
	at scala.meta.internal.parsers.ScalametaParser$$anonfun$topStat$1.applyOrElse(ScalametaParser.scala:4851)
	at scala.meta.internal.parsers.ScalametaParser$$anonfun$topStat$1.applyOrElse(ScalametaParser.scala:4839)
	at scala.runtime.AbstractPartialFunction.apply(AbstractPartialFunction.scala:38)
	at scala.meta.internal.parsers.ScalametaParser.statSeq(ScalametaParser.scala:4829)
	at scala.meta.internal.parsers.ScalametaParser.topStatSeq(ScalametaParser.scala:4838)
	at scala.meta.internal.parsers.ScalametaParser.$anonfun$batchSource$1(ScalametaParser.scala:5052)
	at scala.meta.internal.parsers.ScalametaParser.atPos(ScalametaParser.scala:817)
	at scala.meta.internal.parsers.ScalametaParser.autoPos(ScalametaParser.scala:833)
	at scala.meta.internal.parsers.ScalametaParser.batchSource(ScalametaParser.scala:5018)
	at scala.meta.internal.parsers.ScalametaParser.$anonfun$source$1(ScalametaParser.scala:5001)
	at scala.meta.internal.parsers.ScalametaParser.atPos(ScalametaParser.scala:817)
	at scala.meta.internal.parsers.ScalametaParser.autoPos(ScalametaParser.scala:833)
	at scala.meta.internal.parsers.ScalametaParser.source(ScalametaParser.scala:5000)
	at scala.meta.internal.parsers.ScalametaParser.entrypointSource(ScalametaParser.scala:5006)
	at scala.meta.internal.parsers.ScalametaParser.$anonfun$parseSource$2(ScalametaParser.scala:142)
	at scala.meta.internal.parsers.ScalametaParser.parseRule(ScalametaParser.scala:52)
	at scala.meta.internal.parsers.ScalametaParser.parseSource(ScalametaParser.scala:142)
	at scala.meta.parsers.Parse$.$anonfun$parseSource$1(Parse.scala:29)
	at scala.meta.internal.parsers.ScalametaParser$$anon$257.apply(ScalametaParser.scala:5063)
	at scala.meta.parsers.Api$XtensionParseDialectInput.parse(Api.scala:25)
	at scala.meta.internal.semanticdb.scalac.ParseOps$XtensionCompilationUnitSource.toSource(ParseOps.scala:17)
	at scala.meta.internal.semanticdb.scalac.TextDocumentOps$XtensionCompilationUnitDocument.toTextDocument(TextDocumentOps.scala:201)
	at scala.meta.internal.pc.SemanticdbTextDocumentProvider.textDocument(SemanticdbTextDocumentProvider.scala:51)

[0m2021.04.13 23:28:20 INFO  shutting down Metals[0m
