[0m2021.05.07 16:17:17 INFO  Started: Metals version 0.10.2 in workspace 'C:\Users\Federico\Exercism\scala\kindergarten-garden' for client vscode 1.55.2.[0m
[0m2021.05.07 16:17:17 INFO  time: initialize in 0.3s[0m
[0m2021.05.07 16:17:17 WARN  Build server is not auto-connectable.[0m
[0m2021.05.07 16:17:17 WARN  no build target for: C:\Users\Federico\Exercism\scala\kindergarten-garden\src\main\scala\Garden.scala[0m
[0m2021.05.07 16:17:21 INFO  running 'C:\Program Files\Java\jdk1.8.0_271\bin\java -Djline.terminal=jline.UnsupportedTerminal -Dsbt.log.noformat=true -Dfile.encoding=UTF-8 -jar C:\Users\Federico\AppData\Local\Temp\metals355484093121973502\sbt-launch.jar -Dbloop.export-jar-classifiers=sources bloopInstall'[0m
[0m2021.05.07 16:17:24 INFO  no build target: using presentation compiler with only scala-library: 2.12.13[0m
may 07, 2021 4:17:24 PM org.eclipse.lsp4j.jsonrpc.RemoteEndpoint handleCancellation
WARNING: Unmatched cancel notification for request id 6
[0m2021.05.07 16:17:24 WARN  no build target for: C:\Users\Federico\Exercism\scala\kindergarten-garden\src\test\scala\GardenTest.scala[0m
[0m2021.05.07 16:17:25 INFO  [info] Loading settings for project kindergarten-garden-build-build from metals.sbt ...[0m
[0m2021.05.07 16:17:25 INFO  [info] Loading project definition from C:\Users\Federico\Exercism\scala\kindergarten-garden\project\project[0m
[0m2021.05.07 16:17:25 INFO  [info] Updating ProjectRef(uri("file:/C:/Users/Federico/Exercism/scala/kindergarten-garden/project/project/"), "kindergarten-garden-build-build")...[0m
[0m2021.05.07 16:17:26 INFO  time: code lens generation in 1.68s[0m
[0m2021.05.07 16:17:26 INFO  time: code lens generation in 4.35s[0m
[0m2021.05.07 16:17:26 INFO  time: code lens generation in 4.99s[0m
[0m2021.05.07 16:17:26 INFO  time: code lens generation in 7.97s[0m
[0m2021.05.07 16:17:26 INFO  [info] Done updating.[0m
[0m2021.05.07 16:17:26 INFO  [info] Loading settings for project kindergarten-garden-build from metals.sbt ...[0m
[0m2021.05.07 16:17:28 INFO  [info] Loading project definition from C:\Users\Federico\Exercism\scala\kindergarten-garden\project[0m
[0m2021.05.07 16:17:28 INFO  [info] Updating ProjectRef(uri("file:/C:/Users/Federico/Exercism/scala/kindergarten-garden/project/"), "kindergarten-garden-build")...[0m
[0m2021.05.07 16:17:29 INFO  [info] Done updating.[0m
[0m2021.05.07 16:17:29 INFO  [success] Generated .bloop\kindergarten-garden-build.json[0m
[0m2021.05.07 16:17:29 INFO  [success] Total time: 2 s, completed 07/05/2021 16:17:30[0m
[0m2021.05.07 16:17:30 INFO  [info] Loading settings for project kindergarten-garden from build.sbt ...[0m
[0m2021.05.07 16:17:30 INFO  [info] Set current project to kindergarten-garden (in build file:/C:/Users/Federico/Exercism/scala/kindergarten-garden/)[0m
[0m2021.05.07 16:17:30 INFO  [info] Updating ...[0m
[0m2021.05.07 16:17:30 INFO  [info] Done updating.[0m
[0m2021.05.07 16:17:30 INFO  [success] Generated .bloop\kindergarten-garden-test.json[0m
[0m2021.05.07 16:17:30 INFO  [success] Generated .bloop\kindergarten-garden.json[0m
[0m2021.05.07 16:17:30 INFO  [success] Total time: 0 s, completed 07/05/2021 16:17:31[0m
[0m2021.05.07 16:17:30 INFO  sbt bloopInstall exit: 0[0m
[0m2021.05.07 16:17:31 INFO  time: ran 'sbt bloopInstall' in 10s[0m
[0m2021.05.07 16:17:31 INFO  Attempting to connect to the build server...[0m
Starting the bsp launcher for bloop...
Opening a bsp server connection with 'bsp --protocol tcp --port 21815'...
Waiting for the bsp connection to come up...
Waiting for the bsp connection to come up...
Waiting for the bsp connection to come up...
No server running at 127.0.0.1:8212, let's fire one...
Resolving ch.epfl.scala:bloop-frontend_2.12:1.4.8-19-4d9f966b...
Starting bloop server at 127.0.0.1:8212...
Attempting a connection to the server...
[0m[32m[D][0m Loading 2 projects from 'c:\Users\Federico\Exercism\scala\kindergarten-garden\.bloop'...
[0m[32m[D][0m Loading project from 'c:\Users\Federico\Exercism\scala\kindergarten-garden\.bloop\kindergarten-garden-test.json'
[0m[32m[D][0m Loading project from 'c:\Users\Federico\Exercism\scala\kindergarten-garden\.bloop\kindergarten-garden.json'
[0m[32m[D][0m Cache miss for scala instance org.scala-lang:scala-compiler:2.12.8.
[0m[32m[D][0m   => C:\Users\Federico\.ivy2\cache\jline\jline\jars\jline-2.14.6.jar
[0m[32m[D][0m   => C:\Users\Federico\.ivy2\cache\org.scala-lang.modules\scala-xml_2.12\bundles\scala-xml_2.12-1.0.6.jar
[0m[32m[D][0m   => C:\Users\Federico\.ivy2\cache\org.scala-lang\scala-compiler\jars\scala-compiler-2.12.8.jar
[0m[32m[D][0m   => C:\Users\Federico\.ivy2\cache\org.scala-lang\scala-library\jars\scala-library-2.12.8.jar
[0m[32m[D][0m   => C:\Users\Federico\.ivy2\cache\org.scala-lang\scala-reflect\jars\scala-reflect-2.12.8.jar
[0m[32m[D][0m Missing analysis file for project 'kindergarten-garden'
[0m[32m[D][0m Missing analysis file for project 'kindergarten-garden-test'
[0m[32m[D][0m Waiting for a connection at 127.0.0.1:21815...
The server is listening for incoming connections at tcp://127.0.0.1:21815...
Starting thread that pumps stdin and redirects it to the bsp server...
Starting thread that pumps server stdout and redirects it to the client stdout...
[0m2021.05.07 16:17:35 INFO  tracing is disabled for protocol BSP, to enable tracing of incoming and outgoing JSON messages create an empty file at C:\Users\Federico\AppData\Local\scalameta\metals\cache\bsp.trace.json[0m
[0m2021.05.07 16:17:35 INFO  Attempting to connect to the build server...[0m
Starting the bsp launcher for bloop...
Opening a bsp server connection with 'bsp --protocol tcp --port 35851'...
Waiting for the bsp connection to come up...
[0m[32m[D][0m Loading workspace settings from bloop.settings.json
[0m[32m[D][0m Waiting for a connection at 127.0.0.1:35851...
The server is listening for incoming connections at tcp://127.0.0.1:35851...
Starting thread that pumps stdin and redirects it to the bsp server...
Starting thread that pumps server stdout and redirects it to the client stdout...
[0m2021.05.07 16:17:36 INFO  tracing is disabled for protocol BSP, to enable tracing of incoming and outgoing JSON messages create an empty file at C:\Users\Federico\AppData\Local\scalameta\metals\cache\bsp.trace.json[0m
[0m2021.05.07 16:17:36 INFO  time: Connected to build server in 5.09s[0m
[0m2021.05.07 16:17:36 INFO  Connected to Build server: Bloop v1.4.8-19-4d9f966b[0m
[0m2021.05.07 16:17:40 INFO  time: indexed workspace in 3.85s[0m
[0m2021.05.07 16:17:40 INFO  compiling kindergarten-garden (1 scala source)[0m
[0m2021.05.07 16:17:42 INFO  compiling kindergarten-garden-test (1 scala source)[0m
[0m2021.05.07 16:18:23 INFO  time: compiled kindergarten-garden in 42s[0m
may 07, 2021 4:18:23 PM org.eclipse.lsp4j.jsonrpc.RemoteEndpoint handleCancellation
WARNING: Unmatched cancel notification for request id 15
[0m2021.05.07 16:18:23 INFO  time: compiled kindergarten-garden-test in 41s[0m
[0m2021.05.07 16:18:33 INFO  compiling kindergarten-garden (1 scala source)[0m
[0m2021.05.07 16:18:33 INFO  time: compiled kindergarten-garden in 0.87s[0m
[0m2021.05.07 16:18:44 INFO  compiling kindergarten-garden-test (1 scala source)[0m
[0m2021.05.07 16:18:44 INFO  time: compiled kindergarten-garden-test in 0.2s[0m
[0m2021.05.07 16:18:45 ERROR code navigation does not work for the file 'C:\Users\Federico\Exercism\scala\kindergarten-garden\src\test\scala\GardenTest.scala' because the build target kindergarten-garden-test is being compiled. Wait until compilation is finished and try again.[0m
may 07, 2021 4:18:46 PM org.eclipse.lsp4j.jsonrpc.RemoteEndpoint handleCancellation
WARNING: Unmatched cancel notification for request id 50
[0m2021.05.07 16:18:47 INFO  compiling kindergarten-garden-test (1 scala source)[0m
[0m2021.05.07 16:18:47 INFO  time: compiled kindergarten-garden-test in 0.18s[0m
[0m2021.05.07 16:18:49 INFO  compiling kindergarten-garden-test (1 scala source)[0m
[0m2021.05.07 16:18:49 INFO  time: compiled kindergarten-garden-test in 0.24s[0m
[0m2021.05.07 16:18:53 INFO  compiling kindergarten-garden (1 scala source)[0m
[0m2021.05.07 16:18:53 INFO  time: compiled kindergarten-garden in 0.21s[0m
[0m2021.05.07 16:18:58 INFO  compiling kindergarten-garden (1 scala source)[0m
[0m2021.05.07 16:18:58 INFO  time: compiled kindergarten-garden in 44ms[0m
[0m2021.05.07 16:18:59 INFO  compiling kindergarten-garden (1 scala source)[0m
[0m2021.05.07 16:18:59 INFO  time: compiled kindergarten-garden in 33ms[0m
[0m2021.05.07 16:18:59 INFO  compiling kindergarten-garden (1 scala source)[0m
[0m2021.05.07 16:18:59 INFO  time: compiled kindergarten-garden in 30ms[0m
Exception in thread "pool-1-thread-3" java.lang.Error: java.lang.InterruptedException
	at java.util.concurrent.ThreadPoolExecutor.runWorker(ThreadPoolExecutor.java:1155)
	at java.util.concurrent.ThreadPoolExecutor$Worker.run(ThreadPoolExecutor.java:624)
	at java.lang.Thread.run(Thread.java:748)
Caused by: java.lang.InterruptedException
	at scala.meta.internal.metals.FutureCancelToken.checkCanceled(FutureCancelToken.scala:29)
	at scala.meta.internal.mtags.MtagsEnrichments$XtensionCancelChecker.isCancelled(MtagsEnrichments.scala:148)
	at scala.meta.internal.metals.FormattingProvider.$anonfun$isCancelled$1(FormattingProvider.scala:62)
	at scala.meta.internal.metals.FormattingProvider.$anonfun$isCancelled$1$adapted(FormattingProvider.scala:62)
	at scala.Option.exists(Option.scala:376)
	at scala.meta.internal.metals.FormattingProvider.isCancelled(FormattingProvider.scala:62)
	at scala.meta.internal.metals.FormattingProvider.$anonfun$handleMissingFile$1(FormattingProvider.scala:203)
	at scala.meta.internal.metals.FormattingProvider.$anonfun$handleMissingFile$1$adapted(FormattingProvider.scala:196)
	at scala.util.Success.$anonfun$map$1(Try.scala:255)
	at scala.util.Success.map(Try.scala:213)
	at scala.concurrent.Future.$anonfun$map$1(Future.scala:292)
	at scala.concurrent.impl.Promise.liftedTree1$1(Promise.scala:33)
	at scala.concurrent.impl.Promise.$anonfun$transform$1(Promise.scala:33)
	at scala.concurrent.impl.CallbackRunnable.run(Promise.scala:64)
	at java.util.concurrent.ThreadPoolExecutor.runWorker(ThreadPoolExecutor.java:1149)
	... 2 more
Exception in thread "pool-1-thread-16" java.lang.Error: java.lang.InterruptedException
	at java.util.concurrent.ThreadPoolExecutor.runWorker(ThreadPoolExecutor.java:1155)
	at java.util.concurrent.ThreadPoolExecutor$Worker.run(ThreadPoolExecutor.java:624)
	at java.lang.Thread.run(Thread.java:748)
Caused by: java.lang.InterruptedException
	at scala.meta.internal.metals.FutureCancelToken.checkCanceled(FutureCancelToken.scala:29)
	at scala.meta.internal.mtags.MtagsEnrichments$XtensionCancelChecker.isCancelled(MtagsEnrichments.scala:148)
	at scala.meta.internal.metals.FormattingProvider.$anonfun$isCancelled$1(FormattingProvider.scala:62)
	at scala.meta.internal.metals.FormattingProvider.$anonfun$isCancelled$1$adapted(FormattingProvider.scala:62)
	at scala.Option.exists(Option.scala:376)
	at scala.meta.internal.metals.FormattingProvider.isCancelled(FormattingProvider.scala:62)
	at scala.meta.internal.metals.FormattingProvider.$anonfun$handleMissingFile$1(FormattingProvider.scala:203)
	at scala.meta.internal.metals.FormattingProvider.$anonfun$handleMissingFile$1$adapted(FormattingProvider.scala:196)
	at scala.util.Success.$anonfun$map$1(Try.scala:255)
	at scala.util.Success.map(Try.scala:213)
	at scala.concurrent.Future.$anonfun$map$1(Future.scala:292)
	at scala.concurrent.impl.Promise.liftedTree1$1(Promise.scala:33)
	at scala.concurrent.impl.Promise.$anonfun$transform$1(Promise.scala:33)
	at scala.concurrent.impl.CallbackRunnable.run(Promise.scala:64)
	at java.util.concurrent.ThreadPoolExecutor.runWorker(ThreadPoolExecutor.java:1149)
	... 2 more
may 07, 2021 4:20:22 PM org.eclipse.lsp4j.jsonrpc.RemoteEndpoint handleCancellation
WARNING: Unmatched cancel notification for request id 152
may 07, 2021 4:20:22 PM org.eclipse.lsp4j.jsonrpc.RemoteEndpoint handleCancellation
WARNING: Unmatched cancel notification for request id 154
may 07, 2021 4:20:22 PM org.eclipse.lsp4j.jsonrpc.RemoteEndpoint handleCancellation
WARNING: Unmatched cancel notification for request id 156
may 07, 2021 4:20:22 PM org.eclipse.lsp4j.jsonrpc.RemoteEndpoint handleCancellation
WARNING: Unmatched cancel notification for request id 158
may 07, 2021 4:20:22 PM org.eclipse.lsp4j.jsonrpc.RemoteEndpoint handleCancellation
WARNING: Unmatched cancel notification for request id 157
may 07, 2021 4:20:22 PM org.eclipse.lsp4j.jsonrpc.RemoteEndpoint handleCancellation
WARNING: Unmatched cancel notification for request id 162
may 07, 2021 4:20:22 PM org.eclipse.lsp4j.jsonrpc.RemoteEndpoint handleCancellation
WARNING: Unmatched cancel notification for request id 164
may 07, 2021 4:20:22 PM org.eclipse.lsp4j.jsonrpc.RemoteEndpoint handleCancellation
WARNING: Unmatched cancel notification for request id 170
[0m2021.05.07 16:20:24 INFO  compiling kindergarten-garden (1 scala source)[0m
[0m2021.05.07 16:20:24 INFO  time: compiled kindergarten-garden in 44ms[0m
[0m2021.05.07 16:20:27 INFO  compiling kindergarten-garden (1 scala source)[0m
[0m2021.05.07 16:20:27 INFO  time: compiled kindergarten-garden in 25ms[0m
may 07, 2021 4:20:28 PM org.eclipse.lsp4j.jsonrpc.RemoteEndpoint handleCancellation
WARNING: Unmatched cancel notification for request id 185
[0m2021.05.07 16:20:29 INFO  compiling kindergarten-garden (1 scala source)[0m
[0m2021.05.07 16:20:29 INFO  time: compiled kindergarten-garden in 21ms[0m
may 07, 2021 4:20:40 PM org.eclipse.lsp4j.jsonrpc.RemoteEndpoint handleCancellation
WARNING: Unmatched cancel notification for request id 192
may 07, 2021 4:20:58 PM org.eclipse.lsp4j.jsonrpc.RemoteEndpoint handleCancellation
WARNING: Unmatched cancel notification for request id 218
may 07, 2021 4:21:21 PM org.eclipse.lsp4j.jsonrpc.RemoteEndpoint handleCancellation
WARNING: Unmatched cancel notification for request id 232
[0m2021.05.07 16:21:32 INFO  compiling kindergarten-garden (1 scala source)[0m
[0m2021.05.07 16:21:32 INFO  time: compiled kindergarten-garden in 43ms[0m
may 07, 2021 4:21:37 PM org.eclipse.lsp4j.jsonrpc.RemoteEndpoint handleCancellation
WARNING: Unmatched cancel notification for request id 285
[0m2021.05.07 16:21:37 INFO  compiling kindergarten-garden (1 scala source)[0m
[0m2021.05.07 16:21:37 INFO  time: compiled kindergarten-garden in 39ms[0m
[0m2021.05.07 16:21:39 ERROR code navigation does not work for the file 'C:\Users\Federico\Exercism\scala\kindergarten-garden\src\test\scala\GardenTest.scala' because the build target kindergarten-garden-test is being compiled. Wait until compilation is finished and try again.[0m
may 07, 2021 4:21:39 PM org.eclipse.lsp4j.jsonrpc.RemoteEndpoint handleCancellation
WARNING: Unmatched cancel notification for request id 295
something's wrong: no file:///C:/Users/Federico/Exercism/scala/kindergarten-garden/src/main/scala/Garden.scala in List[<error>]RangePosition(file:///C:/Users/Federico/Exercism/scala/kindergarten-garden/src/main/scala/Garden.scala, 210, 210, 224)
something's wrong: no file:///C:/Users/Federico/Exercism/scala/kindergarten-garden/src/main/scala/Garden.scala in List[<error>]RangePosition(file:///C:/Users/Federico/Exercism/scala/kindergarten-garden/src/main/scala/Garden.scala, 210, 210, 217)
something's wrong: no file:///C:/Users/Federico/Exercism/scala/kindergarten-garden/src/main/scala/Garden.scala in List[<error>]RangePosition(file:///C:/Users/Federico/Exercism/scala/kindergarten-garden/src/main/scala/Garden.scala, 210, 210, 219)
something's wrong: no file:///C:/Users/Federico/Exercism/scala/kindergarten-garden/src/main/scala/Garden.scala in List[<error>]RangePosition(file:///C:/Users/Federico/Exercism/scala/kindergarten-garden/src/main/scala/Garden.scala, 210, 210, 221)
[0m2021.05.07 16:21:47 INFO  compiling kindergarten-garden (1 scala source)[0m
[0m2021.05.07 16:21:47 INFO  time: compiled kindergarten-garden in 42ms[0m
something's wrong: no file:///C:/Users/Federico/Exercism/scala/kindergarten-garden/src/main/scala/Garden.scala in List[<error>]RangePosition(file:///C:/Users/Federico/Exercism/scala/kindergarten-garden/src/main/scala/Garden.scala, 210, 210, 221)
[0m2021.05.07 16:21:49 INFO  compiling kindergarten-garden (1 scala source)[0m
[0m2021.05.07 16:21:49 INFO  time: compiled kindergarten-garden in 53ms[0m
[0m2021.05.07 16:21:55 INFO  compiling kindergarten-garden (1 scala source)[0m
[0m2021.05.07 16:21:55 INFO  time: compiled kindergarten-garden in 77ms[0m
[0m2021.05.07 16:21:58 INFO  compiling kindergarten-garden (1 scala source)[0m
[0m2021.05.07 16:21:58 INFO  time: compiled kindergarten-garden in 68ms[0m
may 07, 2021 4:22:00 PM org.eclipse.lsp4j.jsonrpc.RemoteEndpoint handleCancellation
WARNING: Unmatched cancel notification for request id 372
[0m2021.05.07 16:22:00 INFO  compiling kindergarten-garden (1 scala source)[0m
[0m2021.05.07 16:22:00 INFO  time: compiled kindergarten-garden in 53ms[0m
[0m2021.05.07 16:22:04 ERROR code navigation does not work for the file 'C:\Users\Federico\Exercism\scala\kindergarten-garden\src\test\scala\GardenTest.scala' because the SemanticDB file 'C:\Users\Federico\Exercism\scala\kindergarten-garden\.bloop\kindergarten-garden\bloop-bsp-clients-classes\test-classes-Metals-v7U80ipcRDKgu-kz9U3ibQ==\META-INF\semanticdb\src\test\scala\GardenTest.scala.semanticdb' doesn't exist. There can be many reasons for this error. [0m
[0m2021.05.07 16:22:04 ERROR code navigation does not work for the file 'C:\Users\Federico\Exercism\scala\kindergarten-garden\src\test\scala\GardenTest.scala' because the SemanticDB file 'C:\Users\Federico\Exercism\scala\kindergarten-garden\.bloop\kindergarten-garden\bloop-bsp-clients-classes\test-classes-Metals-v7U80ipcRDKgu-kz9U3ibQ==\META-INF\semanticdb\src\test\scala\GardenTest.scala.semanticdb' doesn't exist. There can be many reasons for this error. [0m
may 07, 2021 4:22:16 PM org.eclipse.lsp4j.jsonrpc.RemoteEndpoint handleCancellation
WARNING: Unmatched cancel notification for request id 386
[0m2021.05.07 16:22:25 INFO  compiling kindergarten-garden (1 scala source)[0m
[0m2021.05.07 16:22:25 INFO  time: compiled kindergarten-garden in 21ms[0m
[0m2021.05.07 16:22:43 INFO  compiling kindergarten-garden (1 scala source)[0m
[0m2021.05.07 16:22:43 INFO  time: compiled kindergarten-garden in 20ms[0m
may 07, 2021 4:22:44 PM org.eclipse.lsp4j.jsonrpc.RemoteEndpoint handleCancellation
WARNING: Unmatched cancel notification for request id 484
[0m2021.05.07 16:22:45 INFO  compiling kindergarten-garden (1 scala source)[0m
[0m2021.05.07 16:22:45 INFO  time: compiled kindergarten-garden in 21ms[0m
may 07, 2021 4:22:47 PM org.eclipse.lsp4j.jsonrpc.RemoteEndpoint handleCancellation
WARNING: Unmatched cancel notification for request id 490
[0m2021.05.07 16:22:50 INFO  compiling kindergarten-garden (1 scala source)[0m
[0m2021.05.07 16:22:50 INFO  time: compiled kindergarten-garden in 21ms[0m
may 07, 2021 4:22:51 PM org.eclipse.lsp4j.jsonrpc.RemoteEndpoint handleCancellation
WARNING: Unmatched cancel notification for request id 503
[0m2021.05.07 16:22:52 INFO  compiling kindergarten-garden (1 scala source)[0m
[0m2021.05.07 16:22:52 INFO  time: compiled kindergarten-garden in 19ms[0m
may 07, 2021 4:22:54 PM org.eclipse.lsp4j.jsonrpc.RemoteEndpoint handleCancellation
WARNING: Unmatched cancel notification for request id 514
[0m2021.05.07 16:22:57 INFO  compiling kindergarten-garden (1 scala source)[0m
[0m2021.05.07 16:22:57 INFO  time: compiled kindergarten-garden in 55ms[0m
may 07, 2021 4:27:11 PM org.eclipse.lsp4j.jsonrpc.RemoteEndpoint handleCancellation
WARNING: Unmatched cancel notification for request id 542
[0m2021.05.07 16:27:11 INFO  compiling kindergarten-garden (1 scala source)[0m
[0m2021.05.07 16:27:11 INFO  time: compiled kindergarten-garden in 51ms[0m
may 07, 2021 4:27:43 PM org.eclipse.lsp4j.jsonrpc.RemoteEndpoint handleCancellation
WARNING: Unmatched cancel notification for request id 549
[0m2021.05.07 16:27:53 INFO  compiling kindergarten-garden (1 scala source)[0m
[0m2021.05.07 16:27:53 INFO  time: compiled kindergarten-garden in 49ms[0m
may 07, 2021 4:28:25 PM org.eclipse.lsp4j.jsonrpc.RemoteEndpoint handleCancellation
WARNING: Unmatched cancel notification for request id 587
[0m2021.05.07 16:28:25 INFO  compiling kindergarten-garden (1 scala source)[0m
[0m2021.05.07 16:28:25 INFO  time: compiled kindergarten-garden in 62ms[0m
may 07, 2021 4:28:57 PM org.eclipse.lsp4j.jsonrpc.RemoteEndpoint handleCancellation
WARNING: Unmatched cancel notification for request id 594
[0m2021.05.07 16:29:07 INFO  compiling kindergarten-garden (1 scala source)[0m
[0m2021.05.07 16:29:07 INFO  time: compiled kindergarten-garden in 54ms[0m
[0m2021.05.07 16:29:33 INFO  compiling kindergarten-garden (1 scala source)[0m
[0m2021.05.07 16:29:33 INFO  time: compiled kindergarten-garden in 58ms[0m
[0m2021.05.07 16:29:42 INFO  compiling kindergarten-garden (1 scala source)[0m
[0m2021.05.07 16:29:42 INFO  time: compiled kindergarten-garden in 70ms[0m
[0m2021.05.07 16:31:10 INFO  compiling kindergarten-garden (1 scala source)[0m
[0m2021.05.07 16:31:10 INFO  time: compiled kindergarten-garden in 64ms[0m
[0m2021.05.07 16:31:12 INFO  compiling kindergarten-garden (1 scala source)[0m
[0m2021.05.07 16:31:12 INFO  time: compiled kindergarten-garden in 51ms[0m
[0m2021.05.07 16:31:36 INFO  compiling kindergarten-garden (1 scala source)[0m
[0m2021.05.07 16:31:36 INFO  time: compiled kindergarten-garden in 52ms[0m
[0m2021.05.07 16:31:49 INFO  compiling kindergarten-garden (1 scala source)[0m
[0m2021.05.07 16:31:49 INFO  time: compiled kindergarten-garden in 58ms[0m
[0m2021.05.07 16:31:51 INFO  compiling kindergarten-garden (1 scala source)[0m
[0m2021.05.07 16:31:51 INFO  time: compiled kindergarten-garden in 48ms[0m
[0m2021.05.07 16:31:59 INFO  compiling kindergarten-garden (1 scala source)[0m
[0m2021.05.07 16:31:59 INFO  time: compiled kindergarten-garden in 48ms[0m
[0m2021.05.07 16:33:23 INFO  compiling kindergarten-garden (1 scala source)[0m
[0m2021.05.07 16:33:23 INFO  time: compiled kindergarten-garden in 55ms[0m
may 07, 2021 4:34:08 PM scala.meta.internal.pc.CompletionProvider expected$1
WARNING: null
may 07, 2021 4:34:11 PM scala.meta.internal.pc.CompletionProvider expected$1
WARNING: null
[0m2021.05.07 16:34:12 INFO  compiling kindergarten-garden (1 scala source)[0m
[0m2021.05.07 16:34:12 INFO  time: compiled kindergarten-garden in 52ms[0m
something's wrong: no file:///C:/Users/Federico/Exercism/scala/kindergarten-garden/src/main/scala/Garden.scala in Map[<error>,<error>]RangePosition(file:///C:/Users/Federico/Exercism/scala/kindergarten-garden/src/main/scala/Garden.scala, 371, 371, 392)
something's wrong: no file:///C:/Users/Federico/Exercism/scala/kindergarten-garden/src/main/scala/Garden.scala in Map[<error>,<error>]RangePosition(file:///C:/Users/Federico/Exercism/scala/kindergarten-garden/src/main/scala/Garden.scala, 371, 371, 393)
something's wrong: no file:///C:/Users/Federico/Exercism/scala/kindergarten-garden/src/main/scala/Garden.scala in Map[<error>,<error>]RangePosition(file:///C:/Users/Federico/Exercism/scala/kindergarten-garden/src/main/scala/Garden.scala, 371, 371, 386)
something's wrong: no file:///C:/Users/Federico/Exercism/scala/kindergarten-garden/src/main/scala/Garden.scala in Map[<error>,<error>]RangePosition(file:///C:/Users/Federico/Exercism/scala/kindergarten-garden/src/main/scala/Garden.scala, 371, 371, 388)
something's wrong: no file:///C:/Users/Federico/Exercism/scala/kindergarten-garden/src/main/scala/Garden.scala in Map[<error>,<error>]RangePosition(file:///C:/Users/Federico/Exercism/scala/kindergarten-garden/src/main/scala/Garden.scala, 371, 371, 389)
something's wrong: no file:///C:/Users/Federico/Exercism/scala/kindergarten-garden/src/main/scala/Garden.scala in List[<error>]RangePosition(file:///C:/Users/Federico/Exercism/scala/kindergarten-garden/src/main/scala/Garden.scala, 384, 384, 409)
something's wrong: no file:///C:/Users/Federico/Exercism/scala/kindergarten-garden/src/main/scala/Garden.scala in List[<error>]RangePosition(file:///C:/Users/Federico/Exercism/scala/kindergarten-garden/src/main/scala/Garden.scala, 384, 384, 398)
something's wrong: no file:///C:/Users/Federico/Exercism/scala/kindergarten-garden/src/main/scala/Garden.scala in List[<error>]RangePosition(file:///C:/Users/Federico/Exercism/scala/kindergarten-garden/src/main/scala/Garden.scala, 384, 384, 391)
something's wrong: no file:///C:/Users/Federico/Exercism/scala/kindergarten-garden/src/main/scala/Garden.scala in List[<error>]RangePosition(file:///C:/Users/Federico/Exercism/scala/kindergarten-garden/src/main/scala/Garden.scala, 384, 384, 393)
something's wrong: no file:///C:/Users/Federico/Exercism/scala/kindergarten-garden/src/main/scala/Garden.scala in List[<error>]RangePosition(file:///C:/Users/Federico/Exercism/scala/kindergarten-garden/src/main/scala/Garden.scala, 384, 384, 395)
[0m2021.05.07 16:34:31 INFO  compiling kindergarten-garden (1 scala source)[0m
[0m2021.05.07 16:34:31 INFO  time: compiled kindergarten-garden in 50ms[0m
[0m2021.05.07 16:34:35 ERROR scalafmt: C:\Users\Federico\Exercism\scala\kindergarten-garden\src\main\scala\Garden.scala:20: error: illegal start of simple expression
  def plants(input: String): List[Plant] = {}
  ^[0m
[0m2021.05.07 16:34:40 INFO  compiling kindergarten-garden (1 scala source)[0m
[0m2021.05.07 16:34:40 INFO  time: compiled kindergarten-garden in 19ms[0m
[0m2021.05.07 16:34:46 ERROR scalafmt: C:\Users\Federico\Exercism\scala\kindergarten-garden\src\main\scala\Garden.scala:20: error: illegal start of simple expression
  def plants(input: String): List[Plant] = {}
  ^[0m
[0m2021.05.07 16:34:50 INFO  compiling kindergarten-garden (1 scala source)[0m
[0m2021.05.07 16:34:50 INFO  time: compiled kindergarten-garden in 22ms[0m
[0m2021.05.07 16:34:53 INFO  compiling kindergarten-garden (1 scala source)[0m
[0m2021.05.07 16:34:53 INFO  time: compiled kindergarten-garden in 18ms[0m
may 07, 2021 4:36:56 PM org.eclipse.lsp4j.jsonrpc.RemoteEndpoint handleCancellation
WARNING: Unmatched cancel notification for request id 1066
[0m2021.05.07 16:36:56 INFO  compiling kindergarten-garden (1 scala source)[0m
[0m2021.05.07 16:36:56 INFO  time: compiled kindergarten-garden in 23ms[0m
may 07, 2021 5:22:29 PM org.eclipse.lsp4j.jsonrpc.RemoteEndpoint handleCancellation
WARNING: Unmatched cancel notification for request id 1097
[0m2021.05.07 17:23:08 INFO  compiling kindergarten-garden (1 scala source)[0m
[0m2021.05.07 17:23:08 INFO  time: compiled kindergarten-garden in 0.12s[0m
[0m2021.05.07 17:23:20 INFO  compiling kindergarten-garden (1 scala source)[0m
[0m2021.05.07 17:23:20 INFO  time: compiled kindergarten-garden in 0.18s[0m
[0m2021.05.07 17:23:22 INFO  compiling kindergarten-garden (1 scala source)[0m
[0m2021.05.07 17:23:22 INFO  time: compiled kindergarten-garden in 0.13s[0m
may 07, 2021 5:39:34 PM org.eclipse.lsp4j.jsonrpc.RemoteEndpoint handleCancellation
WARNING: Unmatched cancel notification for request id 1149
[0m2021.05.07 17:39:34 INFO  compiling kindergarten-garden (1 scala source)[0m
[0m2021.05.07 17:39:34 INFO  time: compiled kindergarten-garden in 91ms[0m
may 07, 2021 5:40:29 PM org.eclipse.lsp4j.jsonrpc.RemoteEndpoint handleCancellation
WARNING: Unmatched cancel notification for request id 1159
[0m2021.05.07 17:40:42 INFO  compiling kindergarten-garden (1 scala source)[0m
[0m2021.05.07 17:40:42 INFO  time: compiled kindergarten-garden in 0.1s[0m
[0m2021.05.07 17:40:52 INFO  C:\Users\Federico\Exercism\scala\kindergarten-garden\src\main\scala\Garden.scala:27:35: stale bloop error: not found: type Plant
  def plants(input: String): List[Plant] = {}
                                  ^^^^^[0m
[0m2021.05.07 17:40:52 INFO  C:\Users\Federico\Exercism\scala\kindergarten-garden\src\main\scala\Garden.scala:27:35: stale bloop error: not found: type Plant
  def plants(input: String): List[Plant] = {}
                                  ^^^^^[0m
[0m2021.05.07 17:41:12 INFO  compiling kindergarten-garden (1 scala source)[0m
[0m2021.05.07 17:41:12 INFO  time: compiled kindergarten-garden in 94ms[0m
[0m2021.05.07 17:41:14 INFO  compiling kindergarten-garden (1 scala source)[0m
[0m2021.05.07 17:41:14 INFO  time: compiled kindergarten-garden in 76ms[0m
something's wrong: no file:///C:/Users/Federico/Exercism/scala/kindergarten-garden/src/main/scala/Garden.scala in Map[Int,Array[Char]]RangePosition(file:///C:/Users/Federico/Exercism/scala/kindergarten-garden/src/main/scala/Garden.scala, 580, 580, 601)
[0m2021.05.07 17:41:55 INFO  compiling kindergarten-garden (1 scala source)[0m
[0m2021.05.07 17:41:55 INFO  time: compiled kindergarten-garden in 77ms[0m
may 07, 2021 5:42:26 PM org.eclipse.lsp4j.jsonrpc.RemoteEndpoint handleCancellation
WARNING: Unmatched cancel notification for request id 1352
[0m2021.05.07 17:42:26 INFO  compiling kindergarten-garden (1 scala source)[0m
[0m2021.05.07 17:42:26 INFO  time: compiled kindergarten-garden in 76ms[0m
may 07, 2021 5:43:01 PM org.eclipse.lsp4j.jsonrpc.RemoteEndpoint handleCancellation
WARNING: Unmatched cancel notification for request id 1359
[0m2021.05.07 17:43:20 INFO  compiling kindergarten-garden (1 scala source)[0m
[0m2021.05.07 17:43:20 INFO  time: compiled kindergarten-garden in 18ms[0m
[0m2021.05.07 17:44:06 INFO  compiling kindergarten-garden (1 scala source)[0m
[0m2021.05.07 17:44:06 INFO  time: compiled kindergarten-garden in 84ms[0m
[0m2021.05.07 17:46:49 INFO  compiling kindergarten-garden (1 scala source)[0m
[0m2021.05.07 17:46:49 INFO  time: compiled kindergarten-garden in 79ms[0m
[0m2021.05.07 17:47:21 INFO  compiling kindergarten-garden (1 scala source)[0m
[0m2021.05.07 17:47:21 INFO  time: compiled kindergarten-garden in 85ms[0m
[0m2021.05.07 17:47:24 INFO  compiling kindergarten-garden (1 scala source)[0m
[0m2021.05.07 17:47:24 INFO  time: compiled kindergarten-garden in 76ms[0m
[0m2021.05.07 17:47:26 INFO  compiling kindergarten-garden (1 scala source)[0m
[0m2021.05.07 17:47:26 INFO  time: compiled kindergarten-garden in 83ms[0m
[0m2021.05.07 17:47:36 INFO  compiling kindergarten-garden (1 scala source)[0m
[0m2021.05.07 17:47:36 INFO  time: compiled kindergarten-garden in 76ms[0m
[0m2021.05.07 17:49:11 INFO  compiling kindergarten-garden (1 scala source)[0m
[0m2021.05.07 17:49:11 INFO  time: compiled kindergarten-garden in 77ms[0m
something's wrong: no file:///C:/Users/Federico/Exercism/scala/kindergarten-garden/src/main/scala/Garden.scala in Array[Char]RangePosition(file:///C:/Users/Federico/Exercism/scala/kindergarten-garden/src/main/scala/Garden.scala, 704, 704, 715)
something's wrong: no file:///C:/Users/Federico/Exercism/scala/kindergarten-garden/src/main/scala/Garden.scala in List[<error>]RangePosition(file:///C:/Users/Federico/Exercism/scala/kindergarten-garden/src/main/scala/Garden.scala, 900, 900, 911)
[0m2021.05.07 17:49:17 INFO  compiling kindergarten-garden (1 scala source)[0m
[0m2021.05.07 17:49:17 INFO  time: compiled kindergarten-garden in 74ms[0m
[0m2021.05.07 17:49:19 INFO  compiling kindergarten-garden (1 scala source)[0m
[0m2021.05.07 17:49:19 INFO  time: compiled kindergarten-garden in 67ms[0m
[0m2021.05.07 17:49:42 INFO  compiling kindergarten-garden (1 scala source)[0m
[0m2021.05.07 17:49:42 INFO  time: compiled kindergarten-garden in 71ms[0m
[0m2021.05.07 17:51:11 INFO  compiling kindergarten-garden (1 scala source)[0m
[0m2021.05.07 17:51:11 INFO  time: compiled kindergarten-garden in 18ms[0m
[0m2021.05.07 17:51:20 INFO  compiling kindergarten-garden (1 scala source)[0m
[0m2021.05.07 17:51:20 INFO  time: compiled kindergarten-garden in 17ms[0m
[0m2021.05.07 17:51:21 ERROR scalafmt: C:\Users\Federico\Exercism\scala\kindergarten-garden\src\main\scala\Garden.scala:39: error: identifier expected but ) found
  def plants(input: String): Array[Char] = defaultGarden(input)(Students.withName(input).)
                                                                                         ^[0m
[0m2021.05.07 17:51:47 ERROR scalafmt: C:\Users\Federico\Exercism\scala\kindergarten-garden\src\main\scala\Garden.scala:39: error: identifier expected but ) found
  def plants(input: String): Array[Char] = defaultGarden(input)(Students.withName(input).)
                                                                                         ^[0m
[0m2021.05.07 17:51:55 INFO  compiling kindergarten-garden (1 scala source)[0m
[0m2021.05.07 17:51:55 INFO  time: compiled kindergarten-garden in 18ms[0m
[0m2021.05.07 17:51:57 INFO  compiling kindergarten-garden (1 scala source)[0m
[0m2021.05.07 17:51:57 INFO  time: compiled kindergarten-garden in 0.1s[0m
[0m2021.05.07 17:52:01 INFO  compiling kindergarten-garden (1 scala source)[0m
[0m2021.05.07 17:52:01 INFO  time: compiled kindergarten-garden in 68ms[0m
[0m2021.05.07 17:52:30 INFO  compiling kindergarten-garden (1 scala source)[0m
[0m2021.05.07 17:52:30 INFO  time: compiled kindergarten-garden in 71ms[0m
[0m2021.05.07 17:55:18 INFO  compiling kindergarten-garden (1 scala source)[0m
[0m2021.05.07 17:55:18 INFO  time: compiled kindergarten-garden in 76ms[0m
[0m2021.05.07 17:55:43 INFO  compiling kindergarten-garden (1 scala source)[0m
[0m2021.05.07 17:55:43 INFO  time: compiled kindergarten-garden in 69ms[0m
[0m2021.05.07 17:56:08 INFO  compiling kindergarten-garden (1 scala source)[0m
[0m2021.05.07 17:56:08 INFO  time: compiled kindergarten-garden in 66ms[0m
[0m2021.05.07 17:56:11 INFO  compiling kindergarten-garden (1 scala source)[0m
[0m2021.05.07 17:56:11 INFO  time: compiled kindergarten-garden in 65ms[0m
[0m2021.05.07 17:56:13 INFO  compiling kindergarten-garden (1 scala source)[0m
[0m2021.05.07 17:56:13 INFO  time: compiled kindergarten-garden in 0.49s[0m
[0m2021.05.07 17:56:16 INFO  compiling kindergarten-garden (1 scala source)[0m
[0m2021.05.07 17:56:16 INFO  time: compiled kindergarten-garden in 0.26s[0m
[0m2021.05.07 17:56:18 INFO  compiling kindergarten-garden (1 scala source)[0m
[0m2021.05.07 17:56:18 INFO  time: compiled kindergarten-garden in 86ms[0m
[0m2021.05.07 17:56:27 INFO  compiling kindergarten-garden (1 scala source)[0m
[0m2021.05.07 17:56:27 INFO  time: compiled kindergarten-garden in 0.23s[0m
something's wrong: no file:///C:/Users/Federico/Exercism/scala/kindergarten-garden/src/main/scala/Garden.scala in Array[Char]RangePosition(file:///C:/Users/Federico/Exercism/scala/kindergarten-garden/src/main/scala/Garden.scala, 995, 995, 1006)
[0m2021.05.07 18:07:09 INFO  compiling kindergarten-garden (1 scala source)[0m
[0m2021.05.07 18:07:09 INFO  time: compiled kindergarten-garden in 85ms[0m
may 07, 2021 6:07:32 PM org.eclipse.lsp4j.jsonrpc.RemoteEndpoint handleCancellation
WARNING: Unmatched cancel notification for request id 2591
[0m2021.05.07 18:07:32 INFO  compiling kindergarten-garden (1 scala source)[0m
[0m2021.05.07 18:07:32 INFO  time: compiled kindergarten-garden in 66ms[0m
may 07, 2021 6:07:36 PM org.eclipse.lsp4j.jsonrpc.RemoteEndpoint handleCancellation
WARNING: Unmatched cancel notification for request id 2598
[0m2021.05.07 18:08:33 INFO  compiling kindergarten-garden (1 scala source)[0m
[0m2021.05.07 18:08:33 INFO  time: compiled kindergarten-garden in 75ms[0m
[0m2021.05.07 18:08:37 INFO  compiling kindergarten-garden (1 scala source)[0m
[0m2021.05.07 18:08:37 INFO  time: compiled kindergarten-garden in 79ms[0m
[0m2021.05.07 18:09:40 INFO  compiling kindergarten-garden (1 scala source)[0m
[0m2021.05.07 18:09:40 INFO  time: compiled kindergarten-garden in 77ms[0m
[0m2021.05.07 18:09:42 INFO  compiling kindergarten-garden (1 scala source)[0m
[0m2021.05.07 18:09:42 INFO  time: compiled kindergarten-garden in 72ms[0m
[0m2021.05.07 18:09:47 INFO  compiling kindergarten-garden (1 scala source)[0m
[0m2021.05.07 18:09:47 INFO  time: compiled kindergarten-garden in 75ms[0m
[0m2021.05.07 18:10:00 INFO  compiling kindergarten-garden (1 scala source)[0m
[0m2021.05.07 18:10:00 INFO  time: compiled kindergarten-garden in 78ms[0m
[0m2021.05.07 18:10:16 INFO  compiling kindergarten-garden (1 scala source)[0m
[0m2021.05.07 18:10:16 INFO  time: compiled kindergarten-garden in 66ms[0m
[0m2021.05.07 18:16:07 INFO  time: evaluated worksheet 'scala.worksheet.sc' in 19s[0m
[0m2021.05.07 18:16:07 INFO  time: evaluated worksheet 'scala.worksheet.sc' in 0.32s[0m
[0m2021.05.07 18:16:11 INFO  time: evaluated worksheet 'scala.worksheet.sc' in 0.26s[0m
[0m2021.05.07 18:16:24 INFO  time: evaluated worksheet 'scala.worksheet.sc' in 0.23s[0m
[0m2021.05.07 18:16:27 INFO  time: evaluated worksheet 'scala.worksheet.sc' in 0.14s[0m
[0m2021.05.07 18:16:30 INFO  time: evaluated worksheet 'scala.worksheet.sc' in 0.13s[0m
may 07, 2021 6:16:39 PM org.eclipse.lsp4j.jsonrpc.RemoteEndpoint handleCancellation
WARNING: Unmatched cancel notification for request id 2899
may 07, 2021 6:16:43 PM org.eclipse.lsp4j.jsonrpc.RemoteEndpoint handleCancellation
WARNING: Unmatched cancel notification for request id 2908
[0m2021.05.07 18:16:43 INFO  time: evaluated worksheet 'scala.worksheet.sc' in 0.11s[0m
[0m2021.05.07 18:16:48 INFO  time: evaluated worksheet 'scala.worksheet.sc' in 0.12s[0m
[0m2021.05.07 18:16:48 INFO  time: evaluated worksheet 'scala.worksheet.sc' in 0.13s[0m
[0m2021.05.07 18:17:51 INFO  time: evaluated worksheet 'scala.worksheet.sc' in 0.11s[0m
may 07, 2021 6:17:53 PM org.eclipse.lsp4j.jsonrpc.RemoteEndpoint handleCancellation
WARNING: Unmatched cancel notification for request id 2921
[0m2021.05.07 18:19:03 INFO  compiling kindergarten-garden (1 scala source)[0m
[0m2021.05.07 18:19:03 INFO  time: compiled kindergarten-garden in 66ms[0m
[0m2021.05.07 18:19:12 INFO  compiling kindergarten-garden (1 scala source)[0m
[0m2021.05.07 18:19:12 INFO  time: compiled kindergarten-garden in 69ms[0m
may 07, 2021 6:19:23 PM org.eclipse.lsp4j.jsonrpc.RemoteEndpoint handleCancellation
WARNING: Unmatched cancel notification for request id 2965
[0m2021.05.07 18:19:23 INFO  time: evaluated worksheet 'scala.worksheet.sc' in 0.1s[0m
may 07, 2021 6:19:24 PM org.eclipse.lsp4j.jsonrpc.RemoteEndpoint handleCancellation
WARNING: Unmatched cancel notification for request id 2970
[0m2021.05.07 18:19:25 INFO  compiling kindergarten-garden (1 scala source)[0m
[0m2021.05.07 18:19:25 INFO  time: compiled kindergarten-garden in 65ms[0m
may 07, 2021 6:21:10 PM org.eclipse.lsp4j.jsonrpc.RemoteEndpoint handleCancellation
WARNING: Unmatched cancel notification for request id 2983
[0m2021.05.07 18:21:23 INFO  compiling kindergarten-garden (1 scala source)[0m
[0m2021.05.07 18:21:23 INFO  time: compiled kindergarten-garden in 70ms[0m
something's wrong: no file:///C:/Users/Federico/Exercism/scala/kindergarten-garden/src/main/scala/Garden.scala in Array[Char]RangePosition(file:///C:/Users/Federico/Exercism/scala/kindergarten-garden/src/main/scala/Garden.scala, 808, 808, 819)
[0m2021.05.07 18:21:37 INFO  compiling kindergarten-garden (1 scala source)[0m
[0m2021.05.07 18:21:37 INFO  time: compiled kindergarten-garden in 65ms[0m
may 07, 2021 6:21:48 PM org.eclipse.lsp4j.jsonrpc.RemoteEndpoint handleCancellation
WARNING: Unmatched cancel notification for request id 3088
[0m2021.05.07 18:21:48 INFO  compiling kindergarten-garden (1 scala source)[0m
[0m2021.05.07 18:21:48 INFO  time: compiled kindergarten-garden in 64ms[0m
[0m2021.05.07 18:21:50 ERROR code navigation does not work for the file 'C:\Users\Federico\Exercism\scala\kindergarten-garden\src\test\scala\GardenTest.scala' because the build target kindergarten-garden-test is being compiled. Wait until compilation is finished and try again.[0m
[0m2021.05.07 18:21:50 ERROR code navigation does not work for the file 'C:\Users\Federico\Exercism\scala\kindergarten-garden\src\test\scala\GardenTest.scala' because the build target kindergarten-garden-test is being compiled. Wait until compilation is finished and try again.[0m
may 07, 2021 6:21:50 PM org.eclipse.lsp4j.jsonrpc.RemoteEndpoint handleCancellation
WARNING: Unmatched cancel notification for request id 3099
[0m2021.05.07 18:22:00 INFO  compiling kindergarten-garden (1 scala source)[0m
[0m2021.05.07 18:22:00 INFO  time: compiled kindergarten-garden in 62ms[0m
[0m2021.05.07 18:22:07 INFO  compiling kindergarten-garden (1 scala source)[0m
[0m2021.05.07 18:22:07 INFO  time: compiled kindergarten-garden in 62ms[0m
[0m2021.05.07 18:22:17 INFO  compiling kindergarten-garden (1 scala source)[0m
[0m2021.05.07 18:22:17 INFO  time: compiled kindergarten-garden in 68ms[0m
[0m2021.05.07 18:22:19 INFO  compiling kindergarten-garden (1 scala source)[0m
[0m2021.05.07 18:22:19 INFO  time: compiled kindergarten-garden in 56ms[0m
may 07, 2021 6:23:08 PM org.eclipse.lsp4j.jsonrpc.RemoteEndpoint handleCancellation
WARNING: Unmatched cancel notification for request id 3164
[0m2021.05.07 18:23:08 INFO  compiling kindergarten-garden (1 scala source)[0m
[0m2021.05.07 18:23:08 INFO  time: compiled kindergarten-garden in 61ms[0m
may 07, 2021 6:23:21 PM org.eclipse.lsp4j.jsonrpc.RemoteEndpoint handleCancellation
WARNING: Unmatched cancel notification for request id 3171
[0m2021.05.07 18:24:08 INFO  compiling kindergarten-garden (1 scala source)[0m
[0m2021.05.07 18:24:08 INFO  time: compiled kindergarten-garden in 63ms[0m
[0m2021.05.07 18:24:16 INFO  compiling kindergarten-garden (1 scala source)[0m
[0m2021.05.07 18:24:16 INFO  time: compiled kindergarten-garden in 58ms[0m
something's wrong: no file:///C:/Users/Federico/Exercism/scala/kindergarten-garden/src/main/scala/Garden.scala in Map[Int,Array[Char]]RangePosition(file:///C:/Users/Federico/Exercism/scala/kindergarten-garden/src/main/scala/Garden.scala, 482, 482, 503)
something's wrong: no file:///C:/Users/Federico/Exercism/scala/kindergarten-garden/src/main/scala/Garden.scala in Map[Int,Array[Char]]RangePosition(file:///C:/Users/Federico/Exercism/scala/kindergarten-garden/src/main/scala/Garden.scala, 482, 482, 503)
something's wrong: no file:///C:/Users/Federico/Exercism/scala/kindergarten-garden/src/main/scala/Garden.scala in Array[Char]RangePosition(file:///C:/Users/Federico/Exercism/scala/kindergarten-garden/src/main/scala/Garden.scala, 491, 491, 502)
[0m2021.05.07 18:24:46 INFO  compiling kindergarten-garden (1 scala source)[0m
[0m2021.05.07 18:24:46 INFO  time: compiled kindergarten-garden in 67ms[0m
[0m2021.05.07 18:24:58 INFO  compiling kindergarten-garden (1 scala source)[0m
[0m2021.05.07 18:24:58 INFO  time: compiled kindergarten-garden in 61ms[0m
[0m2021.05.07 18:25:23 INFO  compiling kindergarten-garden (1 scala source)[0m
[0m2021.05.07 18:25:23 INFO  time: compiled kindergarten-garden in 78ms[0m
[0m2021.05.07 18:25:50 INFO  compiling kindergarten-garden (1 scala source)[0m
[0m2021.05.07 18:25:50 INFO  time: compiled kindergarten-garden in 0.27s[0m
may 07, 2021 6:26:13 PM org.eclipse.lsp4j.jsonrpc.RemoteEndpoint handleCancellation
WARNING: Unmatched cancel notification for request id 3433
[0m2021.05.07 18:26:13 INFO  compiling kindergarten-garden-test (1 scala source)[0m
[0m2021.05.07 18:26:13 INFO  time: compiled kindergarten-garden-test in 0.46s[0m
may 07, 2021 6:26:16 PM org.eclipse.lsp4j.jsonrpc.RemoteEndpoint handleCancellation
WARNING: Unmatched cancel notification for request id 3440
may 07, 2021 6:26:17 PM org.eclipse.lsp4j.jsonrpc.RemoteEndpoint handleCancellation
WARNING: Unmatched cancel notification for request id 3445
may 07, 2021 6:26:18 PM org.eclipse.lsp4j.jsonrpc.RemoteEndpoint handleCancellation
WARNING: Unmatched cancel notification for request id 3452
[0m2021.05.07 18:26:19 INFO  time: evaluated worksheet 'scala.worksheet.sc' in 0.12s[0m
[0m2021.05.07 18:26:21 ERROR worksheet: C:\Users\Federico\Exercism\scala\kindergarten-garden\src\main\scala\scala.worksheet.sc
java.nio.file.NoSuchFileException: C:\Users\Federico\Exercism\scala\kindergarten-garden\src\main\scala\scala.worksheet.sc
	at sun.nio.fs.WindowsException.translateToIOException(WindowsException.java:79)
	at sun.nio.fs.WindowsException.rethrowAsIOException(WindowsException.java:97)
	at sun.nio.fs.WindowsException.rethrowAsIOException(WindowsException.java:102)
	at sun.nio.fs.WindowsFileSystemProvider.newByteChannel(WindowsFileSystemProvider.java:230)
	at java.nio.file.Files.newByteChannel(Files.java:361)
	at java.nio.file.Files.newByteChannel(Files.java:407)
	at java.nio.file.Files.readAllBytes(Files.java:3152)
	at scala.meta.internal.io.PlatformFileIO$.slurp(PlatformFileIO.scala:45)
	at scala.meta.internal.io.FileIO$.slurp(FileIO.scala:24)
	at scala.meta.internal.mtags.CommonMtagsEnrichments$XtensionAbsolutePath.toInput(CommonMtagsEnrichments.scala:435)
	at scala.meta.internal.metals.MetalsEnrichments$XtensionAbsolutePathBuffers.toInputFromBuffers(MetalsEnrichments.scala:321)
	at scala.meta.internal.worksheets.WorksheetProvider.scala$meta$internal$worksheets$WorksheetProvider$$evaluateWorksheet(WorksheetProvider.scala:361)
	at scala.meta.internal.worksheets.WorksheetProvider$$anon$1.liftedTree1$1(WorksheetProvider.scala:268)
	at scala.meta.internal.worksheets.WorksheetProvider$$anon$1.run(WorksheetProvider.scala:268)
[0m
[0m2021.05.07 18:26:21 INFO  time: evaluated worksheet 'scala.worksheet.sc' in 2ms[0m
[0m2021.05.07 18:27:18 INFO  compiling kindergarten-garden (1 scala source)[0m
[0m2021.05.07 18:27:18 INFO  time: compiled kindergarten-garden in 86ms[0m
[0m2021.05.07 18:27:25 INFO  compiling kindergarten-garden (1 scala source)[0m
[0m2021.05.07 18:27:25 INFO  time: compiled kindergarten-garden in 66ms[0m
[0m2021.05.07 18:27:28 INFO  compiling kindergarten-garden (1 scala source)[0m
[0m2021.05.07 18:27:28 INFO  time: compiled kindergarten-garden in 65ms[0m
[0m2021.05.07 18:27:30 INFO  compiling kindergarten-garden (1 scala source)[0m
[0m2021.05.07 18:27:30 INFO  time: compiled kindergarten-garden in 67ms[0m
[0m2021.05.07 18:27:33 INFO  compiling kindergarten-garden (1 scala source)[0m
[0m2021.05.07 18:27:33 INFO  time: compiled kindergarten-garden in 76ms[0m
something's wrong: no file:///C:/Users/Federico/Exercism/scala/kindergarten-garden/src/main/scala/Garden.scala in Array[<error>]RangePosition(file:///C:/Users/Federico/Exercism/scala/kindergarten-garden/src/main/scala/Garden.scala, 434, 434, 446)
[0m2021.05.07 18:27:58 INFO  compiling kindergarten-garden (1 scala source)[0m
[0m2021.05.07 18:27:58 INFO  time: compiled kindergarten-garden in 65ms[0m
[0m2021.05.07 18:28:02 INFO  compiling kindergarten-garden (1 scala source)[0m
[0m2021.05.07 18:28:02 INFO  time: compiled kindergarten-garden in 70ms[0m
[0m2021.05.07 18:28:13 INFO  compiling kindergarten-garden (1 scala source)[0m
[0m2021.05.07 18:28:13 INFO  time: compiled kindergarten-garden in 69ms[0m
[0m2021.05.07 18:28:13 INFO  compiling kindergarten-garden (1 scala source)[0m
[0m2021.05.07 18:28:13 INFO  time: compiled kindergarten-garden in 76ms[0m
[0m2021.05.07 18:28:37 INFO  compiling kindergarten-garden (1 scala source)[0m
[0m2021.05.07 18:28:37 INFO  time: compiled kindergarten-garden in 63ms[0m
[0m2021.05.07 18:28:39 INFO  compiling kindergarten-garden (1 scala source)[0m
[0m2021.05.07 18:28:39 INFO  time: compiled kindergarten-garden in 62ms[0m
[0m2021.05.07 18:29:45 INFO  compiling kindergarten-garden (1 scala source)[0m
[0m2021.05.07 18:29:45 INFO  time: compiled kindergarten-garden in 0.18s[0m
may 07, 2021 6:30:00 PM org.eclipse.lsp4j.jsonrpc.RemoteEndpoint handleCancellation
WARNING: Unmatched cancel notification for request id 3667
[0m2021.05.07 18:30:00 INFO  compiling kindergarten-garden-test (1 scala source)[0m
[0m2021.05.07 18:30:00 INFO  time: compiled kindergarten-garden-test in 0.28s[0m
[0m2021.05.07 18:30:32 INFO  compiling kindergarten-garden-test (1 scala source)[0m
[0m2021.05.07 18:30:32 INFO  time: compiled kindergarten-garden-test in 0.24s[0m
may 07, 2021 6:30:41 PM org.eclipse.lsp4j.jsonrpc.RemoteEndpoint handleCancellation
WARNING: Unmatched cancel notification for request id 3729
[0m2021.05.07 18:31:17 INFO  compiling kindergarten-garden (1 scala source)[0m
[0m2021.05.07 18:31:17 INFO  time: compiled kindergarten-garden in 0.17s[0m
[0m2021.05.07 18:31:22 INFO  compiling kindergarten-garden (1 scala source)[0m
[0m2021.05.07 18:31:22 INFO  time: compiled kindergarten-garden in 58ms[0m
[0m2021.05.07 18:31:25 INFO  compiling kindergarten-garden (1 scala source)[0m
[0m2021.05.07 18:31:25 INFO  time: compiled kindergarten-garden in 0.15s[0m
[0m2021.05.07 18:31:34 INFO  compiling kindergarten-garden (1 scala source)[0m
[0m2021.05.07 18:31:34 INFO  time: compiled kindergarten-garden in 0.15s[0m
[0m2021.05.07 18:31:38 INFO  compiling kindergarten-garden (1 scala source)[0m
[0m2021.05.07 18:31:38 INFO  time: compiled kindergarten-garden in 0.14s[0m
[0m2021.05.07 19:16:14 INFO  shutting down Metals[0m
[0m2021.05.07 19:16:14 INFO  Shut down connection with build server.[0m
[0m2021.05.07 19:16:14 INFO  Shut down connection with build server.[0m
No more data in the client stdin, exiting...
No more data in the server stdin, exiting...
No more data in the client stdin, exiting...
No more data in the server stdin, exiting...
