[0m2021.04.11 20:05:05 INFO  Started: Metals version 0.10.1 in workspace 'C:\Users\Federico\Exercism\scala\armstrong-numbers' for client vscode 1.55.1.[0m
[0m2021.04.11 20:05:05 INFO  time: initialize in 0.32s[0m
[0m2021.04.11 20:05:05 WARN  Build server is not auto-connectable.[0m
[0m2021.04.11 20:05:05 WARN  no build target for: C:\Users\Federico\Exercism\scala\armstrong-numbers\src\main\scala\ArmstrongNumbers.scala[0m
[0m2021.04.11 20:05:10 INFO  no build target: using presentation compiler with only scala-library: 2.12.13[0m
abr 11, 2021 8:05:10 PM org.eclipse.lsp4j.jsonrpc.RemoteEndpoint handleCancellation
WARNING: Unmatched cancel notification for request id 4
[0m2021.04.11 20:05:10 WARN  no build target for: C:\Users\Federico\Exercism\scala\armstrong-numbers\src\test\scala\ArmstrongNumbersTest.scala[0m
[0m2021.04.11 20:05:11 INFO  time: code lens generation in 1.32s[0m
[0m2021.04.11 20:05:11 INFO  time: code lens generation in 1.34s[0m
[0m2021.04.11 20:05:11 INFO  time: code lens generation in 5.53s[0m
abr 11, 2021 8:05:13 PM org.eclipse.lsp4j.jsonrpc.RemoteEndpoint handleCancellation
WARNING: Unmatched cancel notification for request id 12
[0m2021.04.11 20:05:13 WARN  no build target for: C:\Users\Federico\Exercism\scala\armstrong-numbers\src\main\scala\ArmstrongNumbers.scala[0m
[0m2021.04.11 20:05:20 WARN  no build target for: C:\Users\Federico\Exercism\scala\armstrong-numbers\src\main\scala\ArmstrongNumbers.scala[0m
[0m2021.04.11 20:05:20 WARN  no build target for: C:\Users\Federico\Exercism\scala\armstrong-numbers\src\test\scala\ArmstrongNumbersTest.scala[0m
abr 11, 2021 8:05:25 PM org.eclipse.lsp4j.jsonrpc.RemoteEndpoint handleCancellation
WARNING: Unmatched cancel notification for request id 62
[0m2021.04.11 20:05:36 WARN  no build target for: C:\Users\Federico\Exercism\scala\armstrong-numbers\src\main\scala\ArmstrongNumbers.scala[0m
abr 11, 2021 8:05:36 PM scala.meta.internal.pc.CompilerAccess handleError
SEVERE: file%3A%2F%2F%2FC%3A%2FUsers%2FFederico%2FExercism%2Fscala%2Farmstrong-numbers%2Fsrc%2Fmain%2Fscala%2FArmstrongNumbers.scala:3: error: illegal start of simple expression
}
^
file%3A%2F%2F%2FC%3A%2FUsers%2FFederico%2FExercism%2Fscala%2Farmstrong-numbers%2Fsrc%2Fmain%2Fscala%2FArmstrongNumbers.scala:3: error: illegal start of simple expression
}
^
	at scala.meta.internal.parsers.ScalametaParser.$anonfun$simpleExpr0$1(ScalametaParser.scala:2837)
	at scala.meta.internal.parsers.ScalametaParser.atPosTry(ScalametaParser.scala:826)
	at scala.meta.internal.parsers.ScalametaParser.autoPosTry(ScalametaParser.scala:836)
	at scala.meta.internal.parsers.ScalametaParser.simpleExpr0(ScalametaParser.scala:2789)
	at scala.meta.internal.parsers.ScalametaParser.simpleExpr(ScalametaParser.scala:2787)
	at scala.meta.internal.parsers.ScalametaParser.prefixExpr(ScalametaParser.scala:2771)
	at scala.meta.internal.parsers.ScalametaParser.postfixExpr(ScalametaParser.scala:2751)
	at scala.meta.internal.parsers.ScalametaParser.$anonfun$expr$14(ScalametaParser.scala:2328)
	at scala.meta.internal.parsers.ScalametaParser.atPos(ScalametaParser.scala:817)
	at scala.meta.internal.parsers.ScalametaParser.autoPos(ScalametaParser.scala:833)
	at scala.meta.internal.parsers.ScalametaParser.$anonfun$expr$2(ScalametaParser.scala:2328)
	at scala.meta.internal.parsers.ScalametaParser.atPos(ScalametaParser.scala:817)
	at scala.meta.internal.parsers.ScalametaParser.autoPos(ScalametaParser.scala:833)
	at scala.meta.internal.parsers.ScalametaParser.expr(ScalametaParser.scala:2214)
	at scala.meta.internal.parsers.ScalametaParser.expr(ScalametaParser.scala:2109)
	at scala.meta.internal.parsers.ScalametaParser.exprMaybeIndented(ScalametaParser.scala:2137)
	at scala.meta.internal.parsers.ScalametaParser.$anonfun$funDefRest$1(ScalametaParser.scala:4259)
	at scala.meta.internal.parsers.ScalametaParser.atPos(ScalametaParser.scala:817)
	at scala.meta.internal.parsers.ScalametaParser.funDefRest(ScalametaParser.scala:4201)
	at scala.meta.internal.parsers.ScalametaParser.funDefOrDclOrExtensionOrSecondaryCtor(ScalametaParser.scala:4130)
	at scala.meta.internal.parsers.ScalametaParser.defOrDclOrSecondaryCtor(ScalametaParser.scala:3983)
	at scala.meta.internal.parsers.ScalametaParser.nonLocalDefOrDcl(ScalametaParser.scala:3968)
	at scala.meta.internal.parsers.ScalametaParser$$anonfun$templateStat$1$1.applyOrElse(ScalametaParser.scala:4891)
	at scala.meta.internal.parsers.ScalametaParser$$anonfun$templateStat$1$1.applyOrElse(ScalametaParser.scala:4885)
	at scala.runtime.AbstractPartialFunction.apply(AbstractPartialFunction.scala:38)
	at scala.meta.internal.parsers.ScalametaParser.statSeq(ScalametaParser.scala:4829)
	at scala.meta.internal.parsers.ScalametaParser.templateStats(ScalametaParser.scala:4901)
	at scala.meta.internal.parsers.ScalametaParser.templateStatSeq(ScalametaParser.scala:4881)
	at scala.meta.internal.parsers.ScalametaParser.$anonfun$templateBody$1(ScalametaParser.scala:4730)
	at scala.meta.internal.parsers.ScalametaParser.inBraces(ScalametaParser.scala:729)
	at scala.meta.internal.parsers.ScalametaParser.templateBody(ScalametaParser.scala:4730)
	at scala.meta.internal.parsers.ScalametaParser.templateBodyOpt(ScalametaParser.scala:4738)
	at scala.meta.internal.parsers.ScalametaParser.templateOpt(ScalametaParser.scala:4723)
	at scala.meta.internal.parsers.ScalametaParser.$anonfun$objectDef$1(ScalametaParser.scala:4462)
	at scala.meta.internal.parsers.ScalametaParser.atPos(ScalametaParser.scala:817)
	at scala.meta.internal.parsers.ScalametaParser.objectDef(ScalametaParser.scala:4454)
	at scala.meta.internal.parsers.ScalametaParser.tmplDef(ScalametaParser.scala:4338)
	at scala.meta.internal.parsers.ScalametaParser.topLevelTmplDef(ScalametaParser.scala:4320)
	at scala.meta.internal.parsers.ScalametaParser$$anonfun$topStat$1.applyOrElse(ScalametaParser.scala:4851)
	at scala.meta.internal.parsers.ScalametaParser$$anonfun$topStat$1.applyOrElse(ScalametaParser.scala:4839)
	at scala.runtime.AbstractPartialFunction.apply(AbstractPartialFunction.scala:38)
	at scala.meta.internal.parsers.ScalametaParser.statSeq(ScalametaParser.scala:4829)
	at scala.meta.internal.parsers.ScalametaParser.topStatSeq(ScalametaParser.scala:4838)
	at scala.meta.internal.parsers.ScalametaParser.$anonfun$batchSource$1(ScalametaParser.scala:5052)
	at scala.meta.internal.parsers.ScalametaParser.atPos(ScalametaParser.scala:817)
	at scala.meta.internal.parsers.ScalametaParser.autoPos(ScalametaParser.scala:833)
	at scala.meta.internal.parsers.ScalametaParser.batchSource(ScalametaParser.scala:5018)
	at scala.meta.internal.parsers.ScalametaParser.$anonfun$source$1(ScalametaParser.scala:5001)
	at scala.meta.internal.parsers.ScalametaParser.atPos(ScalametaParser.scala:817)
	at scala.meta.internal.parsers.ScalametaParser.autoPos(ScalametaParser.scala:833)
	at scala.meta.internal.parsers.ScalametaParser.source(ScalametaParser.scala:5000)
	at scala.meta.internal.parsers.ScalametaParser.entrypointSource(ScalametaParser.scala:5006)
	at scala.meta.internal.parsers.ScalametaParser.$anonfun$parseSource$2(ScalametaParser.scala:142)
	at scala.meta.internal.parsers.ScalametaParser.parseRule(ScalametaParser.scala:52)
	at scala.meta.internal.parsers.ScalametaParser.parseSource(ScalametaParser.scala:142)
	at scala.meta.parsers.Parse$.$anonfun$parseSource$1(Parse.scala:29)
	at scala.meta.internal.parsers.ScalametaParser$$anon$257.apply(ScalametaParser.scala:5063)
	at scala.meta.parsers.Api$XtensionParseDialectInput.parse(Api.scala:25)
	at scala.meta.internal.semanticdb.scalac.ParseOps$XtensionCompilationUnitSource.toSource(ParseOps.scala:17)
	at scala.meta.internal.semanticdb.scalac.TextDocumentOps$XtensionCompilationUnitDocument.toTextDocument(TextDocumentOps.scala:201)
	at scala.meta.internal.pc.SemanticdbTextDocumentProvider.textDocument(SemanticdbTextDocumentProvider.scala:51)

abr 11, 2021 8:05:39 PM org.eclipse.lsp4j.jsonrpc.RemoteEndpoint handleCancellation
WARNING: Unmatched cancel notification for request id 114
abr 11, 2021 8:05:40 PM scala.meta.internal.pc.CompilerAccess handleError
SEVERE: file%3A%2F%2F%2FC%3A%2FUsers%2FFederico%2FExercism%2Fscala%2Farmstrong-numbers%2Fsrc%2Fmain%2Fscala%2FArmstrongNumbers.scala:3: error: illegal start of simple expression
}
^
file%3A%2F%2F%2FC%3A%2FUsers%2FFederico%2FExercism%2Fscala%2Farmstrong-numbers%2Fsrc%2Fmain%2Fscala%2FArmstrongNumbers.scala:3: error: illegal start of simple expression
}
^
	at scala.meta.internal.parsers.ScalametaParser.$anonfun$simpleExpr0$1(ScalametaParser.scala:2837)
	at scala.meta.internal.parsers.ScalametaParser.atPosTry(ScalametaParser.scala:826)
	at scala.meta.internal.parsers.ScalametaParser.autoPosTry(ScalametaParser.scala:836)
	at scala.meta.internal.parsers.ScalametaParser.simpleExpr0(ScalametaParser.scala:2789)
	at scala.meta.internal.parsers.ScalametaParser.simpleExpr(ScalametaParser.scala:2787)
	at scala.meta.internal.parsers.ScalametaParser.prefixExpr(ScalametaParser.scala:2771)
	at scala.meta.internal.parsers.ScalametaParser.postfixExpr(ScalametaParser.scala:2751)
	at scala.meta.internal.parsers.ScalametaParser.$anonfun$expr$14(ScalametaParser.scala:2328)
	at scala.meta.internal.parsers.ScalametaParser.atPos(ScalametaParser.scala:817)
	at scala.meta.internal.parsers.ScalametaParser.autoPos(ScalametaParser.scala:833)
	at scala.meta.internal.parsers.ScalametaParser.$anonfun$expr$2(ScalametaParser.scala:2328)
	at scala.meta.internal.parsers.ScalametaParser.atPos(ScalametaParser.scala:817)
	at scala.meta.internal.parsers.ScalametaParser.autoPos(ScalametaParser.scala:833)
	at scala.meta.internal.parsers.ScalametaParser.expr(ScalametaParser.scala:2214)
	at scala.meta.internal.parsers.ScalametaParser.expr(ScalametaParser.scala:2109)
	at scala.meta.internal.parsers.ScalametaParser.exprMaybeIndented(ScalametaParser.scala:2137)
	at scala.meta.internal.parsers.ScalametaParser.$anonfun$funDefRest$1(ScalametaParser.scala:4259)
	at scala.meta.internal.parsers.ScalametaParser.atPos(ScalametaParser.scala:817)
	at scala.meta.internal.parsers.ScalametaParser.funDefRest(ScalametaParser.scala:4201)
	at scala.meta.internal.parsers.ScalametaParser.funDefOrDclOrExtensionOrSecondaryCtor(ScalametaParser.scala:4130)
	at scala.meta.internal.parsers.ScalametaParser.defOrDclOrSecondaryCtor(ScalametaParser.scala:3983)
	at scala.meta.internal.parsers.ScalametaParser.nonLocalDefOrDcl(ScalametaParser.scala:3968)
	at scala.meta.internal.parsers.ScalametaParser$$anonfun$templateStat$1$1.applyOrElse(ScalametaParser.scala:4891)
	at scala.meta.internal.parsers.ScalametaParser$$anonfun$templateStat$1$1.applyOrElse(ScalametaParser.scala:4885)
	at scala.runtime.AbstractPartialFunction.apply(AbstractPartialFunction.scala:38)
	at scala.meta.internal.parsers.ScalametaParser.statSeq(ScalametaParser.scala:4829)
	at scala.meta.internal.parsers.ScalametaParser.templateStats(ScalametaParser.scala:4901)
	at scala.meta.internal.parsers.ScalametaParser.templateStatSeq(ScalametaParser.scala:4881)
	at scala.meta.internal.parsers.ScalametaParser.$anonfun$templateBody$1(ScalametaParser.scala:4730)
	at scala.meta.internal.parsers.ScalametaParser.inBraces(ScalametaParser.scala:729)
	at scala.meta.internal.parsers.ScalametaParser.templateBody(ScalametaParser.scala:4730)
	at scala.meta.internal.parsers.ScalametaParser.templateBodyOpt(ScalametaParser.scala:4738)
	at scala.meta.internal.parsers.ScalametaParser.templateOpt(ScalametaParser.scala:4723)
	at scala.meta.internal.parsers.ScalametaParser.$anonfun$objectDef$1(ScalametaParser.scala:4462)
	at scala.meta.internal.parsers.ScalametaParser.atPos(ScalametaParser.scala:817)
	at scala.meta.internal.parsers.ScalametaParser.objectDef(ScalametaParser.scala:4454)
	at scala.meta.internal.parsers.ScalametaParser.tmplDef(ScalametaParser.scala:4338)
	at scala.meta.internal.parsers.ScalametaParser.topLevelTmplDef(ScalametaParser.scala:4320)
	at scala.meta.internal.parsers.ScalametaParser$$anonfun$topStat$1.applyOrElse(ScalametaParser.scala:4851)
	at scala.meta.internal.parsers.ScalametaParser$$anonfun$topStat$1.applyOrElse(ScalametaParser.scala:4839)
	at scala.runtime.AbstractPartialFunction.apply(AbstractPartialFunction.scala:38)
	at scala.meta.internal.parsers.ScalametaParser.statSeq(ScalametaParser.scala:4829)
	at scala.meta.internal.parsers.ScalametaParser.topStatSeq(ScalametaParser.scala:4838)
	at scala.meta.internal.parsers.ScalametaParser.$anonfun$batchSource$1(ScalametaParser.scala:5052)
	at scala.meta.internal.parsers.ScalametaParser.atPos(ScalametaParser.scala:817)
	at scala.meta.internal.parsers.ScalametaParser.autoPos(ScalametaParser.scala:833)
	at scala.meta.internal.parsers.ScalametaParser.batchSource(ScalametaParser.scala:5018)
	at scala.meta.internal.parsers.ScalametaParser.$anonfun$source$1(ScalametaParser.scala:5001)
	at scala.meta.internal.parsers.ScalametaParser.atPos(ScalametaParser.scala:817)
	at scala.meta.internal.parsers.ScalametaParser.autoPos(ScalametaParser.scala:833)
	at scala.meta.internal.parsers.ScalametaParser.source(ScalametaParser.scala:5000)
	at scala.meta.internal.parsers.ScalametaParser.entrypointSource(ScalametaParser.scala:5006)
	at scala.meta.internal.parsers.ScalametaParser.$anonfun$parseSource$2(ScalametaParser.scala:142)
	at scala.meta.internal.parsers.ScalametaParser.parseRule(ScalametaParser.scala:52)
	at scala.meta.internal.parsers.ScalametaParser.parseSource(ScalametaParser.scala:142)
	at scala.meta.parsers.Parse$.$anonfun$parseSource$1(Parse.scala:29)
	at scala.meta.internal.parsers.ScalametaParser$$anon$257.apply(ScalametaParser.scala:5063)
	at scala.meta.parsers.Api$XtensionParseDialectInput.parse(Api.scala:25)
	at scala.meta.internal.semanticdb.scalac.ParseOps$XtensionCompilationUnitSource.toSource(ParseOps.scala:17)
	at scala.meta.internal.semanticdb.scalac.TextDocumentOps$XtensionCompilationUnitDocument.toTextDocument(TextDocumentOps.scala:201)
	at scala.meta.internal.pc.SemanticdbTextDocumentProvider.textDocument(SemanticdbTextDocumentProvider.scala:51)

abr 11, 2021 8:05:40 PM org.eclipse.lsp4j.jsonrpc.RemoteEndpoint handleCancellation
WARNING: Unmatched cancel notification for request id 120
abr 11, 2021 8:05:40 PM scala.meta.internal.pc.CompilerAccess handleError
SEVERE: file%3A%2F%2F%2FC%3A%2FUsers%2FFederico%2FExercism%2Fscala%2Farmstrong-numbers%2Fsrc%2Fmain%2Fscala%2FArmstrongNumbers.scala:3: error: illegal start of simple expression
}
^
file%3A%2F%2F%2FC%3A%2FUsers%2FFederico%2FExercism%2Fscala%2Farmstrong-numbers%2Fsrc%2Fmain%2Fscala%2FArmstrongNumbers.scala:3: error: illegal start of simple expression
}
^
	at scala.meta.internal.parsers.ScalametaParser.$anonfun$simpleExpr0$1(ScalametaParser.scala:2837)
	at scala.meta.internal.parsers.ScalametaParser.atPosTry(ScalametaParser.scala:826)
	at scala.meta.internal.parsers.ScalametaParser.autoPosTry(ScalametaParser.scala:836)
	at scala.meta.internal.parsers.ScalametaParser.simpleExpr0(ScalametaParser.scala:2789)
	at scala.meta.internal.parsers.ScalametaParser.simpleExpr(ScalametaParser.scala:2787)
	at scala.meta.internal.parsers.ScalametaParser.prefixExpr(ScalametaParser.scala:2771)
	at scala.meta.internal.parsers.ScalametaParser.postfixExpr(ScalametaParser.scala:2751)
	at scala.meta.internal.parsers.ScalametaParser.$anonfun$expr$14(ScalametaParser.scala:2328)
	at scala.meta.internal.parsers.ScalametaParser.atPos(ScalametaParser.scala:817)
	at scala.meta.internal.parsers.ScalametaParser.autoPos(ScalametaParser.scala:833)
	at scala.meta.internal.parsers.ScalametaParser.$anonfun$expr$2(ScalametaParser.scala:2328)
	at scala.meta.internal.parsers.ScalametaParser.atPos(ScalametaParser.scala:817)
	at scala.meta.internal.parsers.ScalametaParser.autoPos(ScalametaParser.scala:833)
	at scala.meta.internal.parsers.ScalametaParser.expr(ScalametaParser.scala:2214)
	at scala.meta.internal.parsers.ScalametaParser.expr(ScalametaParser.scala:2109)
	at scala.meta.internal.parsers.ScalametaParser.exprMaybeIndented(ScalametaParser.scala:2137)
	at scala.meta.internal.parsers.ScalametaParser.$anonfun$funDefRest$1(ScalametaParser.scala:4259)
	at scala.meta.internal.parsers.ScalametaParser.atPos(ScalametaParser.scala:817)
	at scala.meta.internal.parsers.ScalametaParser.funDefRest(ScalametaParser.scala:4201)
	at scala.meta.internal.parsers.ScalametaParser.funDefOrDclOrExtensionOrSecondaryCtor(ScalametaParser.scala:4130)
	at scala.meta.internal.parsers.ScalametaParser.defOrDclOrSecondaryCtor(ScalametaParser.scala:3983)
	at scala.meta.internal.parsers.ScalametaParser.nonLocalDefOrDcl(ScalametaParser.scala:3968)
	at scala.meta.internal.parsers.ScalametaParser$$anonfun$templateStat$1$1.applyOrElse(ScalametaParser.scala:4891)
	at scala.meta.internal.parsers.ScalametaParser$$anonfun$templateStat$1$1.applyOrElse(ScalametaParser.scala:4885)
	at scala.runtime.AbstractPartialFunction.apply(AbstractPartialFunction.scala:38)
	at scala.meta.internal.parsers.ScalametaParser.statSeq(ScalametaParser.scala:4829)
	at scala.meta.internal.parsers.ScalametaParser.templateStats(ScalametaParser.scala:4901)
	at scala.meta.internal.parsers.ScalametaParser.templateStatSeq(ScalametaParser.scala:4881)
	at scala.meta.internal.parsers.ScalametaParser.$anonfun$templateBody$1(ScalametaParser.scala:4730)
	at scala.meta.internal.parsers.ScalametaParser.inBraces(ScalametaParser.scala:729)
	at scala.meta.internal.parsers.ScalametaParser.templateBody(ScalametaParser.scala:4730)
	at scala.meta.internal.parsers.ScalametaParser.templateBodyOpt(ScalametaParser.scala:4738)
	at scala.meta.internal.parsers.ScalametaParser.templateOpt(ScalametaParser.scala:4723)
	at scala.meta.internal.parsers.ScalametaParser.$anonfun$objectDef$1(ScalametaParser.scala:4462)
	at scala.meta.internal.parsers.ScalametaParser.atPos(ScalametaParser.scala:817)
	at scala.meta.internal.parsers.ScalametaParser.objectDef(ScalametaParser.scala:4454)
	at scala.meta.internal.parsers.ScalametaParser.tmplDef(ScalametaParser.scala:4338)
	at scala.meta.internal.parsers.ScalametaParser.topLevelTmplDef(ScalametaParser.scala:4320)
	at scala.meta.internal.parsers.ScalametaParser$$anonfun$topStat$1.applyOrElse(ScalametaParser.scala:4851)
	at scala.meta.internal.parsers.ScalametaParser$$anonfun$topStat$1.applyOrElse(ScalametaParser.scala:4839)
	at scala.runtime.AbstractPartialFunction.apply(AbstractPartialFunction.scala:38)
	at scala.meta.internal.parsers.ScalametaParser.statSeq(ScalametaParser.scala:4829)
	at scala.meta.internal.parsers.ScalametaParser.topStatSeq(ScalametaParser.scala:4838)
	at scala.meta.internal.parsers.ScalametaParser.$anonfun$batchSource$1(ScalametaParser.scala:5052)
	at scala.meta.internal.parsers.ScalametaParser.atPos(ScalametaParser.scala:817)
	at scala.meta.internal.parsers.ScalametaParser.autoPos(ScalametaParser.scala:833)
	at scala.meta.internal.parsers.ScalametaParser.batchSource(ScalametaParser.scala:5018)
	at scala.meta.internal.parsers.ScalametaParser.$anonfun$source$1(ScalametaParser.scala:5001)
	at scala.meta.internal.parsers.ScalametaParser.atPos(ScalametaParser.scala:817)
	at scala.meta.internal.parsers.ScalametaParser.autoPos(ScalametaParser.scala:833)
	at scala.meta.internal.parsers.ScalametaParser.source(ScalametaParser.scala:5000)
	at scala.meta.internal.parsers.ScalametaParser.entrypointSource(ScalametaParser.scala:5006)
	at scala.meta.internal.parsers.ScalametaParser.$anonfun$parseSource$2(ScalametaParser.scala:142)
	at scala.meta.internal.parsers.ScalametaParser.parseRule(ScalametaParser.scala:52)
	at scala.meta.internal.parsers.ScalametaParser.parseSource(ScalametaParser.scala:142)
	at scala.meta.parsers.Parse$.$anonfun$parseSource$1(Parse.scala:29)
	at scala.meta.internal.parsers.ScalametaParser$$anon$257.apply(ScalametaParser.scala:5063)
	at scala.meta.parsers.Api$XtensionParseDialectInput.parse(Api.scala:25)
	at scala.meta.internal.semanticdb.scalac.ParseOps$XtensionCompilationUnitSource.toSource(ParseOps.scala:17)
	at scala.meta.internal.semanticdb.scalac.TextDocumentOps$XtensionCompilationUnitDocument.toTextDocument(TextDocumentOps.scala:201)
	at scala.meta.internal.pc.SemanticdbTextDocumentProvider.textDocument(SemanticdbTextDocumentProvider.scala:51)

abr 11, 2021 8:05:42 PM scala.meta.internal.pc.CompilerAccess handleError
SEVERE: file%3A%2F%2F%2FC%3A%2FUsers%2FFederico%2FExercism%2Fscala%2Farmstrong-numbers%2Fsrc%2Fmain%2Fscala%2FArmstrongNumbers.scala:3: error: illegal start of simple expression
}
^
file%3A%2F%2F%2FC%3A%2FUsers%2FFederico%2FExercism%2Fscala%2Farmstrong-numbers%2Fsrc%2Fmain%2Fscala%2FArmstrongNumbers.scala:3: error: illegal start of simple expression
}
^
	at scala.meta.internal.parsers.ScalametaParser.$anonfun$simpleExpr0$1(ScalametaParser.scala:2837)
	at scala.meta.internal.parsers.ScalametaParser.atPosTry(ScalametaParser.scala:826)
	at scala.meta.internal.parsers.ScalametaParser.autoPosTry(ScalametaParser.scala:836)
	at scala.meta.internal.parsers.ScalametaParser.simpleExpr0(ScalametaParser.scala:2789)
	at scala.meta.internal.parsers.ScalametaParser.simpleExpr(ScalametaParser.scala:2787)
	at scala.meta.internal.parsers.ScalametaParser.prefixExpr(ScalametaParser.scala:2771)
	at scala.meta.internal.parsers.ScalametaParser.postfixExpr(ScalametaParser.scala:2751)
	at scala.meta.internal.parsers.ScalametaParser.$anonfun$expr$14(ScalametaParser.scala:2328)
	at scala.meta.internal.parsers.ScalametaParser.atPos(ScalametaParser.scala:817)
	at scala.meta.internal.parsers.ScalametaParser.autoPos(ScalametaParser.scala:833)
	at scala.meta.internal.parsers.ScalametaParser.$anonfun$expr$2(ScalametaParser.scala:2328)
	at scala.meta.internal.parsers.ScalametaParser.atPos(ScalametaParser.scala:817)
	at scala.meta.internal.parsers.ScalametaParser.autoPos(ScalametaParser.scala:833)
	at scala.meta.internal.parsers.ScalametaParser.expr(ScalametaParser.scala:2214)
	at scala.meta.internal.parsers.ScalametaParser.expr(ScalametaParser.scala:2109)
	at scala.meta.internal.parsers.ScalametaParser.exprMaybeIndented(ScalametaParser.scala:2137)
	at scala.meta.internal.parsers.ScalametaParser.$anonfun$funDefRest$1(ScalametaParser.scala:4259)
	at scala.meta.internal.parsers.ScalametaParser.atPos(ScalametaParser.scala:817)
	at scala.meta.internal.parsers.ScalametaParser.funDefRest(ScalametaParser.scala:4201)
	at scala.meta.internal.parsers.ScalametaParser.funDefOrDclOrExtensionOrSecondaryCtor(ScalametaParser.scala:4130)
	at scala.meta.internal.parsers.ScalametaParser.defOrDclOrSecondaryCtor(ScalametaParser.scala:3983)
	at scala.meta.internal.parsers.ScalametaParser.nonLocalDefOrDcl(ScalametaParser.scala:3968)
	at scala.meta.internal.parsers.ScalametaParser$$anonfun$templateStat$1$1.applyOrElse(ScalametaParser.scala:4891)
	at scala.meta.internal.parsers.ScalametaParser$$anonfun$templateStat$1$1.applyOrElse(ScalametaParser.scala:4885)
	at scala.runtime.AbstractPartialFunction.apply(AbstractPartialFunction.scala:38)
	at scala.meta.internal.parsers.ScalametaParser.statSeq(ScalametaParser.scala:4829)
	at scala.meta.internal.parsers.ScalametaParser.templateStats(ScalametaParser.scala:4901)
	at scala.meta.internal.parsers.ScalametaParser.templateStatSeq(ScalametaParser.scala:4881)
	at scala.meta.internal.parsers.ScalametaParser.$anonfun$templateBody$1(ScalametaParser.scala:4730)
	at scala.meta.internal.parsers.ScalametaParser.inBraces(ScalametaParser.scala:729)
	at scala.meta.internal.parsers.ScalametaParser.templateBody(ScalametaParser.scala:4730)
	at scala.meta.internal.parsers.ScalametaParser.templateBodyOpt(ScalametaParser.scala:4738)
	at scala.meta.internal.parsers.ScalametaParser.templateOpt(ScalametaParser.scala:4723)
	at scala.meta.internal.parsers.ScalametaParser.$anonfun$objectDef$1(ScalametaParser.scala:4462)
	at scala.meta.internal.parsers.ScalametaParser.atPos(ScalametaParser.scala:817)
	at scala.meta.internal.parsers.ScalametaParser.objectDef(ScalametaParser.scala:4454)
	at scala.meta.internal.parsers.ScalametaParser.tmplDef(ScalametaParser.scala:4338)
	at scala.meta.internal.parsers.ScalametaParser.topLevelTmplDef(ScalametaParser.scala:4320)
	at scala.meta.internal.parsers.ScalametaParser$$anonfun$topStat$1.applyOrElse(ScalametaParser.scala:4851)
	at scala.meta.internal.parsers.ScalametaParser$$anonfun$topStat$1.applyOrElse(ScalametaParser.scala:4839)
	at scala.runtime.AbstractPartialFunction.apply(AbstractPartialFunction.scala:38)
	at scala.meta.internal.parsers.ScalametaParser.statSeq(ScalametaParser.scala:4829)
	at scala.meta.internal.parsers.ScalametaParser.topStatSeq(ScalametaParser.scala:4838)
	at scala.meta.internal.parsers.ScalametaParser.$anonfun$batchSource$1(ScalametaParser.scala:5052)
	at scala.meta.internal.parsers.ScalametaParser.atPos(ScalametaParser.scala:817)
	at scala.meta.internal.parsers.ScalametaParser.autoPos(ScalametaParser.scala:833)
	at scala.meta.internal.parsers.ScalametaParser.batchSource(ScalametaParser.scala:5018)
	at scala.meta.internal.parsers.ScalametaParser.$anonfun$source$1(ScalametaParser.scala:5001)
	at scala.meta.internal.parsers.ScalametaParser.atPos(ScalametaParser.scala:817)
	at scala.meta.internal.parsers.ScalametaParser.autoPos(ScalametaParser.scala:833)
	at scala.meta.internal.parsers.ScalametaParser.source(ScalametaParser.scala:5000)
	at scala.meta.internal.parsers.ScalametaParser.entrypointSource(ScalametaParser.scala:5006)
	at scala.meta.internal.parsers.ScalametaParser.$anonfun$parseSource$2(ScalametaParser.scala:142)
	at scala.meta.internal.parsers.ScalametaParser.parseRule(ScalametaParser.scala:52)
	at scala.meta.internal.parsers.ScalametaParser.parseSource(ScalametaParser.scala:142)
	at scala.meta.parsers.Parse$.$anonfun$parseSource$1(Parse.scala:29)
	at scala.meta.internal.parsers.ScalametaParser$$anon$257.apply(ScalametaParser.scala:5063)
	at scala.meta.parsers.Api$XtensionParseDialectInput.parse(Api.scala:25)
	at scala.meta.internal.semanticdb.scalac.ParseOps$XtensionCompilationUnitSource.toSource(ParseOps.scala:17)
	at scala.meta.internal.semanticdb.scalac.TextDocumentOps$XtensionCompilationUnitDocument.toTextDocument(TextDocumentOps.scala:201)
	at scala.meta.internal.pc.SemanticdbTextDocumentProvider.textDocument(SemanticdbTextDocumentProvider.scala:51)

abr 11, 2021 8:05:42 PM scala.meta.internal.pc.CompilerAccess handleError
SEVERE: file%3A%2F%2F%2FC%3A%2FUsers%2FFederico%2FExercism%2Fscala%2Farmstrong-numbers%2Fsrc%2Fmain%2Fscala%2FArmstrongNumbers.scala:3: error: illegal start of simple expression
}
^
file%3A%2F%2F%2FC%3A%2FUsers%2FFederico%2FExercism%2Fscala%2Farmstrong-numbers%2Fsrc%2Fmain%2Fscala%2FArmstrongNumbers.scala:3: error: illegal start of simple expression
}
^
	at scala.meta.internal.parsers.ScalametaParser.$anonfun$simpleExpr0$1(ScalametaParser.scala:2837)
	at scala.meta.internal.parsers.ScalametaParser.atPosTry(ScalametaParser.scala:826)
	at scala.meta.internal.parsers.ScalametaParser.autoPosTry(ScalametaParser.scala:836)
	at scala.meta.internal.parsers.ScalametaParser.simpleExpr0(ScalametaParser.scala:2789)
	at scala.meta.internal.parsers.ScalametaParser.simpleExpr(ScalametaParser.scala:2787)
	at scala.meta.internal.parsers.ScalametaParser.prefixExpr(ScalametaParser.scala:2771)
	at scala.meta.internal.parsers.ScalametaParser.postfixExpr(ScalametaParser.scala:2751)
	at scala.meta.internal.parsers.ScalametaParser.$anonfun$expr$14(ScalametaParser.scala:2328)
	at scala.meta.internal.parsers.ScalametaParser.atPos(ScalametaParser.scala:817)
	at scala.meta.internal.parsers.ScalametaParser.autoPos(ScalametaParser.scala:833)
	at scala.meta.internal.parsers.ScalametaParser.$anonfun$expr$2(ScalametaParser.scala:2328)
	at scala.meta.internal.parsers.ScalametaParser.atPos(ScalametaParser.scala:817)
	at scala.meta.internal.parsers.ScalametaParser.autoPos(ScalametaParser.scala:833)
	at scala.meta.internal.parsers.ScalametaParser.expr(ScalametaParser.scala:2214)
	at scala.meta.internal.parsers.ScalametaParser.expr(ScalametaParser.scala:2109)
	at scala.meta.internal.parsers.ScalametaParser.exprMaybeIndented(ScalametaParser.scala:2137)
	at scala.meta.internal.parsers.ScalametaParser.$anonfun$funDefRest$1(ScalametaParser.scala:4259)
	at scala.meta.internal.parsers.ScalametaParser.atPos(ScalametaParser.scala:817)
	at scala.meta.internal.parsers.ScalametaParser.funDefRest(ScalametaParser.scala:4201)
	at scala.meta.internal.parsers.ScalametaParser.funDefOrDclOrExtensionOrSecondaryCtor(ScalametaParser.scala:4130)
	at scala.meta.internal.parsers.ScalametaParser.defOrDclOrSecondaryCtor(ScalametaParser.scala:3983)
	at scala.meta.internal.parsers.ScalametaParser.nonLocalDefOrDcl(ScalametaParser.scala:3968)
	at scala.meta.internal.parsers.ScalametaParser$$anonfun$templateStat$1$1.applyOrElse(ScalametaParser.scala:4891)
	at scala.meta.internal.parsers.ScalametaParser$$anonfun$templateStat$1$1.applyOrElse(ScalametaParser.scala:4885)
	at scala.runtime.AbstractPartialFunction.apply(AbstractPartialFunction.scala:38)
	at scala.meta.internal.parsers.ScalametaParser.statSeq(ScalametaParser.scala:4829)
	at scala.meta.internal.parsers.ScalametaParser.templateStats(ScalametaParser.scala:4901)
	at scala.meta.internal.parsers.ScalametaParser.templateStatSeq(ScalametaParser.scala:4881)
	at scala.meta.internal.parsers.ScalametaParser.$anonfun$templateBody$1(ScalametaParser.scala:4730)
	at scala.meta.internal.parsers.ScalametaParser.inBraces(ScalametaParser.scala:729)
	at scala.meta.internal.parsers.ScalametaParser.templateBody(ScalametaParser.scala:4730)
	at scala.meta.internal.parsers.ScalametaParser.templateBodyOpt(ScalametaParser.scala:4738)
	at scala.meta.internal.parsers.ScalametaParser.templateOpt(ScalametaParser.scala:4723)
	at scala.meta.internal.parsers.ScalametaParser.$anonfun$objectDef$1(ScalametaParser.scala:4462)
	at scala.meta.internal.parsers.ScalametaParser.atPos(ScalametaParser.scala:817)
	at scala.meta.internal.parsers.ScalametaParser.objectDef(ScalametaParser.scala:4454)
	at scala.meta.internal.parsers.ScalametaParser.tmplDef(ScalametaParser.scala:4338)
	at scala.meta.internal.parsers.ScalametaParser.topLevelTmplDef(ScalametaParser.scala:4320)
	at scala.meta.internal.parsers.ScalametaParser$$anonfun$topStat$1.applyOrElse(ScalametaParser.scala:4851)
	at scala.meta.internal.parsers.ScalametaParser$$anonfun$topStat$1.applyOrElse(ScalametaParser.scala:4839)
	at scala.runtime.AbstractPartialFunction.apply(AbstractPartialFunction.scala:38)
	at scala.meta.internal.parsers.ScalametaParser.statSeq(ScalametaParser.scala:4829)
	at scala.meta.internal.parsers.ScalametaParser.topStatSeq(ScalametaParser.scala:4838)
	at scala.meta.internal.parsers.ScalametaParser.$anonfun$batchSource$1(ScalametaParser.scala:5052)
	at scala.meta.internal.parsers.ScalametaParser.atPos(ScalametaParser.scala:817)
	at scala.meta.internal.parsers.ScalametaParser.autoPos(ScalametaParser.scala:833)
	at scala.meta.internal.parsers.ScalametaParser.batchSource(ScalametaParser.scala:5018)
	at scala.meta.internal.parsers.ScalametaParser.$anonfun$source$1(ScalametaParser.scala:5001)
	at scala.meta.internal.parsers.ScalametaParser.atPos(ScalametaParser.scala:817)
	at scala.meta.internal.parsers.ScalametaParser.autoPos(ScalametaParser.scala:833)
	at scala.meta.internal.parsers.ScalametaParser.source(ScalametaParser.scala:5000)
	at scala.meta.internal.parsers.ScalametaParser.entrypointSource(ScalametaParser.scala:5006)
	at scala.meta.internal.parsers.ScalametaParser.$anonfun$parseSource$2(ScalametaParser.scala:142)
	at scala.meta.internal.parsers.ScalametaParser.parseRule(ScalametaParser.scala:52)
	at scala.meta.internal.parsers.ScalametaParser.parseSource(ScalametaParser.scala:142)
	at scala.meta.parsers.Parse$.$anonfun$parseSource$1(Parse.scala:29)
	at scala.meta.internal.parsers.ScalametaParser$$anon$257.apply(ScalametaParser.scala:5063)
	at scala.meta.parsers.Api$XtensionParseDialectInput.parse(Api.scala:25)
	at scala.meta.internal.semanticdb.scalac.ParseOps$XtensionCompilationUnitSource.toSource(ParseOps.scala:17)
	at scala.meta.internal.semanticdb.scalac.TextDocumentOps$XtensionCompilationUnitDocument.toTextDocument(TextDocumentOps.scala:201)
	at scala.meta.internal.pc.SemanticdbTextDocumentProvider.textDocument(SemanticdbTextDocumentProvider.scala:51)

abr 11, 2021 8:05:43 PM scala.meta.internal.pc.CompilerAccess handleError
SEVERE: file%3A%2F%2F%2FC%3A%2FUsers%2FFederico%2FExercism%2Fscala%2Farmstrong-numbers%2Fsrc%2Fmain%2Fscala%2FArmstrongNumbers.scala:3: error: illegal start of simple expression
}
^
file%3A%2F%2F%2FC%3A%2FUsers%2FFederico%2FExercism%2Fscala%2Farmstrong-numbers%2Fsrc%2Fmain%2Fscala%2FArmstrongNumbers.scala:3: error: illegal start of simple expression
}
^
	at scala.meta.internal.parsers.ScalametaParser.$anonfun$simpleExpr0$1(ScalametaParser.scala:2837)
	at scala.meta.internal.parsers.ScalametaParser.atPosTry(ScalametaParser.scala:826)
	at scala.meta.internal.parsers.ScalametaParser.autoPosTry(ScalametaParser.scala:836)
	at scala.meta.internal.parsers.ScalametaParser.simpleExpr0(ScalametaParser.scala:2789)
	at scala.meta.internal.parsers.ScalametaParser.simpleExpr(ScalametaParser.scala:2787)
	at scala.meta.internal.parsers.ScalametaParser.prefixExpr(ScalametaParser.scala:2771)
	at scala.meta.internal.parsers.ScalametaParser.postfixExpr(ScalametaParser.scala:2751)
	at scala.meta.internal.parsers.ScalametaParser.$anonfun$expr$14(ScalametaParser.scala:2328)
	at scala.meta.internal.parsers.ScalametaParser.atPos(ScalametaParser.scala:817)
	at scala.meta.internal.parsers.ScalametaParser.autoPos(ScalametaParser.scala:833)
	at scala.meta.internal.parsers.ScalametaParser.$anonfun$expr$2(ScalametaParser.scala:2328)
	at scala.meta.internal.parsers.ScalametaParser.atPos(ScalametaParser.scala:817)
	at scala.meta.internal.parsers.ScalametaParser.autoPos(ScalametaParser.scala:833)
	at scala.meta.internal.parsers.ScalametaParser.expr(ScalametaParser.scala:2214)
	at scala.meta.internal.parsers.ScalametaParser.expr(ScalametaParser.scala:2109)
	at scala.meta.internal.parsers.ScalametaParser.exprMaybeIndented(ScalametaParser.scala:2137)
	at scala.meta.internal.parsers.ScalametaParser.$anonfun$funDefRest$1(ScalametaParser.scala:4259)
	at scala.meta.internal.parsers.ScalametaParser.atPos(ScalametaParser.scala:817)
	at scala.meta.internal.parsers.ScalametaParser.funDefRest(ScalametaParser.scala:4201)
	at scala.meta.internal.parsers.ScalametaParser.funDefOrDclOrExtensionOrSecondaryCtor(ScalametaParser.scala:4130)
	at scala.meta.internal.parsers.ScalametaParser.defOrDclOrSecondaryCtor(ScalametaParser.scala:3983)
	at scala.meta.internal.parsers.ScalametaParser.nonLocalDefOrDcl(ScalametaParser.scala:3968)
	at scala.meta.internal.parsers.ScalametaParser$$anonfun$templateStat$1$1.applyOrElse(ScalametaParser.scala:4891)
	at scala.meta.internal.parsers.ScalametaParser$$anonfun$templateStat$1$1.applyOrElse(ScalametaParser.scala:4885)
	at scala.runtime.AbstractPartialFunction.apply(AbstractPartialFunction.scala:38)
	at scala.meta.internal.parsers.ScalametaParser.statSeq(ScalametaParser.scala:4829)
	at scala.meta.internal.parsers.ScalametaParser.templateStats(ScalametaParser.scala:4901)
	at scala.meta.internal.parsers.ScalametaParser.templateStatSeq(ScalametaParser.scala:4881)
	at scala.meta.internal.parsers.ScalametaParser.$anonfun$templateBody$1(ScalametaParser.scala:4730)
	at scala.meta.internal.parsers.ScalametaParser.inBraces(ScalametaParser.scala:729)
	at scala.meta.internal.parsers.ScalametaParser.templateBody(ScalametaParser.scala:4730)
	at scala.meta.internal.parsers.ScalametaParser.templateBodyOpt(ScalametaParser.scala:4738)
	at scala.meta.internal.parsers.ScalametaParser.templateOpt(ScalametaParser.scala:4723)
	at scala.meta.internal.parsers.ScalametaParser.$anonfun$objectDef$1(ScalametaParser.scala:4462)
	at scala.meta.internal.parsers.ScalametaParser.atPos(ScalametaParser.scala:817)
	at scala.meta.internal.parsers.ScalametaParser.objectDef(ScalametaParser.scala:4454)
	at scala.meta.internal.parsers.ScalametaParser.tmplDef(ScalametaParser.scala:4338)
	at scala.meta.internal.parsers.ScalametaParser.topLevelTmplDef(ScalametaParser.scala:4320)
	at scala.meta.internal.parsers.ScalametaParser$$anonfun$topStat$1.applyOrElse(ScalametaParser.scala:4851)
	at scala.meta.internal.parsers.ScalametaParser$$anonfun$topStat$1.applyOrElse(ScalametaParser.scala:4839)
	at scala.runtime.AbstractPartialFunction.apply(AbstractPartialFunction.scala:38)
	at scala.meta.internal.parsers.ScalametaParser.statSeq(ScalametaParser.scala:4829)
	at scala.meta.internal.parsers.ScalametaParser.topStatSeq(ScalametaParser.scala:4838)
	at scala.meta.internal.parsers.ScalametaParser.$anonfun$batchSource$1(ScalametaParser.scala:5052)
	at scala.meta.internal.parsers.ScalametaParser.atPos(ScalametaParser.scala:817)
	at scala.meta.internal.parsers.ScalametaParser.autoPos(ScalametaParser.scala:833)
	at scala.meta.internal.parsers.ScalametaParser.batchSource(ScalametaParser.scala:5018)
	at scala.meta.internal.parsers.ScalametaParser.$anonfun$source$1(ScalametaParser.scala:5001)
	at scala.meta.internal.parsers.ScalametaParser.atPos(ScalametaParser.scala:817)
	at scala.meta.internal.parsers.ScalametaParser.autoPos(ScalametaParser.scala:833)
	at scala.meta.internal.parsers.ScalametaParser.source(ScalametaParser.scala:5000)
	at scala.meta.internal.parsers.ScalametaParser.entrypointSource(ScalametaParser.scala:5006)
	at scala.meta.internal.parsers.ScalametaParser.$anonfun$parseSource$2(ScalametaParser.scala:142)
	at scala.meta.internal.parsers.ScalametaParser.parseRule(ScalametaParser.scala:52)
	at scala.meta.internal.parsers.ScalametaParser.parseSource(ScalametaParser.scala:142)
	at scala.meta.parsers.Parse$.$anonfun$parseSource$1(Parse.scala:29)
	at scala.meta.internal.parsers.ScalametaParser$$anon$257.apply(ScalametaParser.scala:5063)
	at scala.meta.parsers.Api$XtensionParseDialectInput.parse(Api.scala:25)
	at scala.meta.internal.semanticdb.scalac.ParseOps$XtensionCompilationUnitSource.toSource(ParseOps.scala:17)
	at scala.meta.internal.semanticdb.scalac.TextDocumentOps$XtensionCompilationUnitDocument.toTextDocument(TextDocumentOps.scala:201)
	at scala.meta.internal.pc.SemanticdbTextDocumentProvider.textDocument(SemanticdbTextDocumentProvider.scala:51)

abr 11, 2021 8:05:43 PM scala.meta.internal.pc.CompilerAccess handleError
SEVERE: file%3A%2F%2F%2FC%3A%2FUsers%2FFederico%2FExercism%2Fscala%2Farmstrong-numbers%2Fsrc%2Fmain%2Fscala%2FArmstrongNumbers.scala:3: error: illegal start of simple expression
}
^
file%3A%2F%2F%2FC%3A%2FUsers%2FFederico%2FExercism%2Fscala%2Farmstrong-numbers%2Fsrc%2Fmain%2Fscala%2FArmstrongNumbers.scala:3: error: illegal start of simple expression
}
^
	at scala.meta.internal.parsers.ScalametaParser.$anonfun$simpleExpr0$1(ScalametaParser.scala:2837)
	at scala.meta.internal.parsers.ScalametaParser.atPosTry(ScalametaParser.scala:826)
	at scala.meta.internal.parsers.ScalametaParser.autoPosTry(ScalametaParser.scala:836)
	at scala.meta.internal.parsers.ScalametaParser.simpleExpr0(ScalametaParser.scala:2789)
	at scala.meta.internal.parsers.ScalametaParser.simpleExpr(ScalametaParser.scala:2787)
	at scala.meta.internal.parsers.ScalametaParser.prefixExpr(ScalametaParser.scala:2771)
	at scala.meta.internal.parsers.ScalametaParser.postfixExpr(ScalametaParser.scala:2751)
	at scala.meta.internal.parsers.ScalametaParser.$anonfun$expr$14(ScalametaParser.scala:2328)
	at scala.meta.internal.parsers.ScalametaParser.atPos(ScalametaParser.scala:817)
	at scala.meta.internal.parsers.ScalametaParser.autoPos(ScalametaParser.scala:833)
	at scala.meta.internal.parsers.ScalametaParser.$anonfun$expr$2(ScalametaParser.scala:2328)
	at scala.meta.internal.parsers.ScalametaParser.atPos(ScalametaParser.scala:817)
	at scala.meta.internal.parsers.ScalametaParser.autoPos(ScalametaParser.scala:833)
	at scala.meta.internal.parsers.ScalametaParser.expr(ScalametaParser.scala:2214)
	at scala.meta.internal.parsers.ScalametaParser.expr(ScalametaParser.scala:2109)
	at scala.meta.internal.parsers.ScalametaParser.exprMaybeIndented(ScalametaParser.scala:2137)
	at scala.meta.internal.parsers.ScalametaParser.$anonfun$funDefRest$1(ScalametaParser.scala:4259)
	at scala.meta.internal.parsers.ScalametaParser.atPos(ScalametaParser.scala:817)
	at scala.meta.internal.parsers.ScalametaParser.funDefRest(ScalametaParser.scala:4201)
	at scala.meta.internal.parsers.ScalametaParser.funDefOrDclOrExtensionOrSecondaryCtor(ScalametaParser.scala:4130)
	at scala.meta.internal.parsers.ScalametaParser.defOrDclOrSecondaryCtor(ScalametaParser.scala:3983)
	at scala.meta.internal.parsers.ScalametaParser.nonLocalDefOrDcl(ScalametaParser.scala:3968)
	at scala.meta.internal.parsers.ScalametaParser$$anonfun$templateStat$1$1.applyOrElse(ScalametaParser.scala:4891)
	at scala.meta.internal.parsers.ScalametaParser$$anonfun$templateStat$1$1.applyOrElse(ScalametaParser.scala:4885)
	at scala.runtime.AbstractPartialFunction.apply(AbstractPartialFunction.scala:38)
	at scala.meta.internal.parsers.ScalametaParser.statSeq(ScalametaParser.scala:4829)
	at scala.meta.internal.parsers.ScalametaParser.templateStats(ScalametaParser.scala:4901)
	at scala.meta.internal.parsers.ScalametaParser.templateStatSeq(ScalametaParser.scala:4881)
	at scala.meta.internal.parsers.ScalametaParser.$anonfun$templateBody$1(ScalametaParser.scala:4730)
	at scala.meta.internal.parsers.ScalametaParser.inBraces(ScalametaParser.scala:729)
	at scala.meta.internal.parsers.ScalametaParser.templateBody(ScalametaParser.scala:4730)
	at scala.meta.internal.parsers.ScalametaParser.templateBodyOpt(ScalametaParser.scala:4738)
	at scala.meta.internal.parsers.ScalametaParser.templateOpt(ScalametaParser.scala:4723)
	at scala.meta.internal.parsers.ScalametaParser.$anonfun$objectDef$1(ScalametaParser.scala:4462)
	at scala.meta.internal.parsers.ScalametaParser.atPos(ScalametaParser.scala:817)
	at scala.meta.internal.parsers.ScalametaParser.objectDef(ScalametaParser.scala:4454)
	at scala.meta.internal.parsers.ScalametaParser.tmplDef(ScalametaParser.scala:4338)
	at scala.meta.internal.parsers.ScalametaParser.topLevelTmplDef(ScalametaParser.scala:4320)
	at scala.meta.internal.parsers.ScalametaParser$$anonfun$topStat$1.applyOrElse(ScalametaParser.scala:4851)
	at scala.meta.internal.parsers.ScalametaParser$$anonfun$topStat$1.applyOrElse(ScalametaParser.scala:4839)
	at scala.runtime.AbstractPartialFunction.apply(AbstractPartialFunction.scala:38)
	at scala.meta.internal.parsers.ScalametaParser.statSeq(ScalametaParser.scala:4829)
	at scala.meta.internal.parsers.ScalametaParser.topStatSeq(ScalametaParser.scala:4838)
	at scala.meta.internal.parsers.ScalametaParser.$anonfun$batchSource$1(ScalametaParser.scala:5052)
	at scala.meta.internal.parsers.ScalametaParser.atPos(ScalametaParser.scala:817)
	at scala.meta.internal.parsers.ScalametaParser.autoPos(ScalametaParser.scala:833)
	at scala.meta.internal.parsers.ScalametaParser.batchSource(ScalametaParser.scala:5018)
	at scala.meta.internal.parsers.ScalametaParser.$anonfun$source$1(ScalametaParser.scala:5001)
	at scala.meta.internal.parsers.ScalametaParser.atPos(ScalametaParser.scala:817)
	at scala.meta.internal.parsers.ScalametaParser.autoPos(ScalametaParser.scala:833)
	at scala.meta.internal.parsers.ScalametaParser.source(ScalametaParser.scala:5000)
	at scala.meta.internal.parsers.ScalametaParser.entrypointSource(ScalametaParser.scala:5006)
	at scala.meta.internal.parsers.ScalametaParser.$anonfun$parseSource$2(ScalametaParser.scala:142)
	at scala.meta.internal.parsers.ScalametaParser.parseRule(ScalametaParser.scala:52)
	at scala.meta.internal.parsers.ScalametaParser.parseSource(ScalametaParser.scala:142)
	at scala.meta.parsers.Parse$.$anonfun$parseSource$1(Parse.scala:29)
	at scala.meta.internal.parsers.ScalametaParser$$anon$257.apply(ScalametaParser.scala:5063)
	at scala.meta.parsers.Api$XtensionParseDialectInput.parse(Api.scala:25)
	at scala.meta.internal.semanticdb.scalac.ParseOps$XtensionCompilationUnitSource.toSource(ParseOps.scala:17)
	at scala.meta.internal.semanticdb.scalac.TextDocumentOps$XtensionCompilationUnitDocument.toTextDocument(TextDocumentOps.scala:201)
	at scala.meta.internal.pc.SemanticdbTextDocumentProvider.textDocument(SemanticdbTextDocumentProvider.scala:51)

abr 11, 2021 8:06:09 PM scala.meta.internal.pc.CompilerAccess handleError
SEVERE: file%3A%2F%2F%2FC%3A%2FUsers%2FFederico%2FExercism%2Fscala%2Farmstrong-numbers%2Fsrc%2Fmain%2Fscala%2FArmstrongNumbers.scala:3: error: illegal start of simple expression
}
^
file%3A%2F%2F%2FC%3A%2FUsers%2FFederico%2FExercism%2Fscala%2Farmstrong-numbers%2Fsrc%2Fmain%2Fscala%2FArmstrongNumbers.scala:3: error: illegal start of simple expression
}
^
	at scala.meta.internal.parsers.ScalametaParser.$anonfun$simpleExpr0$1(ScalametaParser.scala:2837)
	at scala.meta.internal.parsers.ScalametaParser.atPosTry(ScalametaParser.scala:826)
	at scala.meta.internal.parsers.ScalametaParser.autoPosTry(ScalametaParser.scala:836)
	at scala.meta.internal.parsers.ScalametaParser.simpleExpr0(ScalametaParser.scala:2789)
	at scala.meta.internal.parsers.ScalametaParser.simpleExpr(ScalametaParser.scala:2787)
	at scala.meta.internal.parsers.ScalametaParser.prefixExpr(ScalametaParser.scala:2771)
	at scala.meta.internal.parsers.ScalametaParser.postfixExpr(ScalametaParser.scala:2751)
	at scala.meta.internal.parsers.ScalametaParser.$anonfun$expr$14(ScalametaParser.scala:2328)
	at scala.meta.internal.parsers.ScalametaParser.atPos(ScalametaParser.scala:817)
	at scala.meta.internal.parsers.ScalametaParser.autoPos(ScalametaParser.scala:833)
	at scala.meta.internal.parsers.ScalametaParser.$anonfun$expr$2(ScalametaParser.scala:2328)
	at scala.meta.internal.parsers.ScalametaParser.atPos(ScalametaParser.scala:817)
	at scala.meta.internal.parsers.ScalametaParser.autoPos(ScalametaParser.scala:833)
	at scala.meta.internal.parsers.ScalametaParser.expr(ScalametaParser.scala:2214)
	at scala.meta.internal.parsers.ScalametaParser.expr(ScalametaParser.scala:2109)
	at scala.meta.internal.parsers.ScalametaParser.exprMaybeIndented(ScalametaParser.scala:2137)
	at scala.meta.internal.parsers.ScalametaParser.$anonfun$funDefRest$1(ScalametaParser.scala:4259)
	at scala.meta.internal.parsers.ScalametaParser.atPos(ScalametaParser.scala:817)
	at scala.meta.internal.parsers.ScalametaParser.funDefRest(ScalametaParser.scala:4201)
	at scala.meta.internal.parsers.ScalametaParser.funDefOrDclOrExtensionOrSecondaryCtor(ScalametaParser.scala:4130)
	at scala.meta.internal.parsers.ScalametaParser.defOrDclOrSecondaryCtor(ScalametaParser.scala:3983)
	at scala.meta.internal.parsers.ScalametaParser.nonLocalDefOrDcl(ScalametaParser.scala:3968)
	at scala.meta.internal.parsers.ScalametaParser$$anonfun$templateStat$1$1.applyOrElse(ScalametaParser.scala:4891)
	at scala.meta.internal.parsers.ScalametaParser$$anonfun$templateStat$1$1.applyOrElse(ScalametaParser.scala:4885)
	at scala.runtime.AbstractPartialFunction.apply(AbstractPartialFunction.scala:38)
	at scala.meta.internal.parsers.ScalametaParser.statSeq(ScalametaParser.scala:4829)
	at scala.meta.internal.parsers.ScalametaParser.templateStats(ScalametaParser.scala:4901)
	at scala.meta.internal.parsers.ScalametaParser.templateStatSeq(ScalametaParser.scala:4881)
	at scala.meta.internal.parsers.ScalametaParser.$anonfun$templateBody$1(ScalametaParser.scala:4730)
	at scala.meta.internal.parsers.ScalametaParser.inBraces(ScalametaParser.scala:729)
	at scala.meta.internal.parsers.ScalametaParser.templateBody(ScalametaParser.scala:4730)
	at scala.meta.internal.parsers.ScalametaParser.templateBodyOpt(ScalametaParser.scala:4738)
	at scala.meta.internal.parsers.ScalametaParser.templateOpt(ScalametaParser.scala:4723)
	at scala.meta.internal.parsers.ScalametaParser.$anonfun$objectDef$1(ScalametaParser.scala:4462)
	at scala.meta.internal.parsers.ScalametaParser.atPos(ScalametaParser.scala:817)
	at scala.meta.internal.parsers.ScalametaParser.objectDef(ScalametaParser.scala:4454)
	at scala.meta.internal.parsers.ScalametaParser.tmplDef(ScalametaParser.scala:4338)
	at scala.meta.internal.parsers.ScalametaParser.topLevelTmplDef(ScalametaParser.scala:4320)
	at scala.meta.internal.parsers.ScalametaParser$$anonfun$topStat$1.applyOrElse(ScalametaParser.scala:4851)
	at scala.meta.internal.parsers.ScalametaParser$$anonfun$topStat$1.applyOrElse(ScalametaParser.scala:4839)
	at scala.runtime.AbstractPartialFunction.apply(AbstractPartialFunction.scala:38)
	at scala.meta.internal.parsers.ScalametaParser.statSeq(ScalametaParser.scala:4829)
	at scala.meta.internal.parsers.ScalametaParser.topStatSeq(ScalametaParser.scala:4838)
	at scala.meta.internal.parsers.ScalametaParser.$anonfun$batchSource$1(ScalametaParser.scala:5052)
	at scala.meta.internal.parsers.ScalametaParser.atPos(ScalametaParser.scala:817)
	at scala.meta.internal.parsers.ScalametaParser.autoPos(ScalametaParser.scala:833)
	at scala.meta.internal.parsers.ScalametaParser.batchSource(ScalametaParser.scala:5018)
	at scala.meta.internal.parsers.ScalametaParser.$anonfun$source$1(ScalametaParser.scala:5001)
	at scala.meta.internal.parsers.ScalametaParser.atPos(ScalametaParser.scala:817)
	at scala.meta.internal.parsers.ScalametaParser.autoPos(ScalametaParser.scala:833)
	at scala.meta.internal.parsers.ScalametaParser.source(ScalametaParser.scala:5000)
	at scala.meta.internal.parsers.ScalametaParser.entrypointSource(ScalametaParser.scala:5006)
	at scala.meta.internal.parsers.ScalametaParser.$anonfun$parseSource$2(ScalametaParser.scala:142)
	at scala.meta.internal.parsers.ScalametaParser.parseRule(ScalametaParser.scala:52)
	at scala.meta.internal.parsers.ScalametaParser.parseSource(ScalametaParser.scala:142)
	at scala.meta.parsers.Parse$.$anonfun$parseSource$1(Parse.scala:29)
	at scala.meta.internal.parsers.ScalametaParser$$anon$257.apply(ScalametaParser.scala:5063)
	at scala.meta.parsers.Api$XtensionParseDialectInput.parse(Api.scala:25)
	at scala.meta.internal.semanticdb.scalac.ParseOps$XtensionCompilationUnitSource.toSource(ParseOps.scala:17)
	at scala.meta.internal.semanticdb.scalac.TextDocumentOps$XtensionCompilationUnitDocument.toTextDocument(TextDocumentOps.scala:201)
	at scala.meta.internal.pc.SemanticdbTextDocumentProvider.textDocument(SemanticdbTextDocumentProvider.scala:51)

abr 11, 2021 8:32:52 PM scala.meta.internal.pc.CompilerAccess handleError
SEVERE: file%3A%2F%2F%2FC%3A%2FUsers%2FFederico%2FExercism%2Fscala%2Farmstrong-numbers%2Fsrc%2Fmain%2Fscala%2FArmstrongNumbers.scala:3: error: illegal start of simple expression
}
^
file%3A%2F%2F%2FC%3A%2FUsers%2FFederico%2FExercism%2Fscala%2Farmstrong-numbers%2Fsrc%2Fmain%2Fscala%2FArmstrongNumbers.scala:3: error: illegal start of simple expression
}
^
	at scala.meta.internal.parsers.ScalametaParser.$anonfun$simpleExpr0$1(ScalametaParser.scala:2837)
	at scala.meta.internal.parsers.ScalametaParser.atPosTry(ScalametaParser.scala:826)
	at scala.meta.internal.parsers.ScalametaParser.autoPosTry(ScalametaParser.scala:836)
	at scala.meta.internal.parsers.ScalametaParser.simpleExpr0(ScalametaParser.scala:2789)
	at scala.meta.internal.parsers.ScalametaParser.simpleExpr(ScalametaParser.scala:2787)
	at scala.meta.internal.parsers.ScalametaParser.prefixExpr(ScalametaParser.scala:2771)
	at scala.meta.internal.parsers.ScalametaParser.postfixExpr(ScalametaParser.scala:2751)
	at scala.meta.internal.parsers.ScalametaParser.$anonfun$expr$14(ScalametaParser.scala:2328)
	at scala.meta.internal.parsers.ScalametaParser.atPos(ScalametaParser.scala:817)
	at scala.meta.internal.parsers.ScalametaParser.autoPos(ScalametaParser.scala:833)
	at scala.meta.internal.parsers.ScalametaParser.$anonfun$expr$2(ScalametaParser.scala:2328)
	at scala.meta.internal.parsers.ScalametaParser.atPos(ScalametaParser.scala:817)
	at scala.meta.internal.parsers.ScalametaParser.autoPos(ScalametaParser.scala:833)
	at scala.meta.internal.parsers.ScalametaParser.expr(ScalametaParser.scala:2214)
	at scala.meta.internal.parsers.ScalametaParser.expr(ScalametaParser.scala:2109)
	at scala.meta.internal.parsers.ScalametaParser.exprMaybeIndented(ScalametaParser.scala:2137)
	at scala.meta.internal.parsers.ScalametaParser.$anonfun$funDefRest$1(ScalametaParser.scala:4259)
	at scala.meta.internal.parsers.ScalametaParser.atPos(ScalametaParser.scala:817)
	at scala.meta.internal.parsers.ScalametaParser.funDefRest(ScalametaParser.scala:4201)
	at scala.meta.internal.parsers.ScalametaParser.funDefOrDclOrExtensionOrSecondaryCtor(ScalametaParser.scala:4130)
	at scala.meta.internal.parsers.ScalametaParser.defOrDclOrSecondaryCtor(ScalametaParser.scala:3983)
	at scala.meta.internal.parsers.ScalametaParser.nonLocalDefOrDcl(ScalametaParser.scala:3968)
	at scala.meta.internal.parsers.ScalametaParser$$anonfun$templateStat$1$1.applyOrElse(ScalametaParser.scala:4891)
	at scala.meta.internal.parsers.ScalametaParser$$anonfun$templateStat$1$1.applyOrElse(ScalametaParser.scala:4885)
	at scala.runtime.AbstractPartialFunction.apply(AbstractPartialFunction.scala:38)
	at scala.meta.internal.parsers.ScalametaParser.statSeq(ScalametaParser.scala:4829)
	at scala.meta.internal.parsers.ScalametaParser.templateStats(ScalametaParser.scala:4901)
	at scala.meta.internal.parsers.ScalametaParser.templateStatSeq(ScalametaParser.scala:4881)
	at scala.meta.internal.parsers.ScalametaParser.$anonfun$templateBody$1(ScalametaParser.scala:4730)
	at scala.meta.internal.parsers.ScalametaParser.inBraces(ScalametaParser.scala:729)
	at scala.meta.internal.parsers.ScalametaParser.templateBody(ScalametaParser.scala:4730)
	at scala.meta.internal.parsers.ScalametaParser.templateBodyOpt(ScalametaParser.scala:4738)
	at scala.meta.internal.parsers.ScalametaParser.templateOpt(ScalametaParser.scala:4723)
	at scala.meta.internal.parsers.ScalametaParser.$anonfun$objectDef$1(ScalametaParser.scala:4462)
	at scala.meta.internal.parsers.ScalametaParser.atPos(ScalametaParser.scala:817)
	at scala.meta.internal.parsers.ScalametaParser.objectDef(ScalametaParser.scala:4454)
	at scala.meta.internal.parsers.ScalametaParser.tmplDef(ScalametaParser.scala:4338)
	at scala.meta.internal.parsers.ScalametaParser.topLevelTmplDef(ScalametaParser.scala:4320)
	at scala.meta.internal.parsers.ScalametaParser$$anonfun$topStat$1.applyOrElse(ScalametaParser.scala:4851)
	at scala.meta.internal.parsers.ScalametaParser$$anonfun$topStat$1.applyOrElse(ScalametaParser.scala:4839)
	at scala.runtime.AbstractPartialFunction.apply(AbstractPartialFunction.scala:38)
	at scala.meta.internal.parsers.ScalametaParser.statSeq(ScalametaParser.scala:4829)
	at scala.meta.internal.parsers.ScalametaParser.topStatSeq(ScalametaParser.scala:4838)
	at scala.meta.internal.parsers.ScalametaParser.$anonfun$batchSource$1(ScalametaParser.scala:5052)
	at scala.meta.internal.parsers.ScalametaParser.atPos(ScalametaParser.scala:817)
	at scala.meta.internal.parsers.ScalametaParser.autoPos(ScalametaParser.scala:833)
	at scala.meta.internal.parsers.ScalametaParser.batchSource(ScalametaParser.scala:5018)
	at scala.meta.internal.parsers.ScalametaParser.$anonfun$source$1(ScalametaParser.scala:5001)
	at scala.meta.internal.parsers.ScalametaParser.atPos(ScalametaParser.scala:817)
	at scala.meta.internal.parsers.ScalametaParser.autoPos(ScalametaParser.scala:833)
	at scala.meta.internal.parsers.ScalametaParser.source(ScalametaParser.scala:5000)
	at scala.meta.internal.parsers.ScalametaParser.entrypointSource(ScalametaParser.scala:5006)
	at scala.meta.internal.parsers.ScalametaParser.$anonfun$parseSource$2(ScalametaParser.scala:142)
	at scala.meta.internal.parsers.ScalametaParser.parseRule(ScalametaParser.scala:52)
	at scala.meta.internal.parsers.ScalametaParser.parseSource(ScalametaParser.scala:142)
	at scala.meta.parsers.Parse$.$anonfun$parseSource$1(Parse.scala:29)
	at scala.meta.internal.parsers.ScalametaParser$$anon$257.apply(ScalametaParser.scala:5063)
	at scala.meta.parsers.Api$XtensionParseDialectInput.parse(Api.scala:25)
	at scala.meta.internal.semanticdb.scalac.ParseOps$XtensionCompilationUnitSource.toSource(ParseOps.scala:17)
	at scala.meta.internal.semanticdb.scalac.TextDocumentOps$XtensionCompilationUnitDocument.toTextDocument(TextDocumentOps.scala:201)
	at scala.meta.internal.pc.SemanticdbTextDocumentProvider.textDocument(SemanticdbTextDocumentProvider.scala:51)

abr 11, 2021 8:32:54 PM scala.meta.internal.pc.CompilerAccess handleError
SEVERE: file%3A%2F%2F%2FC%3A%2FUsers%2FFederico%2FExercism%2Fscala%2Farmstrong-numbers%2Fsrc%2Fmain%2Fscala%2FArmstrongNumbers.scala:3: error: illegal start of simple expression
}
^
file%3A%2F%2F%2FC%3A%2FUsers%2FFederico%2FExercism%2Fscala%2Farmstrong-numbers%2Fsrc%2Fmain%2Fscala%2FArmstrongNumbers.scala:3: error: illegal start of simple expression
}
^
	at scala.meta.internal.parsers.ScalametaParser.$anonfun$simpleExpr0$1(ScalametaParser.scala:2837)
	at scala.meta.internal.parsers.ScalametaParser.atPosTry(ScalametaParser.scala:826)
	at scala.meta.internal.parsers.ScalametaParser.autoPosTry(ScalametaParser.scala:836)
	at scala.meta.internal.parsers.ScalametaParser.simpleExpr0(ScalametaParser.scala:2789)
	at scala.meta.internal.parsers.ScalametaParser.simpleExpr(ScalametaParser.scala:2787)
	at scala.meta.internal.parsers.ScalametaParser.prefixExpr(ScalametaParser.scala:2771)
	at scala.meta.internal.parsers.ScalametaParser.postfixExpr(ScalametaParser.scala:2751)
	at scala.meta.internal.parsers.ScalametaParser.$anonfun$expr$14(ScalametaParser.scala:2328)
	at scala.meta.internal.parsers.ScalametaParser.atPos(ScalametaParser.scala:817)
	at scala.meta.internal.parsers.ScalametaParser.autoPos(ScalametaParser.scala:833)
	at scala.meta.internal.parsers.ScalametaParser.$anonfun$expr$2(ScalametaParser.scala:2328)
	at scala.meta.internal.parsers.ScalametaParser.atPos(ScalametaParser.scala:817)
	at scala.meta.internal.parsers.ScalametaParser.autoPos(ScalametaParser.scala:833)
	at scala.meta.internal.parsers.ScalametaParser.expr(ScalametaParser.scala:2214)
	at scala.meta.internal.parsers.ScalametaParser.expr(ScalametaParser.scala:2109)
	at scala.meta.internal.parsers.ScalametaParser.exprMaybeIndented(ScalametaParser.scala:2137)
	at scala.meta.internal.parsers.ScalametaParser.$anonfun$funDefRest$1(ScalametaParser.scala:4259)
	at scala.meta.internal.parsers.ScalametaParser.atPos(ScalametaParser.scala:817)
	at scala.meta.internal.parsers.ScalametaParser.funDefRest(ScalametaParser.scala:4201)
	at scala.meta.internal.parsers.ScalametaParser.funDefOrDclOrExtensionOrSecondaryCtor(ScalametaParser.scala:4130)
	at scala.meta.internal.parsers.ScalametaParser.defOrDclOrSecondaryCtor(ScalametaParser.scala:3983)
	at scala.meta.internal.parsers.ScalametaParser.nonLocalDefOrDcl(ScalametaParser.scala:3968)
	at scala.meta.internal.parsers.ScalametaParser$$anonfun$templateStat$1$1.applyOrElse(ScalametaParser.scala:4891)
	at scala.meta.internal.parsers.ScalametaParser$$anonfun$templateStat$1$1.applyOrElse(ScalametaParser.scala:4885)
	at scala.runtime.AbstractPartialFunction.apply(AbstractPartialFunction.scala:38)
	at scala.meta.internal.parsers.ScalametaParser.statSeq(ScalametaParser.scala:4829)
	at scala.meta.internal.parsers.ScalametaParser.templateStats(ScalametaParser.scala:4901)
	at scala.meta.internal.parsers.ScalametaParser.templateStatSeq(ScalametaParser.scala:4881)
	at scala.meta.internal.parsers.ScalametaParser.$anonfun$templateBody$1(ScalametaParser.scala:4730)
	at scala.meta.internal.parsers.ScalametaParser.inBraces(ScalametaParser.scala:729)
	at scala.meta.internal.parsers.ScalametaParser.templateBody(ScalametaParser.scala:4730)
	at scala.meta.internal.parsers.ScalametaParser.templateBodyOpt(ScalametaParser.scala:4738)
	at scala.meta.internal.parsers.ScalametaParser.templateOpt(ScalametaParser.scala:4723)
	at scala.meta.internal.parsers.ScalametaParser.$anonfun$objectDef$1(ScalametaParser.scala:4462)
	at scala.meta.internal.parsers.ScalametaParser.atPos(ScalametaParser.scala:817)
	at scala.meta.internal.parsers.ScalametaParser.objectDef(ScalametaParser.scala:4454)
	at scala.meta.internal.parsers.ScalametaParser.tmplDef(ScalametaParser.scala:4338)
	at scala.meta.internal.parsers.ScalametaParser.topLevelTmplDef(ScalametaParser.scala:4320)
	at scala.meta.internal.parsers.ScalametaParser$$anonfun$topStat$1.applyOrElse(ScalametaParser.scala:4851)
	at scala.meta.internal.parsers.ScalametaParser$$anonfun$topStat$1.applyOrElse(ScalametaParser.scala:4839)
	at scala.runtime.AbstractPartialFunction.apply(AbstractPartialFunction.scala:38)
	at scala.meta.internal.parsers.ScalametaParser.statSeq(ScalametaParser.scala:4829)
	at scala.meta.internal.parsers.ScalametaParser.topStatSeq(ScalametaParser.scala:4838)
	at scala.meta.internal.parsers.ScalametaParser.$anonfun$batchSource$1(ScalametaParser.scala:5052)
	at scala.meta.internal.parsers.ScalametaParser.atPos(ScalametaParser.scala:817)
	at scala.meta.internal.parsers.ScalametaParser.autoPos(ScalametaParser.scala:833)
	at scala.meta.internal.parsers.ScalametaParser.batchSource(ScalametaParser.scala:5018)
	at scala.meta.internal.parsers.ScalametaParser.$anonfun$source$1(ScalametaParser.scala:5001)
	at scala.meta.internal.parsers.ScalametaParser.atPos(ScalametaParser.scala:817)
	at scala.meta.internal.parsers.ScalametaParser.autoPos(ScalametaParser.scala:833)
	at scala.meta.internal.parsers.ScalametaParser.source(ScalametaParser.scala:5000)
	at scala.meta.internal.parsers.ScalametaParser.entrypointSource(ScalametaParser.scala:5006)
	at scala.meta.internal.parsers.ScalametaParser.$anonfun$parseSource$2(ScalametaParser.scala:142)
	at scala.meta.internal.parsers.ScalametaParser.parseRule(ScalametaParser.scala:52)
	at scala.meta.internal.parsers.ScalametaParser.parseSource(ScalametaParser.scala:142)
	at scala.meta.parsers.Parse$.$anonfun$parseSource$1(Parse.scala:29)
	at scala.meta.internal.parsers.ScalametaParser$$anon$257.apply(ScalametaParser.scala:5063)
	at scala.meta.parsers.Api$XtensionParseDialectInput.parse(Api.scala:25)
	at scala.meta.internal.semanticdb.scalac.ParseOps$XtensionCompilationUnitSource.toSource(ParseOps.scala:17)
	at scala.meta.internal.semanticdb.scalac.TextDocumentOps$XtensionCompilationUnitDocument.toTextDocument(TextDocumentOps.scala:201)
	at scala.meta.internal.pc.SemanticdbTextDocumentProvider.textDocument(SemanticdbTextDocumentProvider.scala:51)

abr 11, 2021 8:32:54 PM scala.meta.internal.pc.CompilerAccess handleError
SEVERE: file%3A%2F%2F%2FC%3A%2FUsers%2FFederico%2FExercism%2Fscala%2Farmstrong-numbers%2Fsrc%2Fmain%2Fscala%2FArmstrongNumbers.scala:3: error: illegal start of simple expression
}
^
file%3A%2F%2F%2FC%3A%2FUsers%2FFederico%2FExercism%2Fscala%2Farmstrong-numbers%2Fsrc%2Fmain%2Fscala%2FArmstrongNumbers.scala:3: error: illegal start of simple expression
}
^
	at scala.meta.internal.parsers.ScalametaParser.$anonfun$simpleExpr0$1(ScalametaParser.scala:2837)
	at scala.meta.internal.parsers.ScalametaParser.atPosTry(ScalametaParser.scala:826)
	at scala.meta.internal.parsers.ScalametaParser.autoPosTry(ScalametaParser.scala:836)
	at scala.meta.internal.parsers.ScalametaParser.simpleExpr0(ScalametaParser.scala:2789)
	at scala.meta.internal.parsers.ScalametaParser.simpleExpr(ScalametaParser.scala:2787)
	at scala.meta.internal.parsers.ScalametaParser.prefixExpr(ScalametaParser.scala:2771)
	at scala.meta.internal.parsers.ScalametaParser.postfixExpr(ScalametaParser.scala:2751)
	at scala.meta.internal.parsers.ScalametaParser.$anonfun$expr$14(ScalametaParser.scala:2328)
	at scala.meta.internal.parsers.ScalametaParser.atPos(ScalametaParser.scala:817)
	at scala.meta.internal.parsers.ScalametaParser.autoPos(ScalametaParser.scala:833)
	at scala.meta.internal.parsers.ScalametaParser.$anonfun$expr$2(ScalametaParser.scala:2328)
	at scala.meta.internal.parsers.ScalametaParser.atPos(ScalametaParser.scala:817)
	at scala.meta.internal.parsers.ScalametaParser.autoPos(ScalametaParser.scala:833)
	at scala.meta.internal.parsers.ScalametaParser.expr(ScalametaParser.scala:2214)
	at scala.meta.internal.parsers.ScalametaParser.expr(ScalametaParser.scala:2109)
	at scala.meta.internal.parsers.ScalametaParser.exprMaybeIndented(ScalametaParser.scala:2137)
	at scala.meta.internal.parsers.ScalametaParser.$anonfun$funDefRest$1(ScalametaParser.scala:4259)
	at scala.meta.internal.parsers.ScalametaParser.atPos(ScalametaParser.scala:817)
	at scala.meta.internal.parsers.ScalametaParser.funDefRest(ScalametaParser.scala:4201)
	at scala.meta.internal.parsers.ScalametaParser.funDefOrDclOrExtensionOrSecondaryCtor(ScalametaParser.scala:4130)
	at scala.meta.internal.parsers.ScalametaParser.defOrDclOrSecondaryCtor(ScalametaParser.scala:3983)
	at scala.meta.internal.parsers.ScalametaParser.nonLocalDefOrDcl(ScalametaParser.scala:3968)
	at scala.meta.internal.parsers.ScalametaParser$$anonfun$templateStat$1$1.applyOrElse(ScalametaParser.scala:4891)
	at scala.meta.internal.parsers.ScalametaParser$$anonfun$templateStat$1$1.applyOrElse(ScalametaParser.scala:4885)
	at scala.runtime.AbstractPartialFunction.apply(AbstractPartialFunction.scala:38)
	at scala.meta.internal.parsers.ScalametaParser.statSeq(ScalametaParser.scala:4829)
	at scala.meta.internal.parsers.ScalametaParser.templateStats(ScalametaParser.scala:4901)
	at scala.meta.internal.parsers.ScalametaParser.templateStatSeq(ScalametaParser.scala:4881)
	at scala.meta.internal.parsers.ScalametaParser.$anonfun$templateBody$1(ScalametaParser.scala:4730)
	at scala.meta.internal.parsers.ScalametaParser.inBraces(ScalametaParser.scala:729)
	at scala.meta.internal.parsers.ScalametaParser.templateBody(ScalametaParser.scala:4730)
	at scala.meta.internal.parsers.ScalametaParser.templateBodyOpt(ScalametaParser.scala:4738)
	at scala.meta.internal.parsers.ScalametaParser.templateOpt(ScalametaParser.scala:4723)
	at scala.meta.internal.parsers.ScalametaParser.$anonfun$objectDef$1(ScalametaParser.scala:4462)
	at scala.meta.internal.parsers.ScalametaParser.atPos(ScalametaParser.scala:817)
	at scala.meta.internal.parsers.ScalametaParser.objectDef(ScalametaParser.scala:4454)
	at scala.meta.internal.parsers.ScalametaParser.tmplDef(ScalametaParser.scala:4338)
	at scala.meta.internal.parsers.ScalametaParser.topLevelTmplDef(ScalametaParser.scala:4320)
	at scala.meta.internal.parsers.ScalametaParser$$anonfun$topStat$1.applyOrElse(ScalametaParser.scala:4851)
	at scala.meta.internal.parsers.ScalametaParser$$anonfun$topStat$1.applyOrElse(ScalametaParser.scala:4839)
	at scala.runtime.AbstractPartialFunction.apply(AbstractPartialFunction.scala:38)
	at scala.meta.internal.parsers.ScalametaParser.statSeq(ScalametaParser.scala:4829)
	at scala.meta.internal.parsers.ScalametaParser.topStatSeq(ScalametaParser.scala:4838)
	at scala.meta.internal.parsers.ScalametaParser.$anonfun$batchSource$1(ScalametaParser.scala:5052)
	at scala.meta.internal.parsers.ScalametaParser.atPos(ScalametaParser.scala:817)
	at scala.meta.internal.parsers.ScalametaParser.autoPos(ScalametaParser.scala:833)
	at scala.meta.internal.parsers.ScalametaParser.batchSource(ScalametaParser.scala:5018)
	at scala.meta.internal.parsers.ScalametaParser.$anonfun$source$1(ScalametaParser.scala:5001)
	at scala.meta.internal.parsers.ScalametaParser.atPos(ScalametaParser.scala:817)
	at scala.meta.internal.parsers.ScalametaParser.autoPos(ScalametaParser.scala:833)
	at scala.meta.internal.parsers.ScalametaParser.source(ScalametaParser.scala:5000)
	at scala.meta.internal.parsers.ScalametaParser.entrypointSource(ScalametaParser.scala:5006)
	at scala.meta.internal.parsers.ScalametaParser.$anonfun$parseSource$2(ScalametaParser.scala:142)
	at scala.meta.internal.parsers.ScalametaParser.parseRule(ScalametaParser.scala:52)
	at scala.meta.internal.parsers.ScalametaParser.parseSource(ScalametaParser.scala:142)
	at scala.meta.parsers.Parse$.$anonfun$parseSource$1(Parse.scala:29)
	at scala.meta.internal.parsers.ScalametaParser$$anon$257.apply(ScalametaParser.scala:5063)
	at scala.meta.parsers.Api$XtensionParseDialectInput.parse(Api.scala:25)
	at scala.meta.internal.semanticdb.scalac.ParseOps$XtensionCompilationUnitSource.toSource(ParseOps.scala:17)
	at scala.meta.internal.semanticdb.scalac.TextDocumentOps$XtensionCompilationUnitDocument.toTextDocument(TextDocumentOps.scala:201)
	at scala.meta.internal.pc.SemanticdbTextDocumentProvider.textDocument(SemanticdbTextDocumentProvider.scala:51)

abr 11, 2021 8:32:54 PM scala.meta.internal.pc.CompilerAccess handleError
SEVERE: file%3A%2F%2F%2FC%3A%2FUsers%2FFederico%2FExercism%2Fscala%2Farmstrong-numbers%2Fsrc%2Fmain%2Fscala%2FArmstrongNumbers.scala:3: error: illegal start of simple expression
}
^
file%3A%2F%2F%2FC%3A%2FUsers%2FFederico%2FExercism%2Fscala%2Farmstrong-numbers%2Fsrc%2Fmain%2Fscala%2FArmstrongNumbers.scala:3: error: illegal start of simple expression
}
^
	at scala.meta.internal.parsers.ScalametaParser.$anonfun$simpleExpr0$1(ScalametaParser.scala:2837)
	at scala.meta.internal.parsers.ScalametaParser.atPosTry(ScalametaParser.scala:826)
	at scala.meta.internal.parsers.ScalametaParser.autoPosTry(ScalametaParser.scala:836)
	at scala.meta.internal.parsers.ScalametaParser.simpleExpr0(ScalametaParser.scala:2789)
	at scala.meta.internal.parsers.ScalametaParser.simpleExpr(ScalametaParser.scala:2787)
	at scala.meta.internal.parsers.ScalametaParser.prefixExpr(ScalametaParser.scala:2771)
	at scala.meta.internal.parsers.ScalametaParser.postfixExpr(ScalametaParser.scala:2751)
	at scala.meta.internal.parsers.ScalametaParser.$anonfun$expr$14(ScalametaParser.scala:2328)
	at scala.meta.internal.parsers.ScalametaParser.atPos(ScalametaParser.scala:817)
	at scala.meta.internal.parsers.ScalametaParser.autoPos(ScalametaParser.scala:833)
	at scala.meta.internal.parsers.ScalametaParser.$anonfun$expr$2(ScalametaParser.scala:2328)
	at scala.meta.internal.parsers.ScalametaParser.atPos(ScalametaParser.scala:817)
	at scala.meta.internal.parsers.ScalametaParser.autoPos(ScalametaParser.scala:833)
	at scala.meta.internal.parsers.ScalametaParser.expr(ScalametaParser.scala:2214)
	at scala.meta.internal.parsers.ScalametaParser.expr(ScalametaParser.scala:2109)
	at scala.meta.internal.parsers.ScalametaParser.exprMaybeIndented(ScalametaParser.scala:2137)
	at scala.meta.internal.parsers.ScalametaParser.$anonfun$funDefRest$1(ScalametaParser.scala:4259)
	at scala.meta.internal.parsers.ScalametaParser.atPos(ScalametaParser.scala:817)
	at scala.meta.internal.parsers.ScalametaParser.funDefRest(ScalametaParser.scala:4201)
	at scala.meta.internal.parsers.ScalametaParser.funDefOrDclOrExtensionOrSecondaryCtor(ScalametaParser.scala:4130)
	at scala.meta.internal.parsers.ScalametaParser.defOrDclOrSecondaryCtor(ScalametaParser.scala:3983)
	at scala.meta.internal.parsers.ScalametaParser.nonLocalDefOrDcl(ScalametaParser.scala:3968)
	at scala.meta.internal.parsers.ScalametaParser$$anonfun$templateStat$1$1.applyOrElse(ScalametaParser.scala:4891)
	at scala.meta.internal.parsers.ScalametaParser$$anonfun$templateStat$1$1.applyOrElse(ScalametaParser.scala:4885)
	at scala.runtime.AbstractPartialFunction.apply(AbstractPartialFunction.scala:38)
	at scala.meta.internal.parsers.ScalametaParser.statSeq(ScalametaParser.scala:4829)
	at scala.meta.internal.parsers.ScalametaParser.templateStats(ScalametaParser.scala:4901)
	at scala.meta.internal.parsers.ScalametaParser.templateStatSeq(ScalametaParser.scala:4881)
	at scala.meta.internal.parsers.ScalametaParser.$anonfun$templateBody$1(ScalametaParser.scala:4730)
	at scala.meta.internal.parsers.ScalametaParser.inBraces(ScalametaParser.scala:729)
	at scala.meta.internal.parsers.ScalametaParser.templateBody(ScalametaParser.scala:4730)
	at scala.meta.internal.parsers.ScalametaParser.templateBodyOpt(ScalametaParser.scala:4738)
	at scala.meta.internal.parsers.ScalametaParser.templateOpt(ScalametaParser.scala:4723)
	at scala.meta.internal.parsers.ScalametaParser.$anonfun$objectDef$1(ScalametaParser.scala:4462)
	at scala.meta.internal.parsers.ScalametaParser.atPos(ScalametaParser.scala:817)
	at scala.meta.internal.parsers.ScalametaParser.objectDef(ScalametaParser.scala:4454)
	at scala.meta.internal.parsers.ScalametaParser.tmplDef(ScalametaParser.scala:4338)
	at scala.meta.internal.parsers.ScalametaParser.topLevelTmplDef(ScalametaParser.scala:4320)
	at scala.meta.internal.parsers.ScalametaParser$$anonfun$topStat$1.applyOrElse(ScalametaParser.scala:4851)
	at scala.meta.internal.parsers.ScalametaParser$$anonfun$topStat$1.applyOrElse(ScalametaParser.scala:4839)
	at scala.runtime.AbstractPartialFunction.apply(AbstractPartialFunction.scala:38)
	at scala.meta.internal.parsers.ScalametaParser.statSeq(ScalametaParser.scala:4829)
	at scala.meta.internal.parsers.ScalametaParser.topStatSeq(ScalametaParser.scala:4838)
	at scala.meta.internal.parsers.ScalametaParser.$anonfun$batchSource$1(ScalametaParser.scala:5052)
	at scala.meta.internal.parsers.ScalametaParser.atPos(ScalametaParser.scala:817)
	at scala.meta.internal.parsers.ScalametaParser.autoPos(ScalametaParser.scala:833)
	at scala.meta.internal.parsers.ScalametaParser.batchSource(ScalametaParser.scala:5018)
	at scala.meta.internal.parsers.ScalametaParser.$anonfun$source$1(ScalametaParser.scala:5001)
	at scala.meta.internal.parsers.ScalametaParser.atPos(ScalametaParser.scala:817)
	at scala.meta.internal.parsers.ScalametaParser.autoPos(ScalametaParser.scala:833)
	at scala.meta.internal.parsers.ScalametaParser.source(ScalametaParser.scala:5000)
	at scala.meta.internal.parsers.ScalametaParser.entrypointSource(ScalametaParser.scala:5006)
	at scala.meta.internal.parsers.ScalametaParser.$anonfun$parseSource$2(ScalametaParser.scala:142)
	at scala.meta.internal.parsers.ScalametaParser.parseRule(ScalametaParser.scala:52)
	at scala.meta.internal.parsers.ScalametaParser.parseSource(ScalametaParser.scala:142)
	at scala.meta.parsers.Parse$.$anonfun$parseSource$1(Parse.scala:29)
	at scala.meta.internal.parsers.ScalametaParser$$anon$257.apply(ScalametaParser.scala:5063)
	at scala.meta.parsers.Api$XtensionParseDialectInput.parse(Api.scala:25)
	at scala.meta.internal.semanticdb.scalac.ParseOps$XtensionCompilationUnitSource.toSource(ParseOps.scala:17)
	at scala.meta.internal.semanticdb.scalac.TextDocumentOps$XtensionCompilationUnitDocument.toTextDocument(TextDocumentOps.scala:201)
	at scala.meta.internal.pc.SemanticdbTextDocumentProvider.textDocument(SemanticdbTextDocumentProvider.scala:51)

abr 11, 2021 8:32:54 PM scala.meta.internal.pc.CompilerAccess handleError
SEVERE: file%3A%2F%2F%2FC%3A%2FUsers%2FFederico%2FExercism%2Fscala%2Farmstrong-numbers%2Fsrc%2Fmain%2Fscala%2FArmstrongNumbers.scala:3: error: illegal start of simple expression
}
^
file%3A%2F%2F%2FC%3A%2FUsers%2FFederico%2FExercism%2Fscala%2Farmstrong-numbers%2Fsrc%2Fmain%2Fscala%2FArmstrongNumbers.scala:3: error: illegal start of simple expression
}
^
	at scala.meta.internal.parsers.ScalametaParser.$anonfun$simpleExpr0$1(ScalametaParser.scala:2837)
	at scala.meta.internal.parsers.ScalametaParser.atPosTry(ScalametaParser.scala:826)
	at scala.meta.internal.parsers.ScalametaParser.autoPosTry(ScalametaParser.scala:836)
	at scala.meta.internal.parsers.ScalametaParser.simpleExpr0(ScalametaParser.scala:2789)
	at scala.meta.internal.parsers.ScalametaParser.simpleExpr(ScalametaParser.scala:2787)
	at scala.meta.internal.parsers.ScalametaParser.prefixExpr(ScalametaParser.scala:2771)
	at scala.meta.internal.parsers.ScalametaParser.postfixExpr(ScalametaParser.scala:2751)
	at scala.meta.internal.parsers.ScalametaParser.$anonfun$expr$14(ScalametaParser.scala:2328)
	at scala.meta.internal.parsers.ScalametaParser.atPos(ScalametaParser.scala:817)
	at scala.meta.internal.parsers.ScalametaParser.autoPos(ScalametaParser.scala:833)
	at scala.meta.internal.parsers.ScalametaParser.$anonfun$expr$2(ScalametaParser.scala:2328)
	at scala.meta.internal.parsers.ScalametaParser.atPos(ScalametaParser.scala:817)
	at scala.meta.internal.parsers.ScalametaParser.autoPos(ScalametaParser.scala:833)
	at scala.meta.internal.parsers.ScalametaParser.expr(ScalametaParser.scala:2214)
	at scala.meta.internal.parsers.ScalametaParser.expr(ScalametaParser.scala:2109)
	at scala.meta.internal.parsers.ScalametaParser.exprMaybeIndented(ScalametaParser.scala:2137)
	at scala.meta.internal.parsers.ScalametaParser.$anonfun$funDefRest$1(ScalametaParser.scala:4259)
	at scala.meta.internal.parsers.ScalametaParser.atPos(ScalametaParser.scala:817)
	at scala.meta.internal.parsers.ScalametaParser.funDefRest(ScalametaParser.scala:4201)
	at scala.meta.internal.parsers.ScalametaParser.funDefOrDclOrExtensionOrSecondaryCtor(ScalametaParser.scala:4130)
	at scala.meta.internal.parsers.ScalametaParser.defOrDclOrSecondaryCtor(ScalametaParser.scala:3983)
	at scala.meta.internal.parsers.ScalametaParser.nonLocalDefOrDcl(ScalametaParser.scala:3968)
	at scala.meta.internal.parsers.ScalametaParser$$anonfun$templateStat$1$1.applyOrElse(ScalametaParser.scala:4891)
	at scala.meta.internal.parsers.ScalametaParser$$anonfun$templateStat$1$1.applyOrElse(ScalametaParser.scala:4885)
	at scala.runtime.AbstractPartialFunction.apply(AbstractPartialFunction.scala:38)
	at scala.meta.internal.parsers.ScalametaParser.statSeq(ScalametaParser.scala:4829)
	at scala.meta.internal.parsers.ScalametaParser.templateStats(ScalametaParser.scala:4901)
	at scala.meta.internal.parsers.ScalametaParser.templateStatSeq(ScalametaParser.scala:4881)
	at scala.meta.internal.parsers.ScalametaParser.$anonfun$templateBody$1(ScalametaParser.scala:4730)
	at scala.meta.internal.parsers.ScalametaParser.inBraces(ScalametaParser.scala:729)
	at scala.meta.internal.parsers.ScalametaParser.templateBody(ScalametaParser.scala:4730)
	at scala.meta.internal.parsers.ScalametaParser.templateBodyOpt(ScalametaParser.scala:4738)
	at scala.meta.internal.parsers.ScalametaParser.templateOpt(ScalametaParser.scala:4723)
	at scala.meta.internal.parsers.ScalametaParser.$anonfun$objectDef$1(ScalametaParser.scala:4462)
	at scala.meta.internal.parsers.ScalametaParser.atPos(ScalametaParser.scala:817)
	at scala.meta.internal.parsers.ScalametaParser.objectDef(ScalametaParser.scala:4454)
	at scala.meta.internal.parsers.ScalametaParser.tmplDef(ScalametaParser.scala:4338)
	at scala.meta.internal.parsers.ScalametaParser.topLevelTmplDef(ScalametaParser.scala:4320)
	at scala.meta.internal.parsers.ScalametaParser$$anonfun$topStat$1.applyOrElse(ScalametaParser.scala:4851)
	at scala.meta.internal.parsers.ScalametaParser$$anonfun$topStat$1.applyOrElse(ScalametaParser.scala:4839)
	at scala.runtime.AbstractPartialFunction.apply(AbstractPartialFunction.scala:38)
	at scala.meta.internal.parsers.ScalametaParser.statSeq(ScalametaParser.scala:4829)
	at scala.meta.internal.parsers.ScalametaParser.topStatSeq(ScalametaParser.scala:4838)
	at scala.meta.internal.parsers.ScalametaParser.$anonfun$batchSource$1(ScalametaParser.scala:5052)
	at scala.meta.internal.parsers.ScalametaParser.atPos(ScalametaParser.scala:817)
	at scala.meta.internal.parsers.ScalametaParser.autoPos(ScalametaParser.scala:833)
	at scala.meta.internal.parsers.ScalametaParser.batchSource(ScalametaParser.scala:5018)
	at scala.meta.internal.parsers.ScalametaParser.$anonfun$source$1(ScalametaParser.scala:5001)
	at scala.meta.internal.parsers.ScalametaParser.atPos(ScalametaParser.scala:817)
	at scala.meta.internal.parsers.ScalametaParser.autoPos(ScalametaParser.scala:833)
	at scala.meta.internal.parsers.ScalametaParser.source(ScalametaParser.scala:5000)
	at scala.meta.internal.parsers.ScalametaParser.entrypointSource(ScalametaParser.scala:5006)
	at scala.meta.internal.parsers.ScalametaParser.$anonfun$parseSource$2(ScalametaParser.scala:142)
	at scala.meta.internal.parsers.ScalametaParser.parseRule(ScalametaParser.scala:52)
	at scala.meta.internal.parsers.ScalametaParser.parseSource(ScalametaParser.scala:142)
	at scala.meta.parsers.Parse$.$anonfun$parseSource$1(Parse.scala:29)
	at scala.meta.internal.parsers.ScalametaParser$$anon$257.apply(ScalametaParser.scala:5063)
	at scala.meta.parsers.Api$XtensionParseDialectInput.parse(Api.scala:25)
	at scala.meta.internal.semanticdb.scalac.ParseOps$XtensionCompilationUnitSource.toSource(ParseOps.scala:17)
	at scala.meta.internal.semanticdb.scalac.TextDocumentOps$XtensionCompilationUnitDocument.toTextDocument(TextDocumentOps.scala:201)
	at scala.meta.internal.pc.SemanticdbTextDocumentProvider.textDocument(SemanticdbTextDocumentProvider.scala:51)

abr 11, 2021 8:32:55 PM scala.meta.internal.pc.CompilerAccess handleError
SEVERE: file%3A%2F%2F%2FC%3A%2FUsers%2FFederico%2FExercism%2Fscala%2Farmstrong-numbers%2Fsrc%2Fmain%2Fscala%2FArmstrongNumbers.scala:3: error: illegal start of simple expression
}
^
file%3A%2F%2F%2FC%3A%2FUsers%2FFederico%2FExercism%2Fscala%2Farmstrong-numbers%2Fsrc%2Fmain%2Fscala%2FArmstrongNumbers.scala:3: error: illegal start of simple expression
}
^
	at scala.meta.internal.parsers.ScalametaParser.$anonfun$simpleExpr0$1(ScalametaParser.scala:2837)
	at scala.meta.internal.parsers.ScalametaParser.atPosTry(ScalametaParser.scala:826)
	at scala.meta.internal.parsers.ScalametaParser.autoPosTry(ScalametaParser.scala:836)
	at scala.meta.internal.parsers.ScalametaParser.simpleExpr0(ScalametaParser.scala:2789)
	at scala.meta.internal.parsers.ScalametaParser.simpleExpr(ScalametaParser.scala:2787)
	at scala.meta.internal.parsers.ScalametaParser.prefixExpr(ScalametaParser.scala:2771)
	at scala.meta.internal.parsers.ScalametaParser.postfixExpr(ScalametaParser.scala:2751)
	at scala.meta.internal.parsers.ScalametaParser.$anonfun$expr$14(ScalametaParser.scala:2328)
	at scala.meta.internal.parsers.ScalametaParser.atPos(ScalametaParser.scala:817)
	at scala.meta.internal.parsers.ScalametaParser.autoPos(ScalametaParser.scala:833)
	at scala.meta.internal.parsers.ScalametaParser.$anonfun$expr$2(ScalametaParser.scala:2328)
	at scala.meta.internal.parsers.ScalametaParser.atPos(ScalametaParser.scala:817)
	at scala.meta.internal.parsers.ScalametaParser.autoPos(ScalametaParser.scala:833)
	at scala.meta.internal.parsers.ScalametaParser.expr(ScalametaParser.scala:2214)
	at scala.meta.internal.parsers.ScalametaParser.expr(ScalametaParser.scala:2109)
	at scala.meta.internal.parsers.ScalametaParser.exprMaybeIndented(ScalametaParser.scala:2137)
	at scala.meta.internal.parsers.ScalametaParser.$anonfun$funDefRest$1(ScalametaParser.scala:4259)
	at scala.meta.internal.parsers.ScalametaParser.atPos(ScalametaParser.scala:817)
	at scala.meta.internal.parsers.ScalametaParser.funDefRest(ScalametaParser.scala:4201)
	at scala.meta.internal.parsers.ScalametaParser.funDefOrDclOrExtensionOrSecondaryCtor(ScalametaParser.scala:4130)
	at scala.meta.internal.parsers.ScalametaParser.defOrDclOrSecondaryCtor(ScalametaParser.scala:3983)
	at scala.meta.internal.parsers.ScalametaParser.nonLocalDefOrDcl(ScalametaParser.scala:3968)
	at scala.meta.internal.parsers.ScalametaParser$$anonfun$templateStat$1$1.applyOrElse(ScalametaParser.scala:4891)
	at scala.meta.internal.parsers.ScalametaParser$$anonfun$templateStat$1$1.applyOrElse(ScalametaParser.scala:4885)
	at scala.runtime.AbstractPartialFunction.apply(AbstractPartialFunction.scala:38)
	at scala.meta.internal.parsers.ScalametaParser.statSeq(ScalametaParser.scala:4829)
	at scala.meta.internal.parsers.ScalametaParser.templateStats(ScalametaParser.scala:4901)
	at scala.meta.internal.parsers.ScalametaParser.templateStatSeq(ScalametaParser.scala:4881)
	at scala.meta.internal.parsers.ScalametaParser.$anonfun$templateBody$1(ScalametaParser.scala:4730)
	at scala.meta.internal.parsers.ScalametaParser.inBraces(ScalametaParser.scala:729)
	at scala.meta.internal.parsers.ScalametaParser.templateBody(ScalametaParser.scala:4730)
	at scala.meta.internal.parsers.ScalametaParser.templateBodyOpt(ScalametaParser.scala:4738)
	at scala.meta.internal.parsers.ScalametaParser.templateOpt(ScalametaParser.scala:4723)
	at scala.meta.internal.parsers.ScalametaParser.$anonfun$objectDef$1(ScalametaParser.scala:4462)
	at scala.meta.internal.parsers.ScalametaParser.atPos(ScalametaParser.scala:817)
	at scala.meta.internal.parsers.ScalametaParser.objectDef(ScalametaParser.scala:4454)
	at scala.meta.internal.parsers.ScalametaParser.tmplDef(ScalametaParser.scala:4338)
	at scala.meta.internal.parsers.ScalametaParser.topLevelTmplDef(ScalametaParser.scala:4320)
	at scala.meta.internal.parsers.ScalametaParser$$anonfun$topStat$1.applyOrElse(ScalametaParser.scala:4851)
	at scala.meta.internal.parsers.ScalametaParser$$anonfun$topStat$1.applyOrElse(ScalametaParser.scala:4839)
	at scala.runtime.AbstractPartialFunction.apply(AbstractPartialFunction.scala:38)
	at scala.meta.internal.parsers.ScalametaParser.statSeq(ScalametaParser.scala:4829)
	at scala.meta.internal.parsers.ScalametaParser.topStatSeq(ScalametaParser.scala:4838)
	at scala.meta.internal.parsers.ScalametaParser.$anonfun$batchSource$1(ScalametaParser.scala:5052)
	at scala.meta.internal.parsers.ScalametaParser.atPos(ScalametaParser.scala:817)
	at scala.meta.internal.parsers.ScalametaParser.autoPos(ScalametaParser.scala:833)
	at scala.meta.internal.parsers.ScalametaParser.batchSource(ScalametaParser.scala:5018)
	at scala.meta.internal.parsers.ScalametaParser.$anonfun$source$1(ScalametaParser.scala:5001)
	at scala.meta.internal.parsers.ScalametaParser.atPos(ScalametaParser.scala:817)
	at scala.meta.internal.parsers.ScalametaParser.autoPos(ScalametaParser.scala:833)
	at scala.meta.internal.parsers.ScalametaParser.source(ScalametaParser.scala:5000)
	at scala.meta.internal.parsers.ScalametaParser.entrypointSource(ScalametaParser.scala:5006)
	at scala.meta.internal.parsers.ScalametaParser.$anonfun$parseSource$2(ScalametaParser.scala:142)
	at scala.meta.internal.parsers.ScalametaParser.parseRule(ScalametaParser.scala:52)
	at scala.meta.internal.parsers.ScalametaParser.parseSource(ScalametaParser.scala:142)
	at scala.meta.parsers.Parse$.$anonfun$parseSource$1(Parse.scala:29)
	at scala.meta.internal.parsers.ScalametaParser$$anon$257.apply(ScalametaParser.scala:5063)
	at scala.meta.parsers.Api$XtensionParseDialectInput.parse(Api.scala:25)
	at scala.meta.internal.semanticdb.scalac.ParseOps$XtensionCompilationUnitSource.toSource(ParseOps.scala:17)
	at scala.meta.internal.semanticdb.scalac.TextDocumentOps$XtensionCompilationUnitDocument.toTextDocument(TextDocumentOps.scala:201)
	at scala.meta.internal.pc.SemanticdbTextDocumentProvider.textDocument(SemanticdbTextDocumentProvider.scala:51)

abr 11, 2021 8:32:56 PM scala.meta.internal.pc.CompilerAccess handleError
SEVERE: file%3A%2F%2F%2FC%3A%2FUsers%2FFederico%2FExercism%2Fscala%2Farmstrong-numbers%2Fsrc%2Fmain%2Fscala%2FArmstrongNumbers.scala:3: error: illegal start of simple expression
}
^
file%3A%2F%2F%2FC%3A%2FUsers%2FFederico%2FExercism%2Fscala%2Farmstrong-numbers%2Fsrc%2Fmain%2Fscala%2FArmstrongNumbers.scala:3: error: illegal start of simple expression
}
^
	at scala.meta.internal.parsers.ScalametaParser.$anonfun$simpleExpr0$1(ScalametaParser.scala:2837)
	at scala.meta.internal.parsers.ScalametaParser.atPosTry(ScalametaParser.scala:826)
	at scala.meta.internal.parsers.ScalametaParser.autoPosTry(ScalametaParser.scala:836)
	at scala.meta.internal.parsers.ScalametaParser.simpleExpr0(ScalametaParser.scala:2789)
	at scala.meta.internal.parsers.ScalametaParser.simpleExpr(ScalametaParser.scala:2787)
	at scala.meta.internal.parsers.ScalametaParser.prefixExpr(ScalametaParser.scala:2771)
	at scala.meta.internal.parsers.ScalametaParser.postfixExpr(ScalametaParser.scala:2751)
	at scala.meta.internal.parsers.ScalametaParser.$anonfun$expr$14(ScalametaParser.scala:2328)
	at scala.meta.internal.parsers.ScalametaParser.atPos(ScalametaParser.scala:817)
	at scala.meta.internal.parsers.ScalametaParser.autoPos(ScalametaParser.scala:833)
	at scala.meta.internal.parsers.ScalametaParser.$anonfun$expr$2(ScalametaParser.scala:2328)
	at scala.meta.internal.parsers.ScalametaParser.atPos(ScalametaParser.scala:817)
	at scala.meta.internal.parsers.ScalametaParser.autoPos(ScalametaParser.scala:833)
	at scala.meta.internal.parsers.ScalametaParser.expr(ScalametaParser.scala:2214)
	at scala.meta.internal.parsers.ScalametaParser.expr(ScalametaParser.scala:2109)
	at scala.meta.internal.parsers.ScalametaParser.exprMaybeIndented(ScalametaParser.scala:2137)
	at scala.meta.internal.parsers.ScalametaParser.$anonfun$funDefRest$1(ScalametaParser.scala:4259)
	at scala.meta.internal.parsers.ScalametaParser.atPos(ScalametaParser.scala:817)
	at scala.meta.internal.parsers.ScalametaParser.funDefRest(ScalametaParser.scala:4201)
	at scala.meta.internal.parsers.ScalametaParser.funDefOrDclOrExtensionOrSecondaryCtor(ScalametaParser.scala:4130)
	at scala.meta.internal.parsers.ScalametaParser.defOrDclOrSecondaryCtor(ScalametaParser.scala:3983)
	at scala.meta.internal.parsers.ScalametaParser.nonLocalDefOrDcl(ScalametaParser.scala:3968)
	at scala.meta.internal.parsers.ScalametaParser$$anonfun$templateStat$1$1.applyOrElse(ScalametaParser.scala:4891)
	at scala.meta.internal.parsers.ScalametaParser$$anonfun$templateStat$1$1.applyOrElse(ScalametaParser.scala:4885)
	at scala.runtime.AbstractPartialFunction.apply(AbstractPartialFunction.scala:38)
	at scala.meta.internal.parsers.ScalametaParser.statSeq(ScalametaParser.scala:4829)
	at scala.meta.internal.parsers.ScalametaParser.templateStats(ScalametaParser.scala:4901)
	at scala.meta.internal.parsers.ScalametaParser.templateStatSeq(ScalametaParser.scala:4881)
	at scala.meta.internal.parsers.ScalametaParser.$anonfun$templateBody$1(ScalametaParser.scala:4730)
	at scala.meta.internal.parsers.ScalametaParser.inBraces(ScalametaParser.scala:729)
	at scala.meta.internal.parsers.ScalametaParser.templateBody(ScalametaParser.scala:4730)
	at scala.meta.internal.parsers.ScalametaParser.templateBodyOpt(ScalametaParser.scala:4738)
	at scala.meta.internal.parsers.ScalametaParser.templateOpt(ScalametaParser.scala:4723)
	at scala.meta.internal.parsers.ScalametaParser.$anonfun$objectDef$1(ScalametaParser.scala:4462)
	at scala.meta.internal.parsers.ScalametaParser.atPos(ScalametaParser.scala:817)
	at scala.meta.internal.parsers.ScalametaParser.objectDef(ScalametaParser.scala:4454)
	at scala.meta.internal.parsers.ScalametaParser.tmplDef(ScalametaParser.scala:4338)
	at scala.meta.internal.parsers.ScalametaParser.topLevelTmplDef(ScalametaParser.scala:4320)
	at scala.meta.internal.parsers.ScalametaParser$$anonfun$topStat$1.applyOrElse(ScalametaParser.scala:4851)
	at scala.meta.internal.parsers.ScalametaParser$$anonfun$topStat$1.applyOrElse(ScalametaParser.scala:4839)
	at scala.runtime.AbstractPartialFunction.apply(AbstractPartialFunction.scala:38)
	at scala.meta.internal.parsers.ScalametaParser.statSeq(ScalametaParser.scala:4829)
	at scala.meta.internal.parsers.ScalametaParser.topStatSeq(ScalametaParser.scala:4838)
	at scala.meta.internal.parsers.ScalametaParser.$anonfun$batchSource$1(ScalametaParser.scala:5052)
	at scala.meta.internal.parsers.ScalametaParser.atPos(ScalametaParser.scala:817)
	at scala.meta.internal.parsers.ScalametaParser.autoPos(ScalametaParser.scala:833)
	at scala.meta.internal.parsers.ScalametaParser.batchSource(ScalametaParser.scala:5018)
	at scala.meta.internal.parsers.ScalametaParser.$anonfun$source$1(ScalametaParser.scala:5001)
	at scala.meta.internal.parsers.ScalametaParser.atPos(ScalametaParser.scala:817)
	at scala.meta.internal.parsers.ScalametaParser.autoPos(ScalametaParser.scala:833)
	at scala.meta.internal.parsers.ScalametaParser.source(ScalametaParser.scala:5000)
	at scala.meta.internal.parsers.ScalametaParser.entrypointSource(ScalametaParser.scala:5006)
	at scala.meta.internal.parsers.ScalametaParser.$anonfun$parseSource$2(ScalametaParser.scala:142)
	at scala.meta.internal.parsers.ScalametaParser.parseRule(ScalametaParser.scala:52)
	at scala.meta.internal.parsers.ScalametaParser.parseSource(ScalametaParser.scala:142)
	at scala.meta.parsers.Parse$.$anonfun$parseSource$1(Parse.scala:29)
	at scala.meta.internal.parsers.ScalametaParser$$anon$257.apply(ScalametaParser.scala:5063)
	at scala.meta.parsers.Api$XtensionParseDialectInput.parse(Api.scala:25)
	at scala.meta.internal.semanticdb.scalac.ParseOps$XtensionCompilationUnitSource.toSource(ParseOps.scala:17)
	at scala.meta.internal.semanticdb.scalac.TextDocumentOps$XtensionCompilationUnitDocument.toTextDocument(TextDocumentOps.scala:201)
	at scala.meta.internal.pc.SemanticdbTextDocumentProvider.textDocument(SemanticdbTextDocumentProvider.scala:51)

abr 11, 2021 8:32:56 PM scala.meta.internal.pc.CompilerAccess handleError
SEVERE: file%3A%2F%2F%2FC%3A%2FUsers%2FFederico%2FExercism%2Fscala%2Farmstrong-numbers%2Fsrc%2Fmain%2Fscala%2FArmstrongNumbers.scala:3: error: illegal start of simple expression
}
^
file%3A%2F%2F%2FC%3A%2FUsers%2FFederico%2FExercism%2Fscala%2Farmstrong-numbers%2Fsrc%2Fmain%2Fscala%2FArmstrongNumbers.scala:3: error: illegal start of simple expression
}
^
	at scala.meta.internal.parsers.ScalametaParser.$anonfun$simpleExpr0$1(ScalametaParser.scala:2837)
	at scala.meta.internal.parsers.ScalametaParser.atPosTry(ScalametaParser.scala:826)
	at scala.meta.internal.parsers.ScalametaParser.autoPosTry(ScalametaParser.scala:836)
	at scala.meta.internal.parsers.ScalametaParser.simpleExpr0(ScalametaParser.scala:2789)
	at scala.meta.internal.parsers.ScalametaParser.simpleExpr(ScalametaParser.scala:2787)
	at scala.meta.internal.parsers.ScalametaParser.prefixExpr(ScalametaParser.scala:2771)
	at scala.meta.internal.parsers.ScalametaParser.postfixExpr(ScalametaParser.scala:2751)
	at scala.meta.internal.parsers.ScalametaParser.$anonfun$expr$14(ScalametaParser.scala:2328)
	at scala.meta.internal.parsers.ScalametaParser.atPos(ScalametaParser.scala:817)
	at scala.meta.internal.parsers.ScalametaParser.autoPos(ScalametaParser.scala:833)
	at scala.meta.internal.parsers.ScalametaParser.$anonfun$expr$2(ScalametaParser.scala:2328)
	at scala.meta.internal.parsers.ScalametaParser.atPos(ScalametaParser.scala:817)
	at scala.meta.internal.parsers.ScalametaParser.autoPos(ScalametaParser.scala:833)
	at scala.meta.internal.parsers.ScalametaParser.expr(ScalametaParser.scala:2214)
	at scala.meta.internal.parsers.ScalametaParser.expr(ScalametaParser.scala:2109)
	at scala.meta.internal.parsers.ScalametaParser.exprMaybeIndented(ScalametaParser.scala:2137)
	at scala.meta.internal.parsers.ScalametaParser.$anonfun$funDefRest$1(ScalametaParser.scala:4259)
	at scala.meta.internal.parsers.ScalametaParser.atPos(ScalametaParser.scala:817)
	at scala.meta.internal.parsers.ScalametaParser.funDefRest(ScalametaParser.scala:4201)
	at scala.meta.internal.parsers.ScalametaParser.funDefOrDclOrExtensionOrSecondaryCtor(ScalametaParser.scala:4130)
	at scala.meta.internal.parsers.ScalametaParser.defOrDclOrSecondaryCtor(ScalametaParser.scala:3983)
	at scala.meta.internal.parsers.ScalametaParser.nonLocalDefOrDcl(ScalametaParser.scala:3968)
	at scala.meta.internal.parsers.ScalametaParser$$anonfun$templateStat$1$1.applyOrElse(ScalametaParser.scala:4891)
	at scala.meta.internal.parsers.ScalametaParser$$anonfun$templateStat$1$1.applyOrElse(ScalametaParser.scala:4885)
	at scala.runtime.AbstractPartialFunction.apply(AbstractPartialFunction.scala:38)
	at scala.meta.internal.parsers.ScalametaParser.statSeq(ScalametaParser.scala:4829)
	at scala.meta.internal.parsers.ScalametaParser.templateStats(ScalametaParser.scala:4901)
	at scala.meta.internal.parsers.ScalametaParser.templateStatSeq(ScalametaParser.scala:4881)
	at scala.meta.internal.parsers.ScalametaParser.$anonfun$templateBody$1(ScalametaParser.scala:4730)
	at scala.meta.internal.parsers.ScalametaParser.inBraces(ScalametaParser.scala:729)
	at scala.meta.internal.parsers.ScalametaParser.templateBody(ScalametaParser.scala:4730)
	at scala.meta.internal.parsers.ScalametaParser.templateBodyOpt(ScalametaParser.scala:4738)
	at scala.meta.internal.parsers.ScalametaParser.templateOpt(ScalametaParser.scala:4723)
	at scala.meta.internal.parsers.ScalametaParser.$anonfun$objectDef$1(ScalametaParser.scala:4462)
	at scala.meta.internal.parsers.ScalametaParser.atPos(ScalametaParser.scala:817)
	at scala.meta.internal.parsers.ScalametaParser.objectDef(ScalametaParser.scala:4454)
	at scala.meta.internal.parsers.ScalametaParser.tmplDef(ScalametaParser.scala:4338)
	at scala.meta.internal.parsers.ScalametaParser.topLevelTmplDef(ScalametaParser.scala:4320)
	at scala.meta.internal.parsers.ScalametaParser$$anonfun$topStat$1.applyOrElse(ScalametaParser.scala:4851)
	at scala.meta.internal.parsers.ScalametaParser$$anonfun$topStat$1.applyOrElse(ScalametaParser.scala:4839)
	at scala.runtime.AbstractPartialFunction.apply(AbstractPartialFunction.scala:38)
	at scala.meta.internal.parsers.ScalametaParser.statSeq(ScalametaParser.scala:4829)
	at scala.meta.internal.parsers.ScalametaParser.topStatSeq(ScalametaParser.scala:4838)
	at scala.meta.internal.parsers.ScalametaParser.$anonfun$batchSource$1(ScalametaParser.scala:5052)
	at scala.meta.internal.parsers.ScalametaParser.atPos(ScalametaParser.scala:817)
	at scala.meta.internal.parsers.ScalametaParser.autoPos(ScalametaParser.scala:833)
	at scala.meta.internal.parsers.ScalametaParser.batchSource(ScalametaParser.scala:5018)
	at scala.meta.internal.parsers.ScalametaParser.$anonfun$source$1(ScalametaParser.scala:5001)
	at scala.meta.internal.parsers.ScalametaParser.atPos(ScalametaParser.scala:817)
	at scala.meta.internal.parsers.ScalametaParser.autoPos(ScalametaParser.scala:833)
	at scala.meta.internal.parsers.ScalametaParser.source(ScalametaParser.scala:5000)
	at scala.meta.internal.parsers.ScalametaParser.entrypointSource(ScalametaParser.scala:5006)
	at scala.meta.internal.parsers.ScalametaParser.$anonfun$parseSource$2(ScalametaParser.scala:142)
	at scala.meta.internal.parsers.ScalametaParser.parseRule(ScalametaParser.scala:52)
	at scala.meta.internal.parsers.ScalametaParser.parseSource(ScalametaParser.scala:142)
	at scala.meta.parsers.Parse$.$anonfun$parseSource$1(Parse.scala:29)
	at scala.meta.internal.parsers.ScalametaParser$$anon$257.apply(ScalametaParser.scala:5063)
	at scala.meta.parsers.Api$XtensionParseDialectInput.parse(Api.scala:25)
	at scala.meta.internal.semanticdb.scalac.ParseOps$XtensionCompilationUnitSource.toSource(ParseOps.scala:17)
	at scala.meta.internal.semanticdb.scalac.TextDocumentOps$XtensionCompilationUnitDocument.toTextDocument(TextDocumentOps.scala:201)
	at scala.meta.internal.pc.SemanticdbTextDocumentProvider.textDocument(SemanticdbTextDocumentProvider.scala:51)

[0m2021.04.11 20:32:56 WARN  no build target for: C:\Users\Federico\Exercism\scala\armstrong-numbers\src\main\scala\ArmstrongNumbers.scala[0m
[0m2021.04.12 17:43:28 INFO  Started: Metals version 0.10.1 in workspace 'C:\Users\Federico\Exercism\scala\armstrong-numbers' for client vscode 1.55.1.[0m
[0m2021.04.12 17:43:29 INFO  time: initialize in 0.3s[0m
[0m2021.04.12 17:43:33 WARN  Build server is not auto-connectable.[0m
[0m2021.04.12 17:43:33 WARN  no build target for: C:\Users\Federico\Exercism\scala\armstrong-numbers\src\main\scala\ArmstrongNumbers.scala[0m
[0m2021.04.12 17:43:33 INFO  skipping build import with status 'Requested'[0m
[0m2021.04.12 17:43:35 INFO  no build target: using presentation compiler with only scala-library: 2.12.13[0m
[0m2021.04.12 17:43:36 INFO  time: code lens generation in 2.6s[0m
[0m2021.04.12 17:43:36 INFO  time: code lens generation in 2.61s[0m
[0m2021.04.12 17:45:39 INFO  shutting down Metals[0m
